#
# There is insufficient memory for the Java Runtime Environment to continue.
# Native memory allocation (mmap) failed to map 763363328 bytes for committing reserved memory.
# Possible reasons:
#   The system is out of physical RAM or swap space
#   The process is running with CompressedOops enabled, and the Java Heap may be blocking the growth of the native heap
# Possible solutions:
#   Reduce memory load on the system
#   Increase physical memory or swap space
#   Check if swap backing store is full
#   Decrease Java heap size (-Xmx/-Xms)
#   Decrease number of Java threads
#   Decrease Java thread stack sizes (-Xss)
#   Set larger code cache with -XX:ReservedCodeCacheSize=
#   JVM is running with Zero Based Compressed Oops mode in which the Java heap is
#     placed in the first 32GB address space. The Java Heap base address is the
#     maximum limit for the native heap growth. Please use -XX:HeapBaseMinAddress
#     to set the Java Heap base and to place the Java Heap above 32GB virtual address.
# This output file may be truncated or incomplete.
#
#  Out of Memory Error (os_linux.cpp:2719), pid=25978, tid=25985
#
# JRE version: OpenJDK Runtime Environment (11.0.3+7) (build 11.0.3+7-Ubuntu-1ubuntu218.04.1)
# Java VM: OpenJDK 64-Bit Server VM (11.0.3+7-Ubuntu-1ubuntu218.04.1, mixed mode, sharing, tiered, compressed oops, g1 gc, linux-amd64)
# Core dump will be written. Default location: Core dumps may be processed with "/usr/share/apport/apport %p %s %c %d %P" (or dumping to /home/prasahnt/Desktop/handwriting/backend/utilities/core.25978)
#

---------------  S U M M A R Y ------------

Command Line: -Xmx4g edu.stanford.nlp.pipeline.StanfordCoreNLPServer -port 9048

Host: Intel(R) Core(TM) i5-6200U CPU @ 2.30GHz, 4 cores, 15G, Ubuntu 18.04.2 LTS
Time: Fri Jun  7 17:13:10 2019 IST elapsed time: 3 seconds (0d 0h 0m 3s)

---------------  T H R E A D  ---------------

Current thread (0x00007fe13c197800):  VMThread "VM Thread" [stack: 0x00007fe124576000,0x00007fe124676000] [id=25985]

Stack: [0x00007fe124576000,0x00007fe124676000],  sp=0x00007fe124673ff0,  free space=1015k
Native frames: (J=compiled Java code, A=aot compiled Java code, j=interpreted, Vv=VM code, C=native code)
V  [libjvm.so+0xde1587]
V  [libjvm.so+0xde21db]
V  [libjvm.so+0x650895]
V  [libjvm.so+0xbbc6c8]
V  [libjvm.so+0xbb3f2d]
V  [libjvm.so+0x76ea7f]
V  [libjvm.so+0x76ecee]
V  [libjvm.so+0x77ad60]
V  [libjvm.so+0x7f5e29]
V  [libjvm.so+0x7f6a82]
V  [libjvm.so+0x7f6ee9]
V  [libjvm.so+0x72d3af]
V  [libjvm.so+0x7320aa]
V  [libjvm.so+0xded011]
V  [libjvm.so+0xdebbd8]
V  [libjvm.so+0xde9466]
V  [libjvm.so+0xde992e]
V  [libjvm.so+0xde9d53]
V  [libjvm.so+0xd7805a]
V  [libjvm.so+0xbc238e]

VM_Operation (0x00007fe0cf8f06b0): G1CollectForAllocation, mode: safepoint, requested by thread 0x00007fe0c8113800


---------------  P R O C E S S  ---------------

Threads class SMR info:
_java_thread_list=0x00007fe0c8114bd0, length=14, elements={
0x00007fe13c19a800, 0x00007fe13c19c800, 0x00007fe13c1a2000, 0x00007fe13c1a4000,
0x00007fe13c1a6000, 0x00007fe13c1a8000, 0x00007fe13c1e7800, 0x00007fe13c1ec800,
0x00007fe13c38f800, 0x00007fe13c3eb000, 0x00007fe13c012000, 0x00007fe0d0006000,
0x00007fe0d0007800, 0x00007fe0c8113800
}

Java Threads: ( => current thread )
  0x00007fe13c19a800 JavaThread "Reference Handler" daemon [_thread_blocked, id=25986, stack(0x00007fe124473000,0x00007fe124574000)]
  0x00007fe13c19c800 JavaThread "Finalizer" daemon [_thread_blocked, id=25987, stack(0x00007fe124372000,0x00007fe124473000)]
  0x00007fe13c1a2000 JavaThread "Signal Dispatcher" daemon [_thread_blocked, id=25988, stack(0x00007fe124271000,0x00007fe124372000)]
  0x00007fe13c1a4000 JavaThread "C2 CompilerThread0" daemon [_thread_blocked, id=25989, stack(0x00007fe124170000,0x00007fe124271000)]
  0x00007fe13c1a6000 JavaThread "C1 CompilerThread0" daemon [_thread_blocked, id=25990, stack(0x00007fe12406f000,0x00007fe124170000)]
  0x00007fe13c1a8000 JavaThread "Sweeper thread" daemon [_thread_blocked, id=25991, stack(0x00007fe10cd30000,0x00007fe10ce31000)]
  0x00007fe13c1e7800 JavaThread "Service Thread" daemon [_thread_blocked, id=25992, stack(0x00007fe10cc2f000,0x00007fe10cd30000)]
  0x00007fe13c1ec800 JavaThread "Common-Cleaner" daemon [_thread_blocked, id=25994, stack(0x00007fe10ca2c000,0x00007fe10cb2d000)]
  0x00007fe13c38f800 JavaThread "server-timer" daemon [_thread_blocked, id=25995, stack(0x00007fe10c300000,0x00007fe10c401000)]
  0x00007fe13c3eb000 JavaThread "HTTP-Dispatcher" [_thread_in_native, id=25996, stack(0x00007fe10c1ff000,0x00007fe10c300000)]
  0x00007fe13c012000 JavaThread "DestroyJavaVM" [_thread_blocked, id=25979, stack(0x00007fe146251000,0x00007fe146352000)]
  0x00007fe0d0006000 JavaThread "pool-1-thread-1" [_thread_blocked, id=25997, stack(0x00007fe10c0fe000,0x00007fe10c1ff000)]
  0x00007fe0d0007800 JavaThread "pool-1-thread-2" [_thread_blocked, id=25998, stack(0x00007fe0cfeff000,0x00007fe0d0000000)]
  0x00007fe0c8113800 JavaThread "pool-2-thread-1" [_thread_blocked, id=26005, stack(0x00007fe0cf7f2000,0x00007fe0cf8f3000)]

Other Threads:
=>0x00007fe13c197800 VMThread "VM Thread" [stack: 0x00007fe124576000,0x00007fe124676000] [id=25985]
  0x00007fe13c1e9800 WatcherThread [stack: 0x00007fe10cb2f000,0x00007fe10cc2f000] [id=25993]
  0x00007fe13c028800 GCTaskThread "GC Thread#0" [stack: 0x00007fe14224c000,0x00007fe14234c000] [id=25980]
  0x00007fe104001000 GCTaskThread "GC Thread#1" [stack: 0x00007fe0cfdff000,0x00007fe0cfeff000] [id=25999]
  0x00007fe104002800 GCTaskThread "GC Thread#2" [stack: 0x00007fe0cfcfd000,0x00007fe0cfdfd000] [id=26000]
  0x00007fe104004000 GCTaskThread "GC Thread#3" [stack: 0x00007fe0cfbfb000,0x00007fe0cfcfb000] [id=26001]
  0x00007fe13c069000 ConcurrentGCThread "G1 Main Marker" [stack: 0x00007fe140546000,0x00007fe140646000] [id=25981]
  0x00007fe13c06a800 ConcurrentGCThread "G1 Conc#0" [stack: 0x00007fe140444000,0x00007fe140544000] [id=25982]
  0x00007fe13c15b000 ConcurrentGCThread "G1 Refine#0" [stack: 0x00007fe12487e000,0x00007fe12497e000] [id=25983]
  0x00007fe108003800 ConcurrentGCThread "G1 Refine#1" [stack: 0x00007fe0cfaf9000,0x00007fe0cfbf9000] [id=26002]
  0x00007fe0bc002000 ConcurrentGCThread "G1 Refine#2" [stack: 0x00007fe0cf9f7000,0x00007fe0cfaf7000] [id=26003]
  0x00007fe0b0001000 ConcurrentGCThread "G1 Refine#3" [stack: 0x00007fe0cf8f5000,0x00007fe0cf9f5000] [id=26004]
  0x00007fe13c15c800 ConcurrentGCThread "G1 Young RemSet Sampling" [stack: 0x00007fe12477c000,0x00007fe12487c000] [id=25984]

Threads with active compile tasks:
C2 CompilerThread01239 %     4       edu.stanford.nlp.sequences.ExactBestSequenceFinder::bestSequence @ 392 (1072 bytes)

VM state:at safepoint (normal execution)

VM Mutex/Monitor currently owned by a thread:  ([mutex/lock_event])
[0x00007fe13c00e630] Threads_lock - owner thread: 0x00007fe13c197800
[0x00007fe13c00ed80] Heap_lock - owner thread: 0x00007fe0c8113800

Heap address: 0x0000000700000000, size: 4096 MB, Compressed Oops mode: Zero based, Oop shift amount: 3
Narrow klass base: 0x0000000800000000, Narrow klass shift: 3
Compressed class space size: 1073741824 Address: 0x0000000840000000

Heap:
 garbage-first heap   total 1118208K, used 155772K [0x0000000700000000, 0x0000000800000000)
  region size 1024K, 6 young (6144K), 6 survivors (6144K)
 Metaspace       used 6488K, capacity 7881K, committed 8064K, reserved 1056768K
  class space    used 669K, capacity 839K, committed 896K, reserved 1048576K
Heap Regions: E=young(eden), S=young(survivor), O=old, HS=humongous(starts), HC=humongous(continues), CS=collection set, F=free, A=archive, TAMS=top-at-mark-start (previous, next)
|   0|0x0000000700000000, 0x0000000700100000, 0x0000000700100000|100%| O|  |TAMS 0x0000000700000000, 0x0000000700000000| Untracked 
|   1|0x0000000700100000, 0x0000000700200000, 0x0000000700200000|100%| O|  |TAMS 0x0000000700100000, 0x0000000700100000| Untracked 
|   2|0x0000000700200000, 0x0000000700300000, 0x0000000700300000|100%| O|  |TAMS 0x0000000700200000, 0x0000000700200000| Untracked 
|   3|0x0000000700300000, 0x0000000700400000, 0x0000000700400000|100%| O|  |TAMS 0x0000000700300000, 0x0000000700300000| Untracked 
|   4|0x0000000700400000, 0x0000000700500000, 0x0000000700500000|100%| O|  |TAMS 0x0000000700400000, 0x0000000700400000| Untracked 
|   5|0x0000000700500000, 0x0000000700600000, 0x0000000700600000|100%| O|  |TAMS 0x0000000700500000, 0x0000000700500000| Untracked 
|   6|0x0000000700600000, 0x0000000700700000, 0x0000000700700000|100%| O|  |TAMS 0x0000000700600000, 0x0000000700600000| Untracked 
|   7|0x0000000700700000, 0x0000000700800000, 0x0000000700800000|100%| O|  |TAMS 0x0000000700700000, 0x0000000700700000| Untracked 
|   8|0x0000000700800000, 0x0000000700900000, 0x0000000700900000|100%|HS|  |TAMS 0x0000000700800000, 0x0000000700800000| Complete 
|   9|0x0000000700900000, 0x0000000700a00000, 0x0000000700a00000|100%|HS|  |TAMS 0x0000000700900000, 0x0000000700900000| Complete 
|  10|0x0000000700a00000, 0x0000000700b00000, 0x0000000700b00000|100%|HC|  |TAMS 0x0000000700a00000, 0x0000000700a00000| Complete 
|  11|0x0000000700b00000, 0x0000000700c00000, 0x0000000700c00000|100%|HC|  |TAMS 0x0000000700b00000, 0x0000000700b00000| Complete 
|  12|0x0000000700c00000, 0x0000000700d00000, 0x0000000700d00000|100%|HC|  |TAMS 0x0000000700c00000, 0x0000000700c00000| Complete 
|  13|0x0000000700d00000, 0x0000000700e00000, 0x0000000700e00000|100%|HC|  |TAMS 0x0000000700d00000, 0x0000000700d00000| Complete 
|  14|0x0000000700e00000, 0x0000000700f00000, 0x0000000700f00000|100%| O|  |TAMS 0x0000000700e00000, 0x0000000700e00000| Untracked 
|  15|0x0000000700f00000, 0x0000000701000000, 0x0000000701000000|100%| O|  |TAMS 0x0000000700f00000, 0x0000000700f00000| Untracked 
|  16|0x0000000701000000, 0x0000000701100000, 0x0000000701100000|100%| O|  |TAMS 0x0000000701000000, 0x0000000701000000| Untracked 
|  17|0x0000000701100000, 0x0000000701200000, 0x0000000701200000|100%| O|  |TAMS 0x0000000701100000, 0x0000000701100000| Untracked 
|  18|0x0000000701200000, 0x0000000701300000, 0x0000000701300000|100%| O|  |TAMS 0x0000000701200000, 0x0000000701200000| Untracked 
|  19|0x0000000701300000, 0x0000000701400000, 0x0000000701400000|100%| O|  |TAMS 0x0000000701300000, 0x0000000701300000| Untracked 
|  20|0x0000000701400000, 0x0000000701500000, 0x0000000701500000|100%| O|  |TAMS 0x0000000701400000, 0x0000000701400000| Untracked 
|  21|0x0000000701500000, 0x0000000701600000, 0x0000000701600000|100%| O|  |TAMS 0x0000000701500000, 0x0000000701500000| Untracked 
|  22|0x0000000701600000, 0x0000000701700000, 0x0000000701700000|100%| O|  |TAMS 0x0000000701600000, 0x0000000701600000| Untracked 
|  23|0x0000000701700000, 0x0000000701800000, 0x0000000701800000|100%| O|  |TAMS 0x0000000701700000, 0x0000000701700000| Untracked 
|  24|0x0000000701800000, 0x0000000701900000, 0x0000000701900000|100%| O|  |TAMS 0x0000000701800000, 0x0000000701800000| Untracked 
|  25|0x0000000701900000, 0x0000000701a00000, 0x0000000701a00000|100%| O|  |TAMS 0x0000000701900000, 0x0000000701900000| Untracked 
|  26|0x0000000701a00000, 0x0000000701b00000, 0x0000000701b00000|100%| O|  |TAMS 0x0000000701a00000, 0x0000000701a00000| Untracked 
|  27|0x0000000701b00000, 0x0000000701c00000, 0x0000000701c00000|100%| O|  |TAMS 0x0000000701b00000, 0x0000000701b00000| Untracked 
|  28|0x0000000701c00000, 0x0000000701d00000, 0x0000000701d00000|100%| O|  |TAMS 0x0000000701c00000, 0x0000000701c00000| Untracked 
|  29|0x0000000701d00000, 0x0000000701e00000, 0x0000000701e00000|100%| O|  |TAMS 0x0000000701d00000, 0x0000000701d00000| Untracked 
|  30|0x0000000701e00000, 0x0000000701f00000, 0x0000000701f00000|100%|HS|  |TAMS 0x0000000701e00000, 0x0000000701e00000| Complete 
|  31|0x0000000701f00000, 0x0000000702000000, 0x0000000702000000|100%|HS|  |TAMS 0x0000000701f00000, 0x0000000701f00000| Complete 
|  32|0x0000000702000000, 0x0000000702100000, 0x0000000702100000|100%|HS|  |TAMS 0x0000000702000000, 0x0000000702000000| Complete 
|  33|0x0000000702100000, 0x0000000702200000, 0x0000000702200000|100%|HC|  |TAMS 0x0000000702100000, 0x0000000702100000| Complete 
|  34|0x0000000702200000, 0x0000000702300000, 0x0000000702300000|100%|HS|  |TAMS 0x0000000702200000, 0x0000000702200000| Complete 
|  35|0x0000000702300000, 0x0000000702400000, 0x0000000702400000|100%|HC|  |TAMS 0x0000000702300000, 0x0000000702300000| Complete 
|  36|0x0000000702400000, 0x0000000702500000, 0x0000000702500000|100%| O|  |TAMS 0x0000000702400000, 0x0000000702400000| Untracked 
|  37|0x0000000702500000, 0x0000000702600000, 0x0000000702600000|100%| O|  |TAMS 0x0000000702500000, 0x0000000702500000| Untracked 
|  38|0x0000000702600000, 0x0000000702700000, 0x0000000702700000|100%| O|  |TAMS 0x0000000702600000, 0x0000000702600000| Untracked 
|  39|0x0000000702700000, 0x0000000702800000, 0x0000000702800000|100%| O|  |TAMS 0x0000000702700000, 0x0000000702700000| Untracked 
|  40|0x0000000702800000, 0x0000000702900000, 0x0000000702900000|100%| O|  |TAMS 0x0000000702800000, 0x0000000702800000| Untracked 
|  41|0x0000000702900000, 0x0000000702a00000, 0x0000000702a00000|100%| O|  |TAMS 0x0000000702900000, 0x0000000702900000| Untracked 
|  42|0x0000000702a00000, 0x0000000702b00000, 0x0000000702b00000|100%| O|  |TAMS 0x0000000702a00000, 0x0000000702a00000| Untracked 
|  43|0x0000000702b00000, 0x0000000702c00000, 0x0000000702c00000|100%| O|  |TAMS 0x0000000702b00000, 0x0000000702b00000| Untracked 
|  44|0x0000000702c00000, 0x0000000702d00000, 0x0000000702d00000|100%| O|  |TAMS 0x0000000702c00000, 0x0000000702c00000| Untracked 
|  45|0x0000000702d00000, 0x0000000702e00000, 0x0000000702e00000|100%| O|  |TAMS 0x0000000702d00000, 0x0000000702d00000| Untracked 
|  46|0x0000000702e00000, 0x0000000702f00000, 0x0000000702f00000|100%| O|  |TAMS 0x0000000702e00000, 0x0000000702e00000| Untracked 
|  47|0x0000000702f00000, 0x0000000703000000, 0x0000000703000000|100%| O|  |TAMS 0x0000000702f00000, 0x0000000702f00000| Untracked 
|  48|0x0000000703000000, 0x0000000703100000, 0x0000000703100000|100%| O|  |TAMS 0x0000000703000000, 0x0000000703000000| Untracked 
|  49|0x0000000703100000, 0x0000000703200000, 0x0000000703200000|100%| O|  |TAMS 0x0000000703100000, 0x0000000703100000| Untracked 
|  50|0x0000000703200000, 0x0000000703300000, 0x0000000703300000|100%| O|  |TAMS 0x0000000703200000, 0x0000000703200000| Untracked 
|  51|0x0000000703300000, 0x0000000703400000, 0x0000000703400000|100%|HS|  |TAMS 0x0000000703300000, 0x0000000703300000| Complete 
|  52|0x0000000703400000, 0x0000000703500000, 0x0000000703500000|100%|HC|  |TAMS 0x0000000703400000, 0x0000000703400000| Complete 
|  53|0x0000000703500000, 0x0000000703600000, 0x0000000703600000|100%|HC|  |TAMS 0x0000000703500000, 0x0000000703500000| Complete 
|  54|0x0000000703600000, 0x0000000703700000, 0x0000000703700000|100%|HS|  |TAMS 0x0000000703600000, 0x0000000703600000| Complete 
|  55|0x0000000703700000, 0x0000000703800000, 0x0000000703800000|100%|HC|  |TAMS 0x0000000703700000, 0x0000000703700000| Complete 
|  56|0x0000000703800000, 0x0000000703900000, 0x0000000703900000|100%|HC|  |TAMS 0x0000000703800000, 0x0000000703800000| Complete 
|  57|0x0000000703900000, 0x0000000703a00000, 0x0000000703a00000|100%| O|  |TAMS 0x0000000703900000, 0x0000000703900000| Untracked 
|  58|0x0000000703a00000, 0x0000000703b00000, 0x0000000703b00000|100%| O|  |TAMS 0x0000000703a00000, 0x0000000703a00000| Untracked 
|  59|0x0000000703b00000, 0x0000000703c00000, 0x0000000703c00000|100%| O|  |TAMS 0x0000000703b00000, 0x0000000703b00000| Untracked 
|  60|0x0000000703c00000, 0x0000000703d00000, 0x0000000703d00000|100%| O|  |TAMS 0x0000000703c00000, 0x0000000703c00000| Untracked 
|  61|0x0000000703d00000, 0x0000000703e00000, 0x0000000703e00000|100%| O|  |TAMS 0x0000000703d00000, 0x0000000703d00000| Untracked 
|  62|0x0000000703e00000, 0x0000000703f00000, 0x0000000703f00000|100%| O|  |TAMS 0x0000000703e00000, 0x0000000703e00000| Untracked 
|  63|0x0000000703f00000, 0x0000000704000000, 0x0000000704000000|100%| O|  |TAMS 0x0000000703f00000, 0x0000000703f00000| Untracked 
|  64|0x0000000704000000, 0x0000000704100000, 0x0000000704100000|100%| O|  |TAMS 0x0000000704000000, 0x0000000704000000| Untracked 
|  65|0x0000000704100000, 0x0000000704200000, 0x0000000704200000|100%| O|  |TAMS 0x0000000704100000, 0x0000000704100000| Untracked 
|  66|0x0000000704200000, 0x0000000704300000, 0x0000000704300000|100%| O|  |TAMS 0x0000000704200000, 0x0000000704200000| Untracked 
|  67|0x0000000704300000, 0x0000000704400000, 0x0000000704400000|100%| O|  |TAMS 0x0000000704300000, 0x0000000704300000| Untracked 
|  68|0x0000000704400000, 0x0000000704500000, 0x0000000704500000|100%| O|  |TAMS 0x0000000704400000, 0x0000000704400000| Untracked 
|  69|0x0000000704500000, 0x0000000704600000, 0x0000000704600000|100%| O|  |TAMS 0x0000000704500000, 0x0000000704500000| Untracked 
|  70|0x0000000704600000, 0x0000000704700000, 0x0000000704700000|100%| O|  |TAMS 0x0000000704600000, 0x0000000704600000| Untracked 
|  71|0x0000000704700000, 0x0000000704800000, 0x0000000704800000|100%| O|  |TAMS 0x0000000704700000, 0x0000000704700000| Untracked 
|  72|0x0000000704800000, 0x0000000704900000, 0x0000000704900000|100%| O|  |TAMS 0x0000000704800000, 0x0000000704800000| Untracked 
|  73|0x0000000704900000, 0x0000000704a00000, 0x0000000704a00000|100%| O|  |TAMS 0x0000000704900000, 0x0000000704900000| Untracked 
|  74|0x0000000704a00000, 0x0000000704b00000, 0x0000000704b00000|100%| O|  |TAMS 0x0000000704a00000, 0x0000000704a00000| Untracked 
|  75|0x0000000704b00000, 0x0000000704c00000, 0x0000000704c00000|100%| O|  |TAMS 0x0000000704b00000, 0x0000000704b00000| Untracked 
|  76|0x0000000704c00000, 0x0000000704d00000, 0x0000000704d00000|100%| O|  |TAMS 0x0000000704c00000, 0x0000000704c00000| Untracked 
|  77|0x0000000704d00000, 0x0000000704e00000, 0x0000000704e00000|100%| O|  |TAMS 0x0000000704d00000, 0x0000000704d00000| Untracked 
|  78|0x0000000704e00000, 0x0000000704f00000, 0x0000000704f00000|100%| O|  |TAMS 0x0000000704e00000, 0x0000000704e00000| Untracked 
|  79|0x0000000704f00000, 0x0000000705000000, 0x0000000705000000|100%| O|  |TAMS 0x0000000704f00000, 0x0000000704f00000| Untracked 
|  80|0x0000000705000000, 0x0000000705100000, 0x0000000705100000|100%| O|  |TAMS 0x0000000705000000, 0x0000000705000000| Untracked 
|  81|0x0000000705100000, 0x0000000705200000, 0x0000000705200000|100%| O|  |TAMS 0x0000000705100000, 0x0000000705100000| Untracked 
|  82|0x0000000705200000, 0x0000000705300000, 0x0000000705300000|100%| O|  |TAMS 0x0000000705200000, 0x0000000705200000| Untracked 
|  83|0x0000000705300000, 0x0000000705400000, 0x0000000705400000|100%|HS|  |TAMS 0x0000000705300000, 0x0000000705300000| Complete 
|  84|0x0000000705400000, 0x0000000705500000, 0x0000000705500000|100%|HC|  |TAMS 0x0000000705400000, 0x0000000705400000| Complete 
|  85|0x0000000705500000, 0x0000000705600000, 0x0000000705600000|100%|HS|  |TAMS 0x0000000705500000, 0x0000000705500000| Complete 
|  86|0x0000000705600000, 0x0000000705700000, 0x0000000705700000|100%|HC|  |TAMS 0x0000000705600000, 0x0000000705600000| Complete 
|  87|0x0000000705700000, 0x0000000705800000, 0x0000000705800000|100%|HC|  |TAMS 0x0000000705700000, 0x0000000705700000| Complete 
|  88|0x0000000705800000, 0x0000000705900000, 0x0000000705900000|100%|HC|  |TAMS 0x0000000705800000, 0x0000000705800000| Complete 
|  89|0x0000000705900000, 0x0000000705a00000, 0x0000000705a00000|100%|HC|  |TAMS 0x0000000705900000, 0x0000000705900000| Complete 
|  90|0x0000000705a00000, 0x0000000705b00000, 0x0000000705b00000|100%|HC|  |TAMS 0x0000000705a00000, 0x0000000705a00000| Complete 
|  91|0x0000000705b00000, 0x0000000705c00000, 0x0000000705c00000|100%|HS|  |TAMS 0x0000000705b00000, 0x0000000705b00000| Complete 
|  92|0x0000000705c00000, 0x0000000705d00000, 0x0000000705d00000|100%|HC|  |TAMS 0x0000000705c00000, 0x0000000705c00000| Complete 
|  93|0x0000000705d00000, 0x0000000705e00000, 0x0000000705e00000|100%|HC|  |TAMS 0x0000000705d00000, 0x0000000705d00000| Complete 
|  94|0x0000000705e00000, 0x0000000705f00000, 0x0000000705f00000|100%|HC|  |TAMS 0x0000000705e00000, 0x0000000705e00000| Complete 
|  95|0x0000000705f00000, 0x0000000706000000, 0x0000000706000000|100%|HC|  |TAMS 0x0000000705f00000, 0x0000000705f00000| Complete 
|  96|0x0000000706000000, 0x0000000706100000, 0x0000000706100000|100%|HC|  |TAMS 0x0000000706000000, 0x0000000706000000| Complete 
|  97|0x0000000706100000, 0x0000000706200000, 0x0000000706200000|100%| O|  |TAMS 0x0000000706100000, 0x0000000706100000| Untracked 
|  98|0x0000000706200000, 0x0000000706300000, 0x0000000706300000|100%| O|  |TAMS 0x0000000706200000, 0x0000000706200000| Untracked 
|  99|0x0000000706300000, 0x0000000706400000, 0x0000000706400000|100%| O|  |TAMS 0x0000000706300000, 0x0000000706300000| Untracked 
| 100|0x0000000706400000, 0x0000000706500000, 0x0000000706500000|100%| O|  |TAMS 0x0000000706400000, 0x0000000706400000| Untracked 
| 101|0x0000000706500000, 0x0000000706600000, 0x0000000706600000|100%| O|  |TAMS 0x0000000706500000, 0x0000000706500000| Untracked 
| 102|0x0000000706600000, 0x0000000706700000, 0x0000000706700000|100%| O|  |TAMS 0x0000000706600000, 0x0000000706600000| Untracked 
| 103|0x0000000706700000, 0x0000000706800000, 0x0000000706800000|100%| O|  |TAMS 0x0000000706700000, 0x0000000706700000| Untracked 
| 104|0x0000000706800000, 0x0000000706900000, 0x0000000706900000|100%| O|  |TAMS 0x0000000706800000, 0x0000000706800000| Untracked 
| 105|0x0000000706900000, 0x0000000706a00000, 0x0000000706a00000|100%| O|  |TAMS 0x0000000706900000, 0x0000000706900000| Untracked 
| 106|0x0000000706a00000, 0x0000000706b00000, 0x0000000706b00000|100%| O|  |TAMS 0x0000000706a00000, 0x0000000706a00000| Untracked 
| 107|0x0000000706b00000, 0x0000000706c00000, 0x0000000706c00000|100%| O|  |TAMS 0x0000000706b00000, 0x0000000706b00000| Untracked 
| 108|0x0000000706c00000, 0x0000000706d00000, 0x0000000706d00000|100%| O|  |TAMS 0x0000000706c00000, 0x0000000706c00000| Untracked 
| 109|0x0000000706d00000, 0x0000000706e00000, 0x0000000706e00000|100%| O|  |TAMS 0x0000000706d00000, 0x0000000706d00000| Untracked 
| 110|0x0000000706e00000, 0x0000000706f00000, 0x0000000706f00000|100%| O|  |TAMS 0x0000000706e00000, 0x0000000706e00000| Untracked 
| 111|0x0000000706f00000, 0x0000000707000000, 0x0000000707000000|100%| O|  |TAMS 0x0000000706f00000, 0x0000000706f00000| Untracked 
| 112|0x0000000707000000, 0x0000000707100000, 0x0000000707100000|100%| O|  |TAMS 0x0000000707000000, 0x0000000707000000| Untracked 
| 113|0x0000000707100000, 0x0000000707200000, 0x0000000707200000|100%| O|  |TAMS 0x0000000707100000, 0x0000000707100000| Untracked 
| 114|0x0000000707200000, 0x0000000707300000, 0x0000000707300000|100%| O|  |TAMS 0x0000000707200000, 0x0000000707200000| Untracked 
| 115|0x0000000707300000, 0x0000000707400000, 0x0000000707400000|100%| O|  |TAMS 0x0000000707300000, 0x0000000707300000| Untracked 
| 116|0x0000000707400000, 0x0000000707500000, 0x0000000707500000|100%| O|  |TAMS 0x0000000707400000, 0x0000000707400000| Untracked 
| 117|0x0000000707500000, 0x0000000707600000, 0x0000000707600000|100%| O|  |TAMS 0x0000000707500000, 0x0000000707500000| Untracked 
| 118|0x0000000707600000, 0x0000000707700000, 0x0000000707700000|100%| O|  |TAMS 0x0000000707600000, 0x0000000707600000| Untracked 
| 119|0x0000000707700000, 0x0000000707800000, 0x0000000707800000|100%| O|  |TAMS 0x0000000707700000, 0x0000000707700000| Untracked 
| 120|0x0000000707800000, 0x0000000707900000, 0x0000000707900000|100%| O|  |TAMS 0x0000000707800000, 0x0000000707800000| Untracked 
| 121|0x0000000707900000, 0x0000000707a00000, 0x0000000707a00000|100%| O|  |TAMS 0x0000000707900000, 0x0000000707900000| Untracked 
| 122|0x0000000707a00000, 0x0000000707b00000, 0x0000000707b00000|100%| O|  |TAMS 0x0000000707a00000, 0x0000000707a00000| Untracked 
| 123|0x0000000707b00000, 0x0000000707b00000, 0x0000000707c00000|  0%| F|  |TAMS 0x0000000707b00000, 0x0000000707b00000| Untracked 
| 124|0x0000000707c00000, 0x0000000707c00000, 0x0000000707d00000|  0%| F|  |TAMS 0x0000000707c00000, 0x0000000707c00000| Untracked 
| 125|0x0000000707d00000, 0x0000000707d00000, 0x0000000707e00000|  0%| F|  |TAMS 0x0000000707d00000, 0x0000000707d00000| Untracked 
| 126|0x0000000707e00000, 0x0000000707e00000, 0x0000000707f00000|  0%| F|  |TAMS 0x0000000707e00000, 0x0000000707e00000| Untracked 
| 127|0x0000000707f00000, 0x0000000707f00000, 0x0000000708000000|  0%| F|  |TAMS 0x0000000707f00000, 0x0000000707f00000| Untracked 
| 128|0x0000000708000000, 0x0000000708000000, 0x0000000708100000|  0%| F|  |TAMS 0x0000000708000000, 0x0000000708000000| Untracked 
| 129|0x0000000708100000, 0x0000000708200000, 0x0000000708200000|100%|HS|  |TAMS 0x0000000708100000, 0x0000000708100000| Complete 
| 130|0x0000000708200000, 0x0000000708300000, 0x0000000708300000|100%|HC|  |TAMS 0x0000000708200000, 0x0000000708200000| Complete 
| 131|0x0000000708300000, 0x0000000708400000, 0x0000000708400000|100%|HC|  |TAMS 0x0000000708300000, 0x0000000708300000| Complete 
| 132|0x0000000708400000, 0x0000000708500000, 0x0000000708500000|100%|HS|  |TAMS 0x0000000708400000, 0x0000000708400000| Complete 
| 133|0x0000000708500000, 0x0000000708600000, 0x0000000708600000|100%|HC|  |TAMS 0x0000000708500000, 0x0000000708500000| Complete 
| 134|0x0000000708600000, 0x0000000708700000, 0x0000000708700000|100%|HC|  |TAMS 0x0000000708600000, 0x0000000708600000| Complete 
| 135|0x0000000708700000, 0x0000000708800000, 0x0000000708800000|100%|HC|  |TAMS 0x0000000708700000, 0x0000000708700000| Complete 
| 136|0x0000000708800000, 0x0000000708900000, 0x0000000708900000|100%|HC|  |TAMS 0x0000000708800000, 0x0000000708800000| Complete 
| 137|0x0000000708900000, 0x0000000708a00000, 0x0000000708a00000|100%|HC|  |TAMS 0x0000000708900000, 0x0000000708900000| Complete 
| 138|0x0000000708a00000, 0x0000000708b00000, 0x0000000708b00000|100%|HC|  |TAMS 0x0000000708a00000, 0x0000000708a00000| Complete 
| 139|0x0000000708b00000, 0x0000000708c00000, 0x0000000708c00000|100%| O|  |TAMS 0x0000000708b00000, 0x0000000708b00000| Untracked 
| 140|0x0000000708c00000, 0x0000000708d00000, 0x0000000708d00000|100%| O|  |TAMS 0x0000000708c00000, 0x0000000708c00000| Untracked 
| 141|0x0000000708d00000, 0x0000000708e00000, 0x0000000708e00000|100%| O|  |TAMS 0x0000000708d00000, 0x0000000708d00000| Untracked 
| 142|0x0000000708e00000, 0x0000000708f00000, 0x0000000708f00000|100%| O|  |TAMS 0x0000000708e00000, 0x0000000708e00000| Untracked 
| 143|0x0000000708f00000, 0x0000000709000000, 0x0000000709000000|100%| O|  |TAMS 0x0000000708f00000, 0x0000000708f00000| Untracked 
| 144|0x0000000709000000, 0x0000000709100000, 0x0000000709100000|100%| O|  |TAMS 0x0000000709000000, 0x0000000709000000| Untracked 
| 145|0x0000000709100000, 0x0000000709200000, 0x0000000709200000|100%| O|  |TAMS 0x0000000709100000, 0x0000000709100000| Untracked 
| 146|0x0000000709200000, 0x0000000709300000, 0x0000000709300000|100%| O|  |TAMS 0x0000000709200000, 0x0000000709200000| Untracked 
| 147|0x0000000709300000, 0x0000000709400000, 0x0000000709400000|100%| O|  |TAMS 0x0000000709300000, 0x0000000709300000| Untracked 
| 148|0x0000000709400000, 0x0000000709500000, 0x0000000709500000|100%| O|  |TAMS 0x0000000709400000, 0x0000000709400000| Untracked 
| 149|0x0000000709500000, 0x0000000709600000, 0x0000000709600000|100%| O|  |TAMS 0x0000000709500000, 0x0000000709500000| Untracked 
| 150|0x0000000709600000, 0x0000000709700000, 0x0000000709700000|100%| O|  |TAMS 0x0000000709600000, 0x0000000709600000| Untracked 
| 151|0x0000000709700000, 0x0000000709780000, 0x0000000709800000| 50%| O|  |TAMS 0x0000000709700000, 0x0000000709700000| Untracked 
| 152|0x0000000709800000, 0x0000000709800000, 0x0000000709900000|  0%| F|  |TAMS 0x0000000709800000, 0x0000000709800000| Untracked 
| 153|0x0000000709900000, 0x0000000709900000, 0x0000000709a00000|  0%| F|  |TAMS 0x0000000709900000, 0x0000000709900000| Untracked 
| 154|0x0000000709a00000, 0x0000000709a00000, 0x0000000709b00000|  0%| F|  |TAMS 0x0000000709a00000, 0x0000000709a00000| Untracked 
| 155|0x0000000709b00000, 0x0000000709b00000, 0x0000000709c00000|  0%| F|  |TAMS 0x0000000709b00000, 0x0000000709b00000| Untracked 
| 156|0x0000000709c00000, 0x0000000709c00000, 0x0000000709d00000|  0%| F|  |TAMS 0x0000000709c00000, 0x0000000709c00000| Untracked 
| 157|0x0000000709d00000, 0x0000000709d00000, 0x0000000709e00000|  0%| F|  |TAMS 0x0000000709d00000, 0x0000000709d00000| Untracked 
| 158|0x0000000709e00000, 0x0000000709e00000, 0x0000000709f00000|  0%| F|  |TAMS 0x0000000709e00000, 0x0000000709e00000| Untracked 
| 159|0x0000000709f00000, 0x0000000709f00000, 0x000000070a000000|  0%| F|  |TAMS 0x0000000709f00000, 0x0000000709f00000| Untracked 
| 160|0x000000070a000000, 0x000000070a000000, 0x000000070a100000|  0%| F|  |TAMS 0x000000070a000000, 0x000000070a000000| Untracked 
| 161|0x000000070a100000, 0x000000070a100000, 0x000000070a200000|  0%| F|  |TAMS 0x000000070a100000, 0x000000070a100000| Untracked 
| 162|0x000000070a200000, 0x000000070a200000, 0x000000070a300000|  0%| F|  |TAMS 0x000000070a200000, 0x000000070a200000| Untracked 
| 163|0x000000070a300000, 0x000000070a300000, 0x000000070a400000|  0%| F|  |TAMS 0x000000070a300000, 0x000000070a300000| Untracked 
| 164|0x000000070a400000, 0x000000070a400000, 0x000000070a500000|  0%| F|  |TAMS 0x000000070a400000, 0x000000070a400000| Untracked 
| 165|0x000000070a500000, 0x000000070a500000, 0x000000070a600000|  0%| F|  |TAMS 0x000000070a500000, 0x000000070a500000| Untracked 
| 166|0x000000070a600000, 0x000000070a600000, 0x000000070a700000|  0%| F|  |TAMS 0x000000070a600000, 0x000000070a600000| Untracked 
| 167|0x000000070a700000, 0x000000070a700000, 0x000000070a800000|  0%| F|  |TAMS 0x000000070a700000, 0x000000070a700000| Untracked 
| 168|0x000000070a800000, 0x000000070a800000, 0x000000070a900000|  0%| F|  |TAMS 0x000000070a800000, 0x000000070a800000| Untracked 
| 169|0x000000070a900000, 0x000000070a900000, 0x000000070aa00000|  0%| F|  |TAMS 0x000000070a900000, 0x000000070a900000| Untracked 
| 170|0x000000070aa00000, 0x000000070aa00000, 0x000000070ab00000|  0%| F|  |TAMS 0x000000070aa00000, 0x000000070aa00000| Untracked 
| 171|0x000000070ab00000, 0x000000070ab00000, 0x000000070ac00000|  0%| F|  |TAMS 0x000000070ab00000, 0x000000070ab00000| Untracked 
| 172|0x000000070ac00000, 0x000000070ac00000, 0x000000070ad00000|  0%| F|  |TAMS 0x000000070ac00000, 0x000000070ac00000| Untracked 
| 173|0x000000070ad00000, 0x000000070ad00000, 0x000000070ae00000|  0%| F|  |TAMS 0x000000070ad00000, 0x000000070ad00000| Untracked 
| 174|0x000000070ae00000, 0x000000070ae00000, 0x000000070af00000|  0%| F|  |TAMS 0x000000070ae00000, 0x000000070ae00000| Untracked 
| 175|0x000000070af00000, 0x000000070af00000, 0x000000070b000000|  0%| F|  |TAMS 0x000000070af00000, 0x000000070af00000| Untracked 
| 176|0x000000070b000000, 0x000000070b000000, 0x000000070b100000|  0%| F|  |TAMS 0x000000070b000000, 0x000000070b000000| Untracked 
| 177|0x000000070b100000, 0x000000070b100000, 0x000000070b200000|  0%| F|  |TAMS 0x000000070b100000, 0x000000070b100000| Untracked 
| 178|0x000000070b200000, 0x000000070b200000, 0x000000070b300000|  0%| F|  |TAMS 0x000000070b200000, 0x000000070b200000| Untracked 
| 179|0x000000070b300000, 0x000000070b300000, 0x000000070b400000|  0%| F|  |TAMS 0x000000070b300000, 0x000000070b300000| Untracked 
| 180|0x000000070b400000, 0x000000070b400000, 0x000000070b500000|  0%| F|  |TAMS 0x000000070b400000, 0x000000070b400000| Untracked 
| 181|0x000000070b500000, 0x000000070b500000, 0x000000070b600000|  0%| F|  |TAMS 0x000000070b500000, 0x000000070b500000| Untracked 
| 182|0x000000070b600000, 0x000000070b600000, 0x000000070b700000|  0%| F|  |TAMS 0x000000070b600000, 0x000000070b600000| Untracked 
| 183|0x000000070b700000, 0x000000070b700000, 0x000000070b800000|  0%| F|  |TAMS 0x000000070b700000, 0x000000070b700000| Untracked 
| 184|0x000000070b800000, 0x000000070b800000, 0x000000070b900000|  0%| F|  |TAMS 0x000000070b800000, 0x000000070b800000| Untracked 
| 185|0x000000070b900000, 0x000000070b900000, 0x000000070ba00000|  0%| F|  |TAMS 0x000000070b900000, 0x000000070b900000| Untracked 
| 186|0x000000070ba00000, 0x000000070ba00000, 0x000000070bb00000|  0%| F|  |TAMS 0x000000070ba00000, 0x000000070ba00000| Untracked 
| 187|0x000000070bb00000, 0x000000070bb00000, 0x000000070bc00000|  0%| F|  |TAMS 0x000000070bb00000, 0x000000070bb00000| Untracked 
| 188|0x000000070bc00000, 0x000000070bc00000, 0x000000070bd00000|  0%| F|  |TAMS 0x000000070bc00000, 0x000000070bc00000| Untracked 
| 189|0x000000070bd00000, 0x000000070bd00000, 0x000000070be00000|  0%| F|  |TAMS 0x000000070bd00000, 0x000000070bd00000| Untracked 
| 190|0x000000070be00000, 0x000000070be00000, 0x000000070bf00000|  0%| F|  |TAMS 0x000000070be00000, 0x000000070be00000| Untracked 
| 191|0x000000070bf00000, 0x000000070bf00000, 0x000000070c000000|  0%| F|  |TAMS 0x000000070bf00000, 0x000000070bf00000| Untracked 
| 192|0x000000070c000000, 0x000000070c000000, 0x000000070c100000|  0%| F|  |TAMS 0x000000070c000000, 0x000000070c000000| Untracked 
| 193|0x000000070c100000, 0x000000070c100000, 0x000000070c200000|  0%| F|  |TAMS 0x000000070c100000, 0x000000070c100000| Untracked 
| 194|0x000000070c200000, 0x000000070c200000, 0x000000070c300000|  0%| F|  |TAMS 0x000000070c200000, 0x000000070c200000| Untracked 
| 195|0x000000070c300000, 0x000000070c300000, 0x000000070c400000|  0%| F|  |TAMS 0x000000070c300000, 0x000000070c300000| Untracked 
| 196|0x000000070c400000, 0x000000070c400000, 0x000000070c500000|  0%| F|  |TAMS 0x000000070c400000, 0x000000070c400000| Untracked 
| 197|0x000000070c500000, 0x000000070c500000, 0x000000070c600000|  0%| F|  |TAMS 0x000000070c500000, 0x000000070c500000| Untracked 
| 198|0x000000070c600000, 0x000000070c600000, 0x000000070c700000|  0%| F|  |TAMS 0x000000070c600000, 0x000000070c600000| Untracked 
| 199|0x000000070c700000, 0x000000070c700000, 0x000000070c800000|  0%| F|  |TAMS 0x000000070c700000, 0x000000070c700000| Untracked 
| 200|0x000000070c800000, 0x000000070c800000, 0x000000070c900000|  0%| F|  |TAMS 0x000000070c800000, 0x000000070c800000| Untracked 
| 201|0x000000070c900000, 0x000000070c900000, 0x000000070ca00000|  0%| F|  |TAMS 0x000000070c900000, 0x000000070c900000| Untracked 
| 202|0x000000070ca00000, 0x000000070ca00000, 0x000000070cb00000|  0%| F|  |TAMS 0x000000070ca00000, 0x000000070ca00000| Untracked 
| 203|0x000000070cb00000, 0x000000070cb00000, 0x000000070cc00000|  0%| F|  |TAMS 0x000000070cb00000, 0x000000070cb00000| Untracked 
| 204|0x000000070cc00000, 0x000000070cc00000, 0x000000070cd00000|  0%| F|  |TAMS 0x000000070cc00000, 0x000000070cc00000| Untracked 
| 205|0x000000070cd00000, 0x000000070cd00000, 0x000000070ce00000|  0%| F|  |TAMS 0x000000070cd00000, 0x000000070cd00000| Untracked 
| 206|0x000000070ce00000, 0x000000070ce00000, 0x000000070cf00000|  0%| F|  |TAMS 0x000000070ce00000, 0x000000070ce00000| Untracked 
| 207|0x000000070cf00000, 0x000000070cf00000, 0x000000070d000000|  0%| F|  |TAMS 0x000000070cf00000, 0x000000070cf00000| Untracked 
| 208|0x000000070d000000, 0x000000070d000000, 0x000000070d100000|  0%| F|  |TAMS 0x000000070d000000, 0x000000070d000000| Untracked 
| 209|0x000000070d100000, 0x000000070d100000, 0x000000070d200000|  0%| F|  |TAMS 0x000000070d100000, 0x000000070d100000| Untracked 
| 210|0x000000070d200000, 0x000000070d200000, 0x000000070d300000|  0%| F|  |TAMS 0x000000070d200000, 0x000000070d200000| Untracked 
| 211|0x000000070d300000, 0x000000070d300000, 0x000000070d400000|  0%| F|  |TAMS 0x000000070d300000, 0x000000070d300000| Untracked 
| 212|0x000000070d400000, 0x000000070d400000, 0x000000070d500000|  0%| F|  |TAMS 0x000000070d400000, 0x000000070d400000| Untracked 
| 213|0x000000070d500000, 0x000000070d500000, 0x000000070d600000|  0%| F|  |TAMS 0x000000070d500000, 0x000000070d500000| Untracked 
| 214|0x000000070d600000, 0x000000070d600000, 0x000000070d700000|  0%| F|  |TAMS 0x000000070d600000, 0x000000070d600000| Untracked 
| 215|0x000000070d700000, 0x000000070d700000, 0x000000070d800000|  0%| F|  |TAMS 0x000000070d700000, 0x000000070d700000| Untracked 
| 216|0x000000070d800000, 0x000000070d800000, 0x000000070d900000|  0%| F|  |TAMS 0x000000070d800000, 0x000000070d800000| Untracked 
| 217|0x000000070d900000, 0x000000070d900000, 0x000000070da00000|  0%| F|  |TAMS 0x000000070d900000, 0x000000070d900000| Untracked 
| 218|0x000000070da00000, 0x000000070da00000, 0x000000070db00000|  0%| F|  |TAMS 0x000000070da00000, 0x000000070da00000| Untracked 
| 219|0x000000070db00000, 0x000000070db00000, 0x000000070dc00000|  0%| F|  |TAMS 0x000000070db00000, 0x000000070db00000| Untracked 
| 220|0x000000070dc00000, 0x000000070dc00000, 0x000000070dd00000|  0%| F|  |TAMS 0x000000070dc00000, 0x000000070dc00000| Untracked 
| 221|0x000000070dd00000, 0x000000070dd00000, 0x000000070de00000|  0%| F|  |TAMS 0x000000070dd00000, 0x000000070dd00000| Untracked 
| 222|0x000000070de00000, 0x000000070de00000, 0x000000070df00000|  0%| F|  |TAMS 0x000000070de00000, 0x000000070de00000| Untracked 
| 223|0x000000070df00000, 0x000000070df00000, 0x000000070e000000|  0%| F|  |TAMS 0x000000070df00000, 0x000000070df00000| Untracked 
| 224|0x000000070e000000, 0x000000070e000000, 0x000000070e100000|  0%| F|  |TAMS 0x000000070e000000, 0x000000070e000000| Untracked 
| 225|0x000000070e100000, 0x000000070e100000, 0x000000070e200000|  0%| F|  |TAMS 0x000000070e100000, 0x000000070e100000| Untracked 
| 226|0x000000070e200000, 0x000000070e200000, 0x000000070e300000|  0%| F|  |TAMS 0x000000070e200000, 0x000000070e200000| Untracked 
| 227|0x000000070e300000, 0x000000070e300000, 0x000000070e400000|  0%| F|  |TAMS 0x000000070e300000, 0x000000070e300000| Untracked 
| 228|0x000000070e400000, 0x000000070e400000, 0x000000070e500000|  0%| F|  |TAMS 0x000000070e400000, 0x000000070e400000| Untracked 
| 229|0x000000070e500000, 0x000000070e500000, 0x000000070e600000|  0%| F|  |TAMS 0x000000070e500000, 0x000000070e500000| Untracked 
| 230|0x000000070e600000, 0x000000070e600000, 0x000000070e700000|  0%| F|  |TAMS 0x000000070e600000, 0x000000070e600000| Untracked 
| 231|0x000000070e700000, 0x000000070e700000, 0x000000070e800000|  0%| F|  |TAMS 0x000000070e700000, 0x000000070e700000| Untracked 
| 232|0x000000070e800000, 0x000000070e800000, 0x000000070e900000|  0%| F|  |TAMS 0x000000070e800000, 0x000000070e800000| Untracked 
| 233|0x000000070e900000, 0x000000070e900000, 0x000000070ea00000|  0%| F|  |TAMS 0x000000070e900000, 0x000000070e900000| Untracked 
| 234|0x000000070ea00000, 0x000000070ea00000, 0x000000070eb00000|  0%| F|  |TAMS 0x000000070ea00000, 0x000000070ea00000| Untracked 
| 235|0x000000070eb00000, 0x000000070eb00000, 0x000000070ec00000|  0%| F|  |TAMS 0x000000070eb00000, 0x000000070eb00000| Untracked 
| 236|0x000000070ec00000, 0x000000070ec00000, 0x000000070ed00000|  0%| F|  |TAMS 0x000000070ec00000, 0x000000070ec00000| Untracked 
| 237|0x000000070ed00000, 0x000000070ed00000, 0x000000070ee00000|  0%| F|  |TAMS 0x000000070ed00000, 0x000000070ed00000| Untracked 
| 238|0x000000070ee00000, 0x000000070ee00000, 0x000000070ef00000|  0%| F|  |TAMS 0x000000070ee00000, 0x000000070ee00000| Untracked 
| 239|0x000000070ef00000, 0x000000070ef00000, 0x000000070f000000|  0%| F|  |TAMS 0x000000070ef00000, 0x000000070ef00000| Untracked 
| 240|0x000000070f000000, 0x000000070f000000, 0x000000070f100000|  0%| F|  |TAMS 0x000000070f000000, 0x000000070f000000| Untracked 
| 241|0x000000070f100000, 0x000000070f100000, 0x000000070f200000|  0%| F|  |TAMS 0x000000070f100000, 0x000000070f100000| Untracked 
| 242|0x000000070f200000, 0x000000070f200000, 0x000000070f300000|  0%| F|  |TAMS 0x000000070f200000, 0x000000070f200000| Untracked 
| 243|0x000000070f300000, 0x000000070f300000, 0x000000070f400000|  0%| F|  |TAMS 0x000000070f300000, 0x000000070f300000| Untracked 
| 244|0x000000070f400000, 0x000000070f400000, 0x000000070f500000|  0%| F|  |TAMS 0x000000070f400000, 0x000000070f400000| Untracked 
| 245|0x000000070f500000, 0x000000070f500000, 0x000000070f600000|  0%| F|  |TAMS 0x000000070f500000, 0x000000070f500000| Untracked 
| 246|0x000000070f600000, 0x000000070f600000, 0x000000070f700000|  0%| F|  |TAMS 0x000000070f600000, 0x000000070f600000| Untracked 
| 247|0x000000070f700000, 0x000000070f700000, 0x000000070f800000|  0%| F|  |TAMS 0x000000070f700000, 0x000000070f700000| Untracked 
| 248|0x000000070f800000, 0x000000070f800000, 0x000000070f900000|  0%| F|  |TAMS 0x000000070f800000, 0x000000070f800000| Untracked 
| 249|0x000000070f900000, 0x000000070f900000, 0x000000070fa00000|  0%| F|  |TAMS 0x000000070f900000, 0x000000070f900000| Untracked 
| 250|0x000000070fa00000, 0x000000070fa00000, 0x000000070fb00000|  0%| F|  |TAMS 0x000000070fa00000, 0x000000070fa00000| Untracked 
| 251|0x000000070fb00000, 0x000000070fb00000, 0x000000070fc00000|  0%| F|  |TAMS 0x000000070fb00000, 0x000000070fb00000| Untracked 
| 252|0x000000070fc00000, 0x000000070fc00000, 0x000000070fd00000|  0%| F|  |TAMS 0x000000070fc00000, 0x000000070fc00000| Untracked 
| 253|0x000000070fd00000, 0x000000070fd00000, 0x000000070fe00000|  0%| F|  |TAMS 0x000000070fd00000, 0x000000070fd00000| Untracked 
| 254|0x000000070fe00000, 0x000000070fe00000, 0x000000070ff00000|  0%| F|  |TAMS 0x000000070fe00000, 0x000000070fe00000| Untracked 
| 255|0x000000070ff00000, 0x000000070ff00000, 0x0000000710000000|  0%| F|  |TAMS 0x000000070ff00000, 0x000000070ff00000| Untracked 
| 256|0x0000000710000000, 0x0000000710000000, 0x0000000710100000|  0%| F|  |TAMS 0x0000000710000000, 0x0000000710000000| Untracked 
| 257|0x0000000710100000, 0x0000000710100000, 0x0000000710200000|  0%| F|  |TAMS 0x0000000710100000, 0x0000000710100000| Untracked 
| 258|0x0000000710200000, 0x0000000710200000, 0x0000000710300000|  0%| F|  |TAMS 0x0000000710200000, 0x0000000710200000| Untracked 
| 259|0x0000000710300000, 0x0000000710300000, 0x0000000710400000|  0%| F|  |TAMS 0x0000000710300000, 0x0000000710300000| Untracked 
| 260|0x0000000710400000, 0x0000000710400000, 0x0000000710500000|  0%| F|  |TAMS 0x0000000710400000, 0x0000000710400000| Untracked 
| 261|0x0000000710500000, 0x0000000710500000, 0x0000000710600000|  0%| F|  |TAMS 0x0000000710500000, 0x0000000710500000| Untracked 
| 262|0x0000000710600000, 0x0000000710600000, 0x0000000710700000|  0%| F|  |TAMS 0x0000000710600000, 0x0000000710600000| Untracked 
| 263|0x0000000710700000, 0x0000000710700000, 0x0000000710800000|  0%| F|  |TAMS 0x0000000710700000, 0x0000000710700000| Untracked 
| 264|0x0000000710800000, 0x0000000710800000, 0x0000000710900000|  0%| F|  |TAMS 0x0000000710800000, 0x0000000710800000| Untracked 
| 265|0x0000000710900000, 0x0000000710900000, 0x0000000710a00000|  0%| F|  |TAMS 0x0000000710900000, 0x0000000710900000| Untracked 
| 266|0x0000000710a00000, 0x0000000710a00000, 0x0000000710b00000|  0%| F|  |TAMS 0x0000000710a00000, 0x0000000710a00000| Untracked 
| 267|0x0000000710b00000, 0x0000000710b00000, 0x0000000710c00000|  0%| F|  |TAMS 0x0000000710b00000, 0x0000000710b00000| Untracked 
| 268|0x0000000710c00000, 0x0000000710c00000, 0x0000000710d00000|  0%| F|  |TAMS 0x0000000710c00000, 0x0000000710c00000| Untracked 
| 269|0x0000000710d00000, 0x0000000710d00000, 0x0000000710e00000|  0%| F|  |TAMS 0x0000000710d00000, 0x0000000710d00000| Untracked 
| 270|0x0000000710e00000, 0x0000000710e00000, 0x0000000710f00000|  0%| F|  |TAMS 0x0000000710e00000, 0x0000000710e00000| Untracked 
| 271|0x0000000710f00000, 0x0000000710f00000, 0x0000000711000000|  0%| F|  |TAMS 0x0000000710f00000, 0x0000000710f00000| Untracked 
| 272|0x0000000711000000, 0x0000000711000000, 0x0000000711100000|  0%| F|  |TAMS 0x0000000711000000, 0x0000000711000000| Untracked 
| 273|0x0000000711100000, 0x0000000711100000, 0x0000000711200000|  0%| F|  |TAMS 0x0000000711100000, 0x0000000711100000| Untracked 
| 274|0x0000000711200000, 0x0000000711200000, 0x0000000711300000|  0%| F|  |TAMS 0x0000000711200000, 0x0000000711200000| Untracked 
| 275|0x0000000711300000, 0x0000000711300000, 0x0000000711400000|  0%| F|  |TAMS 0x0000000711300000, 0x0000000711300000| Untracked 
| 276|0x0000000711400000, 0x0000000711400000, 0x0000000711500000|  0%| F|  |TAMS 0x0000000711400000, 0x0000000711400000| Untracked 
| 277|0x0000000711500000, 0x0000000711500000, 0x0000000711600000|  0%| F|  |TAMS 0x0000000711500000, 0x0000000711500000| Untracked 
| 278|0x0000000711600000, 0x0000000711600000, 0x0000000711700000|  0%| F|  |TAMS 0x0000000711600000, 0x0000000711600000| Untracked 
| 279|0x0000000711700000, 0x0000000711700000, 0x0000000711800000|  0%| F|  |TAMS 0x0000000711700000, 0x0000000711700000| Untracked 
| 280|0x0000000711800000, 0x0000000711800000, 0x0000000711900000|  0%| F|  |TAMS 0x0000000711800000, 0x0000000711800000| Untracked 
| 281|0x0000000711900000, 0x0000000711900000, 0x0000000711a00000|  0%| F|  |TAMS 0x0000000711900000, 0x0000000711900000| Untracked 
| 282|0x0000000711a00000, 0x0000000711a00000, 0x0000000711b00000|  0%| F|  |TAMS 0x0000000711a00000, 0x0000000711a00000| Untracked 
| 283|0x0000000711b00000, 0x0000000711b00000, 0x0000000711c00000|  0%| F|  |TAMS 0x0000000711b00000, 0x0000000711b00000| Untracked 
| 284|0x0000000711c00000, 0x0000000711c00000, 0x0000000711d00000|  0%| F|  |TAMS 0x0000000711c00000, 0x0000000711c00000| Untracked 
| 285|0x0000000711d00000, 0x0000000711d00000, 0x0000000711e00000|  0%| F|  |TAMS 0x0000000711d00000, 0x0000000711d00000| Untracked 
| 286|0x0000000711e00000, 0x0000000711e00000, 0x0000000711f00000|  0%| F|  |TAMS 0x0000000711e00000, 0x0000000711e00000| Untracked 
| 287|0x0000000711f00000, 0x0000000711f00000, 0x0000000712000000|  0%| F|  |TAMS 0x0000000711f00000, 0x0000000711f00000| Untracked 
| 288|0x0000000712000000, 0x0000000712000000, 0x0000000712100000|  0%| F|  |TAMS 0x0000000712000000, 0x0000000712000000| Untracked 
| 289|0x0000000712100000, 0x0000000712100000, 0x0000000712200000|  0%| F|  |TAMS 0x0000000712100000, 0x0000000712100000| Untracked 
| 290|0x0000000712200000, 0x0000000712200000, 0x0000000712300000|  0%| F|  |TAMS 0x0000000712200000, 0x0000000712200000| Untracked 
| 291|0x0000000712300000, 0x0000000712300000, 0x0000000712400000|  0%| F|  |TAMS 0x0000000712300000, 0x0000000712300000| Untracked 
| 292|0x0000000712400000, 0x0000000712400000, 0x0000000712500000|  0%| F|  |TAMS 0x0000000712400000, 0x0000000712400000| Untracked 
| 293|0x0000000712500000, 0x0000000712500000, 0x0000000712600000|  0%| F|  |TAMS 0x0000000712500000, 0x0000000712500000| Untracked 
| 294|0x0000000712600000, 0x0000000712600000, 0x0000000712700000|  0%| F|  |TAMS 0x0000000712600000, 0x0000000712600000| Untracked 
| 295|0x0000000712700000, 0x0000000712700000, 0x0000000712800000|  0%| F|  |TAMS 0x0000000712700000, 0x0000000712700000| Untracked 
| 296|0x0000000712800000, 0x0000000712800000, 0x0000000712900000|  0%| F|  |TAMS 0x0000000712800000, 0x0000000712800000| Untracked 
| 297|0x0000000712900000, 0x0000000712900000, 0x0000000712a00000|  0%| F|  |TAMS 0x0000000712900000, 0x0000000712900000| Untracked 
| 298|0x0000000712a00000, 0x0000000712a00000, 0x0000000712b00000|  0%| F|  |TAMS 0x0000000712a00000, 0x0000000712a00000| Untracked 
| 299|0x0000000712b00000, 0x0000000712b00000, 0x0000000712c00000|  0%| F|  |TAMS 0x0000000712b00000, 0x0000000712b00000| Untracked 
| 300|0x0000000712c00000, 0x0000000712c00000, 0x0000000712d00000|  0%| F|  |TAMS 0x0000000712c00000, 0x0000000712c00000| Untracked 
| 301|0x0000000712d00000, 0x0000000712d00000, 0x0000000712e00000|  0%| F|  |TAMS 0x0000000712d00000, 0x0000000712d00000| Untracked 
| 302|0x0000000712e00000, 0x0000000712e00000, 0x0000000712f00000|  0%| F|  |TAMS 0x0000000712e00000, 0x0000000712e00000| Untracked 
| 303|0x0000000712f00000, 0x0000000712f00000, 0x0000000713000000|  0%| F|  |TAMS 0x0000000712f00000, 0x0000000712f00000| Untracked 
| 304|0x0000000713000000, 0x0000000713000000, 0x0000000713100000|  0%| F|  |TAMS 0x0000000713000000, 0x0000000713000000| Untracked 
| 305|0x0000000713100000, 0x0000000713100000, 0x0000000713200000|  0%| F|  |TAMS 0x0000000713100000, 0x0000000713100000| Untracked 
| 306|0x0000000713200000, 0x0000000713200000, 0x0000000713300000|  0%| F|  |TAMS 0x0000000713200000, 0x0000000713200000| Untracked 
| 307|0x0000000713300000, 0x0000000713300000, 0x0000000713400000|  0%| F|  |TAMS 0x0000000713300000, 0x0000000713300000| Untracked 
| 308|0x0000000713400000, 0x0000000713400000, 0x0000000713500000|  0%| F|  |TAMS 0x0000000713400000, 0x0000000713400000| Untracked 
| 309|0x0000000713500000, 0x0000000713500000, 0x0000000713600000|  0%| F|  |TAMS 0x0000000713500000, 0x0000000713500000| Untracked 
| 310|0x0000000713600000, 0x0000000713600000, 0x0000000713700000|  0%| F|  |TAMS 0x0000000713600000, 0x0000000713600000| Untracked 
| 311|0x0000000713700000, 0x0000000713700000, 0x0000000713800000|  0%| F|  |TAMS 0x0000000713700000, 0x0000000713700000| Untracked 
| 312|0x0000000713800000, 0x0000000713800000, 0x0000000713900000|  0%| F|  |TAMS 0x0000000713800000, 0x0000000713800000| Untracked 
| 313|0x0000000713900000, 0x0000000713900000, 0x0000000713a00000|  0%| F|  |TAMS 0x0000000713900000, 0x0000000713900000| Untracked 
| 314|0x0000000713a00000, 0x0000000713a00000, 0x0000000713b00000|  0%| F|  |TAMS 0x0000000713a00000, 0x0000000713a00000| Untracked 
| 315|0x0000000713b00000, 0x0000000713c00000, 0x0000000713c00000|100%| S|CS|TAMS 0x0000000713b00000, 0x0000000713b00000| Complete 
| 316|0x0000000713c00000, 0x0000000713d00000, 0x0000000713d00000|100%| S|CS|TAMS 0x0000000713c00000, 0x0000000713c00000| Complete 
| 317|0x0000000713d00000, 0x0000000713e00000, 0x0000000713e00000|100%| S|CS|TAMS 0x0000000713d00000, 0x0000000713d00000| Complete 
| 318|0x0000000713e00000, 0x0000000713f00000, 0x0000000713f00000|100%| S|CS|TAMS 0x0000000713e00000, 0x0000000713e00000| Complete 
| 319|0x0000000713f00000, 0x0000000714000000, 0x0000000714000000|100%| S|CS|TAMS 0x0000000713f00000, 0x0000000713f00000| Complete 
| 320|0x0000000714000000, 0x0000000714100000, 0x0000000714100000|100%| S|CS|TAMS 0x0000000714000000, 0x0000000714000000| Complete 
| 321|0x0000000714100000, 0x0000000714100000, 0x0000000714200000|  0%| F|  |TAMS 0x0000000714100000, 0x0000000714100000| Untracked 
| 322|0x0000000714200000, 0x0000000714200000, 0x0000000714300000|  0%| F|  |TAMS 0x0000000714200000, 0x0000000714200000| Untracked 
| 323|0x0000000714300000, 0x0000000714300000, 0x0000000714400000|  0%| F|  |TAMS 0x0000000714300000, 0x0000000714300000| Untracked 
| 324|0x0000000714400000, 0x0000000714400000, 0x0000000714500000|  0%| F|  |TAMS 0x0000000714400000, 0x0000000714400000| Untracked 
| 325|0x0000000714500000, 0x0000000714500000, 0x0000000714600000|  0%| F|  |TAMS 0x0000000714500000, 0x0000000714500000| Untracked 
| 326|0x0000000714600000, 0x0000000714600000, 0x0000000714700000|  0%| F|  |TAMS 0x0000000714600000, 0x0000000714600000| Untracked 
| 327|0x0000000714700000, 0x0000000714700000, 0x0000000714800000|  0%| F|  |TAMS 0x0000000714700000, 0x0000000714700000| Untracked 
| 328|0x0000000714800000, 0x0000000714800000, 0x0000000714900000|  0%| F|  |TAMS 0x0000000714800000, 0x0000000714800000| Untracked 
| 329|0x0000000714900000, 0x0000000714900000, 0x0000000714a00000|  0%| F|  |TAMS 0x0000000714900000, 0x0000000714900000| Untracked 
| 330|0x0000000714a00000, 0x0000000714a00000, 0x0000000714b00000|  0%| F|  |TAMS 0x0000000714a00000, 0x0000000714a00000| Untracked 
| 331|0x0000000714b00000, 0x0000000714b00000, 0x0000000714c00000|  0%| F|  |TAMS 0x0000000714b00000, 0x0000000714b00000| Untracked 
| 332|0x0000000714c00000, 0x0000000714c00000, 0x0000000714d00000|  0%| F|  |TAMS 0x0000000714c00000, 0x0000000714c00000| Untracked 
| 333|0x0000000714d00000, 0x0000000714d00000, 0x0000000714e00000|  0%| F|  |TAMS 0x0000000714d00000, 0x0000000714d00000| Untracked 
| 334|0x0000000714e00000, 0x0000000714e00000, 0x0000000714f00000|  0%| F|  |TAMS 0x0000000714e00000, 0x0000000714e00000| Untracked 
| 335|0x0000000714f00000, 0x0000000714f00000, 0x0000000715000000|  0%| F|  |TAMS 0x0000000714f00000, 0x0000000714f00000| Untracked 
| 336|0x0000000715000000, 0x0000000715000000, 0x0000000715100000|  0%| F|  |TAMS 0x0000000715000000, 0x0000000715000000| Untracked 
| 337|0x0000000715100000, 0x0000000715100000, 0x0000000715200000|  0%| F|  |TAMS 0x0000000715100000, 0x0000000715100000| Untracked 
| 338|0x0000000715200000, 0x0000000715200000, 0x0000000715300000|  0%| F|  |TAMS 0x0000000715200000, 0x0000000715200000| Untracked 
| 339|0x0000000715300000, 0x0000000715300000, 0x0000000715400000|  0%| F|  |TAMS 0x0000000715300000, 0x0000000715300000| Untracked 
| 340|0x0000000715400000, 0x0000000715400000, 0x0000000715500000|  0%| F|  |TAMS 0x0000000715400000, 0x0000000715400000| Untracked 
| 341|0x0000000715500000, 0x0000000715500000, 0x0000000715600000|  0%| F|  |TAMS 0x0000000715500000, 0x0000000715500000| Untracked 
| 342|0x0000000715600000, 0x0000000715600000, 0x0000000715700000|  0%| F|  |TAMS 0x0000000715600000, 0x0000000715600000| Untracked 
| 343|0x0000000715700000, 0x0000000715700000, 0x0000000715800000|  0%| F|  |TAMS 0x0000000715700000, 0x0000000715700000| Untracked 
| 344|0x0000000715800000, 0x0000000715800000, 0x0000000715900000|  0%| F|  |TAMS 0x0000000715800000, 0x0000000715800000| Untracked 
| 345|0x0000000715900000, 0x0000000715900000, 0x0000000715a00000|  0%| F|  |TAMS 0x0000000715900000, 0x0000000715900000| Untracked 
| 346|0x0000000715a00000, 0x0000000715a00000, 0x0000000715b00000|  0%| F|  |TAMS 0x0000000715a00000, 0x0000000715a00000| Untracked 
| 347|0x0000000715b00000, 0x0000000715b00000, 0x0000000715c00000|  0%| F|  |TAMS 0x0000000715b00000, 0x0000000715b00000| Untracked 
| 348|0x0000000715c00000, 0x0000000715c00000, 0x0000000715d00000|  0%| F|  |TAMS 0x0000000715c00000, 0x0000000715c00000| Untracked 
| 349|0x0000000715d00000, 0x0000000715d00000, 0x0000000715e00000|  0%| F|  |TAMS 0x0000000715d00000, 0x0000000715d00000| Untracked 
| 350|0x0000000715e00000, 0x0000000715e00000, 0x0000000715f00000|  0%| F|  |TAMS 0x0000000715e00000, 0x0000000715e00000| Untracked 
| 351|0x0000000715f00000, 0x0000000715f00000, 0x0000000716000000|  0%| F|  |TAMS 0x0000000715f00000, 0x0000000715f00000| Untracked 
| 352|0x0000000716000000, 0x0000000716000000, 0x0000000716100000|  0%| F|  |TAMS 0x0000000716000000, 0x0000000716000000| Untracked 
| 353|0x0000000716100000, 0x0000000716100000, 0x0000000716200000|  0%| F|  |TAMS 0x0000000716100000, 0x0000000716100000| Untracked 
| 354|0x0000000716200000, 0x0000000716200000, 0x0000000716300000|  0%| F|  |TAMS 0x0000000716200000, 0x0000000716200000| Untracked 
| 355|0x0000000716300000, 0x0000000716300000, 0x0000000716400000|  0%| F|  |TAMS 0x0000000716300000, 0x0000000716300000| Untracked 
| 356|0x0000000716400000, 0x0000000716400000, 0x0000000716500000|  0%| F|  |TAMS 0x0000000716400000, 0x0000000716400000| Untracked 
| 357|0x0000000716500000, 0x0000000716500000, 0x0000000716600000|  0%| F|  |TAMS 0x0000000716500000, 0x0000000716500000| Untracked 
| 358|0x0000000716600000, 0x0000000716600000, 0x0000000716700000|  0%| F|  |TAMS 0x0000000716600000, 0x0000000716600000| Untracked 
| 359|0x0000000716700000, 0x0000000716700000, 0x0000000716800000|  0%| F|  |TAMS 0x0000000716700000, 0x0000000716700000| Untracked 
| 360|0x0000000716800000, 0x0000000716800000, 0x0000000716900000|  0%| F|  |TAMS 0x0000000716800000, 0x0000000716800000| Untracked 
| 361|0x0000000716900000, 0x0000000716900000, 0x0000000716a00000|  0%| F|  |TAMS 0x0000000716900000, 0x0000000716900000| Untracked 
|3070|0x00000007bfe00000, 0x00000007bfe35000, 0x00000007bff00000| 20%|OA|  |TAMS 0x00000007bfe00000, 0x00000007bfe00000| Untracked 
|3071|0x00000007bff00000, 0x00000007bff6a000, 0x00000007c0000000| 41%|CA|  |TAMS 0x00000007bff00000, 0x00000007bff00000| Untracked 

Card table byte_map: [0x00007fe140e46000,0x00007fe141646000] _byte_map_base: 0x00007fe13d646000

Marking Bits (Prev, Next): (CMBitMap*) 0x00007fe13c0580a8, (CMBitMap*) 0x00007fe13c0580e0
 Prev Bits: [0x00007fe11c000000, 0x00007fe120000000)
 Next Bits: [0x00007fe118000000, 0x00007fe11c000000)

Polling page: 0x00007fe14636c000

Metaspace:

Usage:
  Non-class:      6.88 MB capacity,     5.68 MB ( 83%) used,     1.17 MB ( 17%) free+waste,    20.12 KB ( <1%) overhead. 
      Class:    839.00 KB capacity,   669.77 KB ( 80%) used,   158.66 KB ( 19%) free+waste,    10.56 KB (  1%) overhead. 
       Both:      7.70 MB capacity,     6.34 MB ( 82%) used,     1.33 MB ( 17%) free+waste,    30.69 KB ( <1%) overhead. 

Virtual space:
  Non-class space:        8.00 MB reserved,       7.00 MB ( 88%) committed 
      Class space:        1.00 GB reserved,     896.00 KB ( <1%) committed 
             Both:        1.01 GB reserved,       7.88 MB ( <1%) committed 

Chunk freelists:
   Non-Class:  62.00 KB
       Class:  25.00 KB
        Both:  87.00 KB

CodeHeap 'non-profiled nmethods': size=120032Kb used=567Kb max_used=567Kb free=119464Kb
 bounds [0x00007fe12c446000, 0x00007fe12c6b6000, 0x00007fe13397e000]
CodeHeap 'profiled nmethods': size=120032Kb used=2373Kb max_used=2373Kb free=117658Kb
 bounds [0x00007fe124f0e000, 0x00007fe12517e000, 0x00007fe12c446000]
CodeHeap 'non-nmethods': size=5696Kb used=1099Kb max_used=1131Kb free=4596Kb
 bounds [0x00007fe12497e000, 0x00007fe124bee000, 0x00007fe124f0e000]
 total_blobs=1969 nmethods=1233 adapters=326
 compilation: enabled
              stopped_count=0, restarted_count=0
 full_count=0

Compilation events (10 events):
Event: 3.356 Thread 0x00007fe13c1a6000 1252       2       java.util.regex.Pattern$GroupHead::match (47 bytes)
Event: 3.356 Thread 0x00007fe13c1a6000 nmethod 1252 0x00007fe12515c110 code [0x00007fe12515c2e0, 0x00007fe12515c528]
Event: 3.356 Thread 0x00007fe13c1a6000 1253       2       edu.stanford.nlp.tagger.maxent.Distsim::getMapping (73 bytes)
Event: 3.356 Thread 0x00007fe13c1a6000 nmethod 1253 0x00007fe12515c690 code [0x00007fe12515c8a0, 0x00007fe12515cca8]
Event: 3.359 Thread 0x00007fe13c1a6000 1254 %     3       edu.stanford.nlp.tagger.maxent.ExtractorFrames$ExtractorContinuousTagConjunction::extract @ 21 (113 bytes)
Event: 3.360 Thread 0x00007fe13c1a6000 nmethod 1254% 0x00007fe12515ce90 code [0x00007fe12515d160, 0x00007fe12515dea8]
Event: 3.390 Thread 0x00007fe13c1a6000 1258       3       edu.stanford.nlp.tagger.maxent.ExtractorFrames$ExtractorContinuousTagConjunction::extract (113 bytes)
Event: 3.391 Thread 0x00007fe13c1a6000 nmethod 1258 0x00007fe12515e390 code [0x00007fe12515e640, 0x00007fe12515f288]
Event: 3.398 Thread 0x00007fe13c1a6000 1259       2       edu.stanford.nlp.ling.WordTag::setWord (6 bytes)
Event: 3.398 Thread 0x00007fe13c1a6000 nmethod 1259 0x00007fe12515f710 code [0x00007fe12515f8c0, 0x00007fe12515fa90]

GC Heap History (10 events):
Event: 1.699 GC heap after
{Heap after GC invocations=4 (full 0):
 garbage-first heap   total 258048K, used 55420K [0x0000000700000000, 0x0000000800000000)
  region size 1024K, 4 young (4096K), 4 survivors (4096K)
 Metaspace       used 5817K, capacity 7450K, committed 7552K, reserved 1056768K
  class space    used 628K, capacity 803K, committed 896K, reserved 1048576K
}
Event: 1.909 GC heap before
{Heap before GC invocations=4 (full 0):
 garbage-first heap   total 258048K, used 87164K [0x0000000700000000, 0x0000000800000000)
  region size 1024K, 28 young (28672K), 4 survivors (4096K)
 Metaspace       used 5817K, capacity 7450K, committed 7552K, reserved 1056768K
  class space    used 628K, capacity 803K, committed 896K, reserved 1048576K
}
Event: 2.268 GC heap after
{Heap after GC invocations=5 (full 0):
 garbage-first heap   total 372736K, used 76924K [0x0000000700000000, 0x0000000800000000)
  region size 1024K, 4 young (4096K), 4 survivors (4096K)
 Metaspace       used 5817K, capacity 7450K, committed 7552K, reserved 1056768K
  class space    used 628K, capacity 803K, committed 896K, reserved 1048576K
}
Event: 2.451 GC heap before
{Heap before GC invocations=5 (full 0):
 garbage-first heap   total 372736K, used 95356K [0x0000000700000000, 0x0000000800000000)
  region size 1024K, 22 young (22528K), 4 survivors (4096K)
 Metaspace       used 5817K, capacity 7450K, committed 7552K, reserved 1056768K
  class space    used 628K, capacity 803K, committed 896K, reserved 1048576K
}
Event: 2.482 GC heap after
{Heap after GC invocations=6 (full 0):
 garbage-first heap   total 372736K, used 88188K [0x0000000700000000, 0x0000000800000000)
  region size 1024K, 3 young (3072K), 3 survivors (3072K)
 Metaspace       used 5817K, capacity 7450K, committed 7552K, reserved 1056768K
  class space    used 628K, capacity 803K, committed 896K, reserved 1048576K
}
Event: 2.654 GC heap before
{Heap before GC invocations=6 (full 0):
 garbage-first heap   total 372736K, used 126076K [0x0000000700000000, 0x0000000800000000)
  region size 1024K, 26 young (26624K), 3 survivors (3072K)
 Metaspace       used 5817K, capacity 7450K, committed 7552K, reserved 1056768K
  class space    used 628K, capacity 803K, committed 896K, reserved 1048576K
}
Event: 2.673 GC heap after
{Heap after GC invocations=7 (full 0):
 garbage-first heap   total 372736K, used 115836K [0x0000000700000000, 0x0000000800000000)
  region size 1024K, 4 young (4096K), 4 survivors (4096K)
 Metaspace       used 5817K, capacity 7450K, committed 7552K, reserved 1056768K
  class space    used 628K, capacity 803K, committed 896K, reserved 1048576K
}
Event: 2.755 GC heap before
{Heap before GC invocations=7 (full 0):
 garbage-first heap   total 372736K, used 145532K [0x0000000700000000, 0x0000000800000000)
  region size 1024K, 33 young (33792K), 4 survivors (4096K)
 Metaspace       used 5853K, capacity 7456K, committed 7552K, reserved 1056768K
  class space    used 630K, capacity 804K, committed 896K, reserved 1048576K
}
Event: 2.783 GC heap after
{Heap after GC invocations=8 (full 0):
 garbage-first heap   total 372736K, used 131708K [0x0000000700000000, 0x0000000800000000)
  region size 1024K, 5 young (5120K), 5 survivors (5120K)
 Metaspace       used 5853K, capacity 7456K, committed 7552K, reserved 1056768K
  class space    used 630K, capacity 804K, committed 896K, reserved 1048576K
}
Event: 3.403 GC heap before
{Heap before GC invocations=8 (full 0):
 garbage-first heap   total 372736K, used 183932K [0x0000000700000000, 0x0000000800000000)
  region size 1024K, 41 young (41984K), 5 survivors (5120K)
 Metaspace       used 6488K, capacity 7881K, committed 8064K, reserved 1056768K
  class space    used 669K, capacity 839K, committed 896K, reserved 1048576K
}

Deoptimization events (10 events):
Event: 3.143 Thread 0x00007fe0c8113800 Uncommon trap: reason=unstable_if action=reinterpret pc=0x00007fe12c4b7e4c method=java.lang.String.equals(Ljava/lang/Object;)Z @ 34 c2
Event: 3.143 Thread 0x00007fe0c8113800 Uncommon trap: reason=unstable_if action=reinterpret pc=0x00007fe12c475f64 method=java.lang.CharacterData.of(I)Ljava/lang/CharacterData; @ 4 c2
Event: 3.173 Thread 0x00007fe0c8113800 Uncommon trap: reason=null_check action=make_not_entrant pc=0x00007fe12c4b87f0 method=edu.stanford.nlp.util.HashIndex.indexOf(Ljava/lang/Object;)I @ 10 c2
Event: 3.173 Thread 0x00007fe0c8113800 Uncommon trap: reason=bimorphic_or_optimized_type_check action=maybe_recompile pc=0x00007fe12c4a83e4 method=jdk.internal.reflect.DelegatingConstructorAccessorImpl.newInstance([Ljava/lang/Object;)Ljava/lang/Object; @ 5 c2
Event: 3.173 Thread 0x00007fe0c8113800 Uncommon trap: reason=class_check action=maybe_recompile pc=0x00007fe12c48cbf4 method=java.util.AbstractCollection.toArray([Ljava/lang/Object;)[Ljava/lang/Object; @ 1 c2
Event: 3.173 Thread 0x00007fe0c8113800 Uncommon trap: reason=class_check action=maybe_recompile pc=0x00007fe12c48cbf4 method=java.util.AbstractCollection.toArray([Ljava/lang/Object;)[Ljava/lang/Object; @ 1 c2
Event: 3.173 Thread 0x00007fe0c8113800 Uncommon trap: reason=class_check action=maybe_recompile pc=0x00007fe12c48cbf4 method=java.util.AbstractCollection.toArray([Ljava/lang/Object;)[Ljava/lang/Object; @ 1 c2
Event: 3.235 Thread 0x00007fe0c8113800 Uncommon trap: reason=unstable_if action=reinterpret pc=0x00007fe12c4b8ec4 method=java.lang.Integer.stringSize(I)I @ 3 c2
Event: 3.235 Thread 0x00007fe0c8113800 Uncommon trap: reason=unstable_if action=reinterpret pc=0x00007fe12c4cc820 method=java.lang.Integer.getChars(II[B)I @ 4 c2
Event: 3.269 Thread 0x00007fe13c3eb000 Uncommon trap: reason=unstable_if action=reinterpret pc=0x00007fe12c4904bc method=java.util.HashMap$HashIterator.<init>(Ljava/util/HashMap;)V @ 45 c2

Classes redefined (0 events):
No events

Internal exceptions (10 events):
Event: 0.095 Thread 0x00007fe13c012000 Exception <a 'java/security/PrivilegedActionException'{0x000000070f69b750}> (0x000000070f69b750) thrown at [/build/openjdk-lts-TkRlmw/openjdk-lts-11.0.3+7/src/hotspot/share/prims/jvm.cpp, line 1300]
Event: 0.095 Thread 0x00007fe13c012000 Exception <a 'java/security/PrivilegedActionException'{0x000000070f69ba20}> (0x000000070f69ba20) thrown at [/build/openjdk-lts-TkRlmw/openjdk-lts-11.0.3+7/src/hotspot/share/prims/jvm.cpp, line 1300]
Event: 0.099 Thread 0x00007fe13c012000 Exception <a 'java/security/PrivilegedActionException'{0x000000070f503e60}> (0x000000070f503e60) thrown at [/build/openjdk-lts-TkRlmw/openjdk-lts-11.0.3+7/src/hotspot/share/prims/jvm.cpp, line 1300]
Event: 0.099 Thread 0x00007fe13c012000 Exception <a 'java/security/PrivilegedActionException'{0x000000070f504130}> (0x000000070f504130) thrown at [/build/openjdk-lts-TkRlmw/openjdk-lts-11.0.3+7/src/hotspot/share/prims/jvm.cpp, line 1300]
Event: 0.219 Thread 0x00007fe13c012000 Exception <a 'java/lang/NoSuchMethodError'{0x000000070f33ab10}: java.lang.invoke.DirectMethodHandle$Holder.invokeStatic(Ljava/lang/Object;Ljava/lang/Object;Ljava/lang/Object;Ljava/lang/Object;Ljava/lang/Object;Ljava/lang/Object;Ljava/lang/Object;Ljava/lan
Event: 0.221 Thread 0x00007fe13c012000 Exception <a 'java/lang/NoSuchMethodError'{0x000000070f348bc0}: java.lang.invoke.DirectMethodHandle$Holder.invokeStatic(Ljava/lang/Object;Ljava/lang/Object;Ljava/lang/Object;Ljava/lang/Object;Ljava/lang/Object;Ljava/lang/Object;Ljava/lang/Object;Ljava/lan
Event: 1.025 Thread 0x00007fe0d0007800 Exception <a 'java/lang/NoSuchMethodError'{0x000000070f1b9b78}: java.lang.invoke.DirectMethodHandle$Holder.invokeVirtual(Ljava/lang/Object;Ljava/lang/Object;Ljava/lang/Object;Ljava/lang/Object;)Ljava/lang/Object;> (0x000000070f1b9b78) thrown at [/build/op
Event: 1.085 Thread 0x00007fe0d0007800 Exception <a 'java/lang/NoSuchMethodError'{0x000000070ee8c228}: java.lang.invoke.DirectMethodHandle$Holder.invokeStaticInit(Ljava/lang/Object;Ljava/lang/Object;)I> (0x000000070ee8c228) thrown at [/build/openjdk-lts-TkRlmw/openjdk-lts-11.0.3+7/src/hotspot/
Event: 1.138 Thread 0x00007fe0d0007800 Exception <a 'java/lang/NoSuchMethodError'{0x000000070ec7e238}: java.lang.invoke.DirectMethodHandle$Holder.invokeInterface(Ljava/lang/Object;Ljava/lang/Object;)V> (0x000000070ec7e238) thrown at [/build/openjdk-lts-TkRlmw/openjdk-lts-11.0.3+7/src/hotspot/s
Event: 1.138 Thread 0x00007fe0d0007800 Exception <a 'java/lang/IncompatibleClassChangeError'{0x000000070ec811e0}: Found class java.lang.Object, but interface was expected> (0x000000070ec811e0) thrown at [/build/openjdk-lts-TkRlmw/openjdk-lts-11.0.3+7/src/hotspot/share/interpreter/linkResolver.

Events (10 events):
Event: 3.269 Thread 0x00007fe13c3eb000 DEOPT UNPACKING pc=0x00007fe1249a6aa5 sp=0x00007fe10c2fe6e8 mode 2
Event: 3.270 Thread 0x00007fe0c8113800 DEOPT PACKING pc=0x00007fe12511e151 sp=0x00007fe0cf8f0e20
Event: 3.270 Thread 0x00007fe0c8113800 DEOPT UNPACKING pc=0x00007fe1249a68ba sp=0x00007fe0cf8f0300 mode 0
Event: 3.291 Thread 0x00007fe0c8113800 DEOPT PACKING pc=0x00007fe12512855a sp=0x00007fe0cf8f0c80
Event: 3.291 Thread 0x00007fe0c8113800 DEOPT UNPACKING pc=0x00007fe1249a68ba sp=0x00007fe0cf8f01f0 mode 0
Event: 3.291 Thread 0x00007fe0c8113800 DEOPT PACKING pc=0x00007fe12512e901 sp=0x00007fe0cf8f0ec0
Event: 3.291 Thread 0x00007fe0c8113800 DEOPT UNPACKING pc=0x00007fe1249a68ba sp=0x00007fe0cf8f0328 mode 0
Event: 3.292 Thread 0x00007fe0c8113800 DEOPT PACKING pc=0x00007fe1251267a2 sp=0x00007fe0cf8f0d30
Event: 3.292 Thread 0x00007fe0c8113800 DEOPT UNPACKING pc=0x00007fe1249a68ba sp=0x00007fe0cf8f0240 mode 0
Event: 3.403 Executing VM operation: G1CollectForAllocation


Dynamic libraries:
700000000-716a00000 rw-p 00000000 00:00 0 
744200000-7bfe00000 ---p 00000000 00:00 0 
7bfe00000-7bfe35000 rw-p 0111e000 08:08 1313879                          /usr/lib/jvm/java-11-openjdk-amd64/lib/server/classes.jsa
7bfe35000-7bff00000 rw-p 00000000 00:00 0 
7bff00000-7bff6a000 rw-p 010b4000 08:08 1313879                          /usr/lib/jvm/java-11-openjdk-amd64/lib/server/classes.jsa
7bff6a000-7c0000000 rw-p 00000000 00:00 0 
7c0000000-800000000 ---p 00000000 00:00 0 
800000000-800002000 rwxp 00001000 08:08 1313879                          /usr/lib/jvm/java-11-openjdk-amd64/lib/server/classes.jsa
800002000-8003bf000 rw-p 00003000 08:08 1313879                          /usr/lib/jvm/java-11-openjdk-amd64/lib/server/classes.jsa
8003bf000-800a9c000 r--p 003c0000 08:08 1313879                          /usr/lib/jvm/java-11-openjdk-amd64/lib/server/classes.jsa
800a9c000-800a9d000 rw-p 00a9d000 08:08 1313879                          /usr/lib/jvm/java-11-openjdk-amd64/lib/server/classes.jsa
800a9d000-8010b3000 r--p 00a9e000 08:08 1313879                          /usr/lib/jvm/java-11-openjdk-amd64/lib/server/classes.jsa
840000000-8400e0000 rw-p 00000000 00:00 0 
8400e0000-880000000 ---p 00000000 00:00 0 
5614b9525000-5614b9526000 r-xp 00000000 08:08 1314188                    /usr/lib/jvm/java-11-openjdk-amd64/bin/java
5614b9726000-5614b9727000 r--p 00001000 08:08 1314188                    /usr/lib/jvm/java-11-openjdk-amd64/bin/java
5614b9727000-5614b9728000 rw-p 00002000 08:08 1314188                    /usr/lib/jvm/java-11-openjdk-amd64/bin/java
5614b9cd4000-5614b9d16000 rw-p 00000000 00:00 0                          [heap]
7fe0a8000000-7fe0a826d000 rw-p 00000000 00:00 0 
7fe0a826d000-7fe0ac000000 ---p 00000000 00:00 0 
7fe0b0000000-7fe0b0021000 rw-p 00000000 00:00 0 
7fe0b0021000-7fe0b4000000 ---p 00000000 00:00 0 
7fe0b4000000-7fe0b4021000 rw-p 00000000 00:00 0 
7fe0b4021000-7fe0b8000000 ---p 00000000 00:00 0 
7fe0b8000000-7fe0b8021000 rw-p 00000000 00:00 0 
7fe0b8021000-7fe0bc000000 ---p 00000000 00:00 0 
7fe0bc000000-7fe0bc021000 rw-p 00000000 00:00 0 
7fe0bc021000-7fe0c0000000 ---p 00000000 00:00 0 
7fe0c0000000-7fe0c0021000 rw-p 00000000 00:00 0 
7fe0c0021000-7fe0c4000000 ---p 00000000 00:00 0 
7fe0c4000000-7fe0c4021000 rw-p 00000000 00:00 0 
7fe0c4021000-7fe0c8000000 ---p 00000000 00:00 0 
7fe0c8000000-7fe0c8120000 rw-p 00000000 00:00 0 
7fe0c8120000-7fe0cc000000 ---p 00000000 00:00 0 
7fe0cf7f2000-7fe0cf7f6000 ---p 00000000 00:00 0 
7fe0cf7f6000-7fe0cf8f3000 rw-p 00000000 00:00 0 
7fe0cf8f3000-7fe0cf8f4000 ---p 00000000 00:00 0 
7fe0cf8f4000-7fe0cf9f5000 rw-p 00000000 00:00 0 
7fe0cf9f5000-7fe0cf9f6000 ---p 00000000 00:00 0 
7fe0cf9f6000-7fe0cfaf7000 rw-p 00000000 00:00 0 
7fe0cfaf7000-7fe0cfaf8000 ---p 00000000 00:00 0 
7fe0cfaf8000-7fe0cfbf9000 rw-p 00000000 00:00 0 
7fe0cfbf9000-7fe0cfbfa000 ---p 00000000 00:00 0 
7fe0cfbfa000-7fe0cfcfb000 rw-p 00000000 00:00 0 
7fe0cfcfb000-7fe0cfcfc000 ---p 00000000 00:00 0 
7fe0cfcfc000-7fe0cfdfd000 rw-p 00000000 00:00 0 
7fe0cfdfd000-7fe0cfdfe000 ---p 00000000 00:00 0 
7fe0cfdfe000-7fe0cfeff000 rw-p 00000000 00:00 0 
7fe0cfeff000-7fe0cff03000 ---p 00000000 00:00 0 
7fe0cff03000-7fe0d0000000 rw-p 00000000 00:00 0 
7fe0d0000000-7fe0d0021000 rw-p 00000000 00:00 0 
7fe0d0021000-7fe0d4000000 ---p 00000000 00:00 0 
7fe0d4000000-7fe0d4021000 rw-p 00000000 00:00 0 
7fe0d4021000-7fe0d8000000 ---p 00000000 00:00 0 
7fe0d8000000-7fe0d8021000 rw-p 00000000 00:00 0 
7fe0d8021000-7fe0dc000000 ---p 00000000 00:00 0 
7fe0dc000000-7fe0dc021000 rw-p 00000000 00:00 0 
7fe0dc021000-7fe0e0000000 ---p 00000000 00:00 0 
7fe0e0000000-7fe0e0021000 rw-p 00000000 00:00 0 
7fe0e0021000-7fe0e4000000 ---p 00000000 00:00 0 
7fe0e4000000-7fe0e4021000 rw-p 00000000 00:00 0 
7fe0e4021000-7fe0e8000000 ---p 00000000 00:00 0 
7fe0e8000000-7fe0e8254000 rw-p 00000000 00:00 0 
7fe0e8254000-7fe0ec000000 ---p 00000000 00:00 0 
7fe0ec000000-7fe0ec021000 rw-p 00000000 00:00 0 
7fe0ec021000-7fe0f0000000 ---p 00000000 00:00 0 
7fe0f0000000-7fe0f0021000 rw-p 00000000 00:00 0 
7fe0f0021000-7fe0f4000000 ---p 00000000 00:00 0 
7fe0f4000000-7fe0f501d000 rw-p 00000000 00:00 0 
7fe0f501d000-7fe0f8000000 ---p 00000000 00:00 0 
7fe0f8000000-7fe0f8021000 rw-p 00000000 00:00 0 
7fe0f8021000-7fe0fc000000 ---p 00000000 00:00 0 
7fe0fc000000-7fe0fc021000 rw-p 00000000 00:00 0 
7fe0fc021000-7fe100000000 ---p 00000000 00:00 0 
7fe100000000-7fe100021000 rw-p 00000000 00:00 0 
7fe100021000-7fe104000000 ---p 00000000 00:00 0 
7fe104000000-7fe104071000 rw-p 00000000 00:00 0 
7fe104071000-7fe108000000 ---p 00000000 00:00 0 
7fe108000000-7fe108021000 rw-p 00000000 00:00 0 
7fe108021000-7fe10c000000 ---p 00000000 00:00 0 
7fe10c0fe000-7fe10c102000 ---p 00000000 00:00 0 
7fe10c102000-7fe10c1ff000 rw-p 00000000 00:00 0 
7fe10c1ff000-7fe10c203000 ---p 00000000 00:00 0 
7fe10c203000-7fe10c300000 rw-p 00000000 00:00 0 
7fe10c300000-7fe10c304000 ---p 00000000 00:00 0 
7fe10c304000-7fe10c401000 rw-p 00000000 00:00 0 
7fe10c401000-7fe10c403000 r-xp 00000000 08:08 1314269                    /usr/lib/jvm/java-11-openjdk-amd64/lib/libextnet.so
7fe10c403000-7fe10c602000 ---p 00002000 08:08 1314269                    /usr/lib/jvm/java-11-openjdk-amd64/lib/libextnet.so
7fe10c602000-7fe10c603000 r--p 00001000 08:08 1314269                    /usr/lib/jvm/java-11-openjdk-amd64/lib/libextnet.so
7fe10c603000-7fe10c604000 rw-p 00002000 08:08 1314269                    /usr/lib/jvm/java-11-openjdk-amd64/lib/libextnet.so
7fe10c604000-7fe10c61a000 r-xp 00000000 08:08 1314432                    /usr/lib/jvm/java-11-openjdk-amd64/lib/libnet.so
7fe10c61a000-7fe10c819000 ---p 00016000 08:08 1314432                    /usr/lib/jvm/java-11-openjdk-amd64/lib/libnet.so
7fe10c819000-7fe10c81a000 r--p 00015000 08:08 1314432                    /usr/lib/jvm/java-11-openjdk-amd64/lib/libnet.so
7fe10c81a000-7fe10c81b000 rw-p 00016000 08:08 1314432                    /usr/lib/jvm/java-11-openjdk-amd64/lib/libnet.so
7fe10c81b000-7fe10c82b000 r-xp 00000000 08:08 1314433                    /usr/lib/jvm/java-11-openjdk-amd64/lib/libnio.so
7fe10c82b000-7fe10ca2a000 ---p 00010000 08:08 1314433                    /usr/lib/jvm/java-11-openjdk-amd64/lib/libnio.so
7fe10ca2a000-7fe10ca2b000 r--p 0000f000 08:08 1314433                    /usr/lib/jvm/java-11-openjdk-amd64/lib/libnio.so
7fe10ca2b000-7fe10ca2c000 rw-p 00010000 08:08 1314433                    /usr/lib/jvm/java-11-openjdk-amd64/lib/libnio.so
7fe10ca2c000-7fe10ca30000 ---p 00000000 00:00 0 
7fe10ca30000-7fe10cb2d000 rw-p 00000000 00:00 0 
7fe10cb2d000-7fe10cb2e000 ---p 00000000 00:00 0 
7fe10cb2e000-7fe10cc2f000 rw-p 00000000 00:00 0 
7fe10cc2f000-7fe10cc33000 ---p 00000000 00:00 0 
7fe10cc33000-7fe10cd30000 rw-p 00000000 00:00 0 
7fe10cd30000-7fe10cd34000 ---p 00000000 00:00 0 
7fe10cd34000-7fe10ce31000 rw-p 00000000 00:00 0 
7fe10ce31000-7fe10d800000 r--p 00000000 08:08 9706146                    /usr/lib/locale/locale-archive
7fe10d800000-7fe10df00000 rw-p 00000000 00:00 0 
7fe10df00000-7fe10e000000 ---p 00000000 00:00 0 
7fe10e000000-7fe110000000 rw-p 00000000 00:00 0 
7fe110000000-7fe110021000 rw-p 00000000 00:00 0 
7fe110021000-7fe114000000 ---p 00000000 00:00 0 
7fe114000000-7fe114021000 rw-p 00000000 00:00 0 
7fe114021000-7fe118000000 ---p 00000000 00:00 0 
7fe118000000-7fe1185a8000 rw-p 00000000 00:00 0 
7fe1185a8000-7fe11aff8000 ---p 00000000 00:00 0 
7fe11aff8000-7fe11b000000 rw-p 00000000 00:00 0 
7fe11b000000-7fe11c000000 ---p 00000000 00:00 0 
7fe11c000000-7fe11c5a8000 rw-p 00000000 00:00 0 
7fe11c5a8000-7fe11eff8000 ---p 00000000 00:00 0 
7fe11eff8000-7fe11f000000 rw-p 00000000 00:00 0 
7fe11f000000-7fe120000000 ---p 00000000 00:00 0 
7fe120000000-7fe120021000 rw-p 00000000 00:00 0 
7fe120021000-7fe124000000 ---p 00000000 00:00 0 
7fe12403e000-7fe12406f000 rw-p 00000000 00:00 0 
7fe12406f000-7fe124073000 ---p 00000000 00:00 0 
7fe124073000-7fe124170000 rw-p 00000000 00:00 0 
7fe124170000-7fe124174000 ---p 00000000 00:00 0 
7fe124174000-7fe124271000 rw-p 00000000 00:00 0 
7fe124271000-7fe124275000 ---p 00000000 00:00 0 
7fe124275000-7fe124372000 rw-p 00000000 00:00 0 
7fe124372000-7fe124376000 ---p 00000000 00:00 0 
7fe124376000-7fe124473000 rw-p 00000000 00:00 0 
7fe124473000-7fe124477000 ---p 00000000 00:00 0 
7fe124477000-7fe124574000 rw-p 00000000 00:00 0 
7fe124574000-7fe124575000 ---p 00000000 00:00 0 
7fe124575000-7fe12477a000 rw-p 00000000 00:00 0 
7fe12477a000-7fe12477b000 ---p 00000000 00:00 0 
7fe12477b000-7fe12487c000 rw-p 00000000 00:00 0 
7fe12487c000-7fe12487d000 ---p 00000000 00:00 0 
7fe12487d000-7fe12497e000 rw-p 00000000 00:00 0 
7fe12497e000-7fe124bee000 rwxp 00000000 00:00 0 
7fe124bee000-7fe124f0e000 ---p 00000000 00:00 0 
7fe124f0e000-7fe12517e000 rwxp 00000000 00:00 0 
7fe12517e000-7fe12c446000 ---p 00000000 00:00 0 
7fe12c446000-7fe12c6b6000 rwxp 00000000 00:00 0 
7fe12c6b6000-7fe13397e000 ---p 00000000 00:00 0 
7fe13397e000-7fe13c000000 r--s 00000000 08:08 1314442                    /usr/lib/jvm/java-11-openjdk-amd64/lib/modules
7fe13c000000-7fe13c3f1000 rw-p 00000000 00:00 0 
7fe13c3f1000-7fe140000000 ---p 00000000 00:00 0 
7fe14001d000-7fe140442000 rw-p 00000000 00:00 0 
7fe140442000-7fe140443000 ---p 00000000 00:00 0 
7fe140443000-7fe140544000 rw-p 00000000 00:00 0 
7fe140544000-7fe140545000 ---p 00000000 00:00 0 
7fe140545000-7fe1406fb000 rw-p 00000000 00:00 0 
7fe1406fb000-7fe140c45000 ---p 00000000 00:00 0 
7fe140c45000-7fe140c46000 rw-p 00000000 00:00 0 
7fe140c46000-7fe140e46000 ---p 00000000 00:00 0 
7fe140e46000-7fe140efb000 rw-p 00000000 00:00 0 
7fe140efb000-7fe141445000 ---p 00000000 00:00 0 
7fe141445000-7fe141446000 rw-p 00000000 00:00 0 
7fe141446000-7fe141646000 ---p 00000000 00:00 0 
7fe141646000-7fe1416fb000 rw-p 00000000 00:00 0 
7fe1416fb000-7fe141c45000 ---p 00000000 00:00 0 
7fe141c45000-7fe141c46000 rw-p 00000000 00:00 0 
7fe141c46000-7fe141e46000 ---p 00000000 00:00 0 
7fe141e46000-7fe14224a000 rw-p 00000000 00:00 0 
7fe14224a000-7fe14224b000 ---p 00000000 00:00 0 
7fe14224b000-7fe142351000 rw-p 00000000 00:00 0 
7fe142351000-7fe142437000 ---p 00000000 00:00 0 
7fe142437000-7fe14243c000 rw-p 00000000 00:00 0 
7fe14243c000-7fe142522000 ---p 00000000 00:00 0 
7fe142522000-7fe142527000 r-xp 00000000 08:08 1314424                    /usr/lib/jvm/java-11-openjdk-amd64/lib/libjimage.so
7fe142527000-7fe142726000 ---p 00005000 08:08 1314424                    /usr/lib/jvm/java-11-openjdk-amd64/lib/libjimage.so
7fe142726000-7fe142727000 r--p 00004000 08:08 1314424                    /usr/lib/jvm/java-11-openjdk-amd64/lib/libjimage.so
7fe142727000-7fe142728000 rw-p 00005000 08:08 1314424                    /usr/lib/jvm/java-11-openjdk-amd64/lib/libjimage.so
7fe142728000-7fe14272f000 r-xp 00000000 08:08 1314441                    /usr/lib/jvm/java-11-openjdk-amd64/lib/libzip.so
7fe14272f000-7fe14292e000 ---p 00007000 08:08 1314441                    /usr/lib/jvm/java-11-openjdk-amd64/lib/libzip.so
7fe14292e000-7fe14292f000 r--p 00006000 08:08 1314441                    /usr/lib/jvm/java-11-openjdk-amd64/lib/libzip.so
7fe14292f000-7fe142930000 rw-p 00007000 08:08 1314441                    /usr/lib/jvm/java-11-openjdk-amd64/lib/libzip.so
7fe142930000-7fe14293b000 r-xp 00000000 08:08 4592462                    /lib/x86_64-linux-gnu/libnss_files-2.27.so
7fe14293b000-7fe142b3a000 ---p 0000b000 08:08 4592462                    /lib/x86_64-linux-gnu/libnss_files-2.27.so
7fe142b3a000-7fe142b3b000 r--p 0000a000 08:08 4592462                    /lib/x86_64-linux-gnu/libnss_files-2.27.so
7fe142b3b000-7fe142b3c000 rw-p 0000b000 08:08 4592462                    /lib/x86_64-linux-gnu/libnss_files-2.27.so
7fe142b3c000-7fe142b42000 rw-p 00000000 00:00 0 
7fe142b42000-7fe142b59000 r-xp 00000000 08:08 4592456                    /lib/x86_64-linux-gnu/libnsl-2.27.so
7fe142b59000-7fe142d58000 ---p 00017000 08:08 4592456                    /lib/x86_64-linux-gnu/libnsl-2.27.so
7fe142d58000-7fe142d59000 r--p 00016000 08:08 4592456                    /lib/x86_64-linux-gnu/libnsl-2.27.so
7fe142d59000-7fe142d5a000 rw-p 00017000 08:08 4592456                    /lib/x86_64-linux-gnu/libnsl-2.27.so
7fe142d5a000-7fe142d5c000 rw-p 00000000 00:00 0 
7fe142d5c000-7fe142d67000 r-xp 00000000 08:08 4592473                    /lib/x86_64-linux-gnu/libnss_nis-2.27.so
7fe142d67000-7fe142f66000 ---p 0000b000 08:08 4592473                    /lib/x86_64-linux-gnu/libnss_nis-2.27.so
7fe142f66000-7fe142f67000 r--p 0000a000 08:08 4592473                    /lib/x86_64-linux-gnu/libnss_nis-2.27.so
7fe142f67000-7fe142f68000 rw-p 0000b000 08:08 4592473                    /lib/x86_64-linux-gnu/libnss_nis-2.27.so
7fe142f68000-7fe142f70000 r-xp 00000000 08:08 4592458                    /lib/x86_64-linux-gnu/libnss_compat-2.27.so
7fe142f70000-7fe143170000 ---p 00008000 08:08 4592458                    /lib/x86_64-linux-gnu/libnss_compat-2.27.so
7fe143170000-7fe143171000 r--p 00008000 08:08 4592458                    /lib/x86_64-linux-gnu/libnss_compat-2.27.so
7fe143171000-7fe143172000 rw-p 00009000 08:08 4592458                    /lib/x86_64-linux-gnu/libnss_compat-2.27.so
7fe143172000-7fe14319b000 r-xp 00000000 08:08 1314420                    /usr/lib/jvm/java-11-openjdk-amd64/lib/libjava.so
7fe14319b000-7fe14339a000 ---p 00029000 08:08 1314420                    /usr/lib/jvm/java-11-openjdk-amd64/lib/libjava.so
7fe14339a000-7fe14339b000 r--p 00028000 08:08 1314420                    /usr/lib/jvm/java-11-openjdk-amd64/lib/libjava.so
7fe14339b000-7fe14339d000 rw-p 00029000 08:08 1314420                    /usr/lib/jvm/java-11-openjdk-amd64/lib/libjava.so
7fe14339d000-7fe1433aa000 r-xp 00000000 08:08 1314440                    /usr/lib/jvm/java-11-openjdk-amd64/lib/libverify.so
7fe1433aa000-7fe1435a9000 ---p 0000d000 08:08 1314440                    /usr/lib/jvm/java-11-openjdk-amd64/lib/libverify.so
7fe1435a9000-7fe1435ab000 r--p 0000c000 08:08 1314440                    /usr/lib/jvm/java-11-openjdk-amd64/lib/libverify.so
7fe1435ab000-7fe1435ac000 rw-p 0000e000 08:08 1314440                    /usr/lib/jvm/java-11-openjdk-amd64/lib/libverify.so
7fe1435ac000-7fe1435b3000 r-xp 00000000 08:08 4592513                    /lib/x86_64-linux-gnu/librt-2.27.so
7fe1435b3000-7fe1437b2000 ---p 00007000 08:08 4592513                    /lib/x86_64-linux-gnu/librt-2.27.so
7fe1437b2000-7fe1437b3000 r--p 00006000 08:08 4592513                    /lib/x86_64-linux-gnu/librt-2.27.so
7fe1437b3000-7fe1437b4000 rw-p 00007000 08:08 4592513                    /lib/x86_64-linux-gnu/librt-2.27.so
7fe1437b4000-7fe1437cb000 r-xp 00000000 08:08 4587818                    /lib/x86_64-linux-gnu/libgcc_s.so.1
7fe1437cb000-7fe1439ca000 ---p 00017000 08:08 4587818                    /lib/x86_64-linux-gnu/libgcc_s.so.1
7fe1439ca000-7fe1439cb000 r--p 00016000 08:08 4587818                    /lib/x86_64-linux-gnu/libgcc_s.so.1
7fe1439cb000-7fe1439cc000 rw-p 00017000 08:08 4587818                    /lib/x86_64-linux-gnu/libgcc_s.so.1
7fe1439cc000-7fe143b69000 r-xp 00000000 08:08 4592435                    /lib/x86_64-linux-gnu/libm-2.27.so
7fe143b69000-7fe143d68000 ---p 0019d000 08:08 4592435                    /lib/x86_64-linux-gnu/libm-2.27.so
7fe143d68000-7fe143d69000 r--p 0019c000 08:08 4592435                    /lib/x86_64-linux-gnu/libm-2.27.so
7fe143d69000-7fe143d6a000 rw-p 0019d000 08:08 4592435                    /lib/x86_64-linux-gnu/libm-2.27.so
7fe143d6a000-7fe143ee3000 r-xp 00000000 08:08 9700561                    /usr/lib/x86_64-linux-gnu/libstdc++.so.6.0.25
7fe143ee3000-7fe1440e3000 ---p 00179000 08:08 9700561                    /usr/lib/x86_64-linux-gnu/libstdc++.so.6.0.25
7fe1440e3000-7fe1440ed000 r--p 00179000 08:08 9700561                    /usr/lib/x86_64-linux-gnu/libstdc++.so.6.0.25
7fe1440ed000-7fe1440ef000 rw-p 00183000 08:08 9700561                    /usr/lib/x86_64-linux-gnu/libstdc++.so.6.0.25
7fe1440ef000-7fe1440f3000 rw-p 00000000 00:00 0 
7fe1440f3000-7fe1451bb000 r-xp 00000000 08:08 1314445                    /usr/lib/jvm/java-11-openjdk-amd64/lib/server/libjvm.so
7fe1451bb000-7fe1453bb000 ---p 010c8000 08:08 1314445                    /usr/lib/jvm/java-11-openjdk-amd64/lib/server/libjvm.so
7fe1453bb000-7fe145478000 r--p 010c8000 08:08 1314445                    /usr/lib/jvm/java-11-openjdk-amd64/lib/server/libjvm.so
7fe145478000-7fe1454b1000 rw-p 01185000 08:08 1314445                    /usr/lib/jvm/java-11-openjdk-amd64/lib/server/libjvm.so
7fe1454b1000-7fe145507000 rw-p 00000000 00:00 0 
7fe145507000-7fe145521000 r-xp 00000000 08:08 4592505                    /lib/x86_64-linux-gnu/libpthread-2.27.so
7fe145521000-7fe145720000 ---p 0001a000 08:08 4592505                    /lib/x86_64-linux-gnu/libpthread-2.27.so
7fe145720000-7fe145721000 r--p 00019000 08:08 4592505                    /lib/x86_64-linux-gnu/libpthread-2.27.so
7fe145721000-7fe145722000 rw-p 0001a000 08:08 4592505                    /lib/x86_64-linux-gnu/libpthread-2.27.so
7fe145722000-7fe145726000 rw-p 00000000 00:00 0 
7fe145726000-7fe145729000 r-xp 00000000 08:08 4592395                    /lib/x86_64-linux-gnu/libdl-2.27.so
7fe145729000-7fe145928000 ---p 00003000 08:08 4592395                    /lib/x86_64-linux-gnu/libdl-2.27.so
7fe145928000-7fe145929000 r--p 00002000 08:08 4592395                    /lib/x86_64-linux-gnu/libdl-2.27.so
7fe145929000-7fe14592a000 rw-p 00003000 08:08 4592395                    /lib/x86_64-linux-gnu/libdl-2.27.so
7fe14592a000-7fe145946000 r-xp 00000000 08:08 4592544                    /lib/x86_64-linux-gnu/libz.so.1.2.11
7fe145946000-7fe145b45000 ---p 0001c000 08:08 4592544                    /lib/x86_64-linux-gnu/libz.so.1.2.11
7fe145b45000-7fe145b46000 r--p 0001b000 08:08 4592544                    /lib/x86_64-linux-gnu/libz.so.1.2.11
7fe145b46000-7fe145b47000 rw-p 0001c000 08:08 4592544                    /lib/x86_64-linux-gnu/libz.so.1.2.11
7fe145b47000-7fe145d2e000 r-xp 00000000 08:08 4592372                    /lib/x86_64-linux-gnu/libc-2.27.so
7fe145d2e000-7fe145f2e000 ---p 001e7000 08:08 4592372                    /lib/x86_64-linux-gnu/libc-2.27.so
7fe145f2e000-7fe145f32000 r--p 001e7000 08:08 4592372                    /lib/x86_64-linux-gnu/libc-2.27.so
7fe145f32000-7fe145f34000 rw-p 001eb000 08:08 4592372                    /lib/x86_64-linux-gnu/libc-2.27.so
7fe145f34000-7fe145f38000 rw-p 00000000 00:00 0 
7fe145f38000-7fe145f47000 r-xp 00000000 08:08 1314261                    /usr/lib/jvm/java-11-openjdk-amd64/lib/jli/libjli.so
7fe145f47000-7fe146147000 ---p 0000f000 08:08 1314261                    /usr/lib/jvm/java-11-openjdk-amd64/lib/jli/libjli.so
7fe146147000-7fe146148000 r--p 0000f000 08:08 1314261                    /usr/lib/jvm/java-11-openjdk-amd64/lib/jli/libjli.so
7fe146148000-7fe146149000 rw-p 00010000 08:08 1314261                    /usr/lib/jvm/java-11-openjdk-amd64/lib/jli/libjli.so
7fe146149000-7fe146170000 r-xp 00000000 08:08 4592344                    /lib/x86_64-linux-gnu/ld-2.27.so
7fe146186000-7fe146251000 rw-p 00000000 00:00 0 
7fe146251000-7fe146255000 ---p 00000000 00:00 0 
7fe146255000-7fe146354000 rw-p 00000000 00:00 0 
7fe146356000-7fe14635b000 rw-p 00000000 00:00 0 
7fe14635b000-7fe146362000 ---p 00000000 00:00 0 
7fe146362000-7fe146364000 r--s 00007000 08:08 10095199                   /usr/share/java/java-atk-wrapper.jar
7fe146364000-7fe14636c000 rw-s 00000000 08:08 9703924                    /tmp/hsperfdata_prasahnt/25978
7fe14636c000-7fe14636d000 ---p 00000000 00:00 0 
7fe14636d000-7fe14636e000 r--p 00000000 00:00 0 
7fe14636e000-7fe146370000 rw-p 00000000 00:00 0 
7fe146370000-7fe146371000 r--p 00027000 08:08 4592344                    /lib/x86_64-linux-gnu/ld-2.27.so
7fe146371000-7fe146372000 rw-p 00028000 08:08 4592344                    /lib/x86_64-linux-gnu/ld-2.27.so
7fe146372000-7fe146373000 rw-p 00000000 00:00 0 
7ffebb5b7000-7ffebb5d8000 rw-p 00000000 00:00 0                          [stack]
7ffebb5e4000-7ffebb5e7000 r--p 00000000 00:00 0                          [vvar]
7ffebb5e7000-7ffebb5e9000 r-xp 00000000 00:00 0                          [vdso]
ffffffffff600000-ffffffffff601000 r-xp 00000000 00:00 0                  [vsyscall]


VM Arguments:
jvm_args: -Xmx4g 
java_command: edu.stanford.nlp.pipeline.StanfordCoreNLPServer -port 9048
java_class_path (initial): /home/prasahnt/Desktop/resources/stanford-corenlp-full-2018-10-05/jaxb-api-2.4.0-b180830.0359.jar:/home/prasahnt/Desktop/resources/stanford-corenlp-full-2018-10-05/stanford-corenlp-3.9.2.jar:/home/prasahnt/Desktop/resources/stanford-corenlp-full-2018-10-05/jaxb-impl-2.4.0-b180830.0438-sources.jar:/home/prasahnt/Desktop/resources/stanford-corenlp-full-2018-10-05/xom.jar:/home/prasahnt/Desktop/resources/stanford-corenlp-full-2018-10-05/stanford-corenlp-3.9.2-javadoc.jar:/home/prasahnt/Desktop/resources/stanford-corenlp-full-2018-10-05/javax.json-api-1.0-sources.jar:/home/prasahnt/Desktop/resources/stanford-corenlp-full-2018-10-05/protobuf.jar:/home/prasahnt/Desktop/resources/stanford-corenlp-full-2018-10-05/stanford-corenlp-3.9.2-models.jar:/home/prasahnt/Desktop/resources/stanford-corenlp-full-2018-10-05/joda-time.jar:/home/prasahnt/Desktop/resources/stanford-corenlp-full-2018-10-05/jaxb-core-2.3.0.1-sources.jar:/home/prasahnt/Desktop/resources/stanford-corenlp-full-2018-10-05/jaxb-impl-2.4.0-b180830.0438.jar:/home/prasahnt/Desktop/resources/stanford-corenlp-full-2018-10-05/joda-time-2.9-sources.jar:/home/prasahnt/Desktop/resources/stanford-corenlp-full-2018-10-05/xom-1.2.10-src.jar:/home/prasahnt/Desktop/resources/stanford-corenlp-full-2018-10-05/ejml-0.23.jar:/home/prasahnt/Desktop/resources/stanford-corenlp-full-2018-10-05/slf4j-simple.jar:/home/prasahnt/Desktop/resources/stanford-corenlp-full-2018-10-05/javax.activation-api-1.2.0-sources.jar:/home/prasahnt/Desktop/resources/stanford-corenlp-full-2018-10-05/stanford-corenlp-3.9.2-sources.jar:/home/prasahnt/Desktop/resources/stanford-corenlp-full-2018-10-05/javax.activation-api-1.2.0.jar:/home/prasahnt/Desktop/resources/stanford-corenlp-full-2018-10-05/jollyday-0.4.9-sources.jar:/home/prasahnt/Desktop/resources/stanford-corenlp-full-2018-10-05/jaxb-core-2.3.0.1.jar:/home/prasahnt/Desktop/resources/stanford-corenlp-full-2018-10-05/jaxb-api-2.4.0-b180830.0359-sources.jar:/home/prasahnt/De
Launcher Type: SUN_STANDARD

[Global flags]
     intx CICompilerCount                          = 3                                         {product} {ergonomic}
     uint ConcGCThreads                            = 1                                         {product} {ergonomic}
     uint G1ConcRefinementThreads                  = 4                                         {product} {ergonomic}
   size_t G1HeapRegionSize                         = 1048576                                   {product} {ergonomic}
    uintx GCDrainStackTargetSize                   = 64                                        {product} {ergonomic}
   size_t InitialHeapSize                          = 262144000                                 {product} {ergonomic}
   size_t MarkStackSize                            = 4194304                                   {product} {ergonomic}
   size_t MaxHeapSize                              = 4294967296                                {product} {command line}
   size_t MaxNewSize                               = 2576351232                                {product} {ergonomic}
   size_t MinHeapDeltaBytes                        = 1048576                                   {product} {ergonomic}
    uintx NonNMethodCodeHeapSize                   = 5830092                                {pd product} {ergonomic}
    uintx NonProfiledCodeHeapSize                  = 122914074                              {pd product} {ergonomic}
    uintx ProfiledCodeHeapSize                     = 122914074                              {pd product} {ergonomic}
    uintx ReservedCodeCacheSize                    = 251658240                              {pd product} {ergonomic}
     bool SegmentedCodeCache                       = true                                      {product} {ergonomic}
     bool UseCompressedClassPointers               = true                                 {lp64_product} {ergonomic}
     bool UseCompressedOops                        = true                                 {lp64_product} {ergonomic}
     bool UseG1GC                                  = true                                      {product} {ergonomic}

Logging:
Log output configuration:
 #0: stdout all=warning uptime,level,tags
 #1: stderr all=off uptime,level,tags

Environment Variables:
PATH=/home/prasahnt/anaconda3/envs/handwriting/bin:/home/prasahnt/anaconda3/condabin:/home/prasahnt/anaconda3/bin:/home/prasahnt/.local/bin:/usr/local/sbin:/usr/local/bin:/usr/sbin:/usr/bin:/sbin:/bin:/usr/games:/usr/local/games:/snap/bin
USERNAME=prasahnt
SHELL=/bin/bash
DISPLAY=:0

Signal Handlers:
SIGSEGV: [libjvm.so+0xde2f90], sa_mask[0]=11111111011111111101111111111110, sa_flags=SA_RESTART|SA_SIGINFO
SIGBUS: [libjvm.so+0xde2f90], sa_mask[0]=11111111011111111101111111111110, sa_flags=SA_RESTART|SA_SIGINFO
SIGFPE: [libjvm.so+0xde2f90], sa_mask[0]=11111111011111111101111111111110, sa_flags=SA_RESTART|SA_SIGINFO
SIGPIPE: [libjvm.so+0xbb85d0], sa_mask[0]=11111111011111111101111111111110, sa_flags=SA_RESTART|SA_SIGINFO
SIGXFSZ: [libjvm.so+0xbb85d0], sa_mask[0]=11111111011111111101111111111110, sa_flags=SA_RESTART|SA_SIGINFO
SIGILL: [libjvm.so+0xde2f90], sa_mask[0]=11111111011111111101111111111110, sa_flags=SA_RESTART|SA_SIGINFO
SIGUSR2: [libjvm.so+0xbb8470], sa_mask[0]=00000000000000000000000000000000, sa_flags=SA_RESTART|SA_SIGINFO
SIGHUP: [libjvm.so+0xbb87d0], sa_mask[0]=11111111011111111101111111111110, sa_flags=SA_RESTART|SA_SIGINFO
SIGINT: [libjvm.so+0xbb87d0], sa_mask[0]=11111111011111111101111111111110, sa_flags=SA_RESTART|SA_SIGINFO
SIGTERM: [libjvm.so+0xbb87d0], sa_mask[0]=11111111011111111101111111111110, sa_flags=SA_RESTART|SA_SIGINFO
SIGQUIT: [libjvm.so+0xbb87d0], sa_mask[0]=11111111011111111101111111111110, sa_flags=SA_RESTART|SA_SIGINFO


---------------  S Y S T E M  ---------------

OS:DISTRIB_ID=Ubuntu
DISTRIB_RELEASE=18.04
DISTRIB_CODENAME=bionic
DISTRIB_DESCRIPTION="Ubuntu 18.04.2 LTS"
uname:Linux 4.18.0-20-generic #21~18.04.1-Ubuntu SMP Wed May 8 08:43:37 UTC 2019 x86_64
libc:glibc 2.27 NPTL 2.27 
rlimit: STACK 8192k, CORE 0k, NPROC 62668, NOFILE 4096, AS infinity, DATA infinity, FSIZE infinity
load average:1.35 1.14 1.10

/proc/meminfo:
MemTotal:       16315008 kB
MemFree:          189688 kB
MemAvailable:     127044 kB
Buffers:            1260 kB
Cached:           367476 kB
SwapCached:        12988 kB
Active:         14273436 kB
Inactive:        1380340 kB
Active(anon):   14199692 kB
Inactive(anon):  1288716 kB
Active(file):      73744 kB
Inactive(file):    91624 kB
Unevictable:          48 kB
Mlocked:              48 kB
SwapTotal:       2097148 kB
SwapFree:              0 kB
Dirty:               620 kB
Writeback:             0 kB
AnonPages:      15272288 kB
Mapped:           238512 kB
Shmem:            205452 kB
Slab:             150900 kB
SReclaimable:      56384 kB
SUnreclaim:        94516 kB
KernelStack:       41104 kB
PageTables:       139552 kB
NFS_Unstable:          0 kB
Bounce:                0 kB
WritebackTmp:          0 kB
CommitLimit:    10254652 kB
Committed_AS:   37281308 kB
VmallocTotal:   34359738367 kB
VmallocUsed:           0 kB
VmallocChunk:          0 kB
HardwareCorrupted:     0 kB
AnonHugePages:         0 kB
ShmemHugePages:        0 kB
ShmemPmdMapped:        0 kB
CmaTotal:              0 kB
CmaFree:               0 kB
HugePages_Total:       0
HugePages_Free:        0
HugePages_Rsvd:        0
HugePages_Surp:        0
Hugepagesize:       2048 kB
Hugetlb:               0 kB
DirectMap4k:      415964 kB
DirectMap2M:    16250880 kB
DirectMap1G:     1048576 kB


/proc/sys/kernel/threads-max (system-wide limit on the number of threads):
125336


/proc/sys/vm/max_map_count (maximum number of memory map areas a process may have):
65530


/proc/sys/kernel/pid_max (system-wide limit on number of process identifiers):
32768



container (cgroup) information:
container_type: cgroupv1
cpu_cpuset_cpus: 0-3
cpu_memory_nodes: 0
active_processor_count: 4
cpu_quota: -1
cpu_period: 100000
cpu_shares: -1
memory_limit_in_bytes: -1
memory_and_swap_limit_in_bytes: -2
memory_soft_limit_in_bytes: -1
memory_usage_in_bytes: 16020656128
memory_max_usage_in_bytes: 0


CPU:total 4 (initial active 4) (2 cores per cpu, 2 threads per core) family 6 model 78 stepping 3, cmov, cx8, fxsr, mmx, sse, sse2, sse3, ssse3, sse4.1, sse4.2, popcnt, avx, avx2, aes, clmul, erms, 3dnowpref, lzcnt, ht, tsc, tscinvbit, bmi1, bmi2, adx, fma
CPU Model and flags from /proc/cpuinfo:
model name	: Intel(R) Core(TM) i5-6200U CPU @ 2.30GHz
flags		: fpu vme de pse tsc msr pae mce cx8 apic sep mtrr pge mca cmov pat pse36 clflush dts acpi mmx fxsr sse sse2 ss ht tm pbe syscall nx pdpe1gb rdtscp lm constant_tsc art arch_perfmon pebs bts rep_good nopl xtopology nonstop_tsc cpuid aperfmperf tsc_known_freq pni pclmulqdq dtes64 monitor ds_cpl vmx est tm2 ssse3 sdbg fma cx16 xtpr pdcm pcid sse4_1 sse4_2 x2apic movbe popcnt tsc_deadline_timer aes xsave avx f16c rdrand lahf_lm abm 3dnowprefetch cpuid_fault epb invpcid_single pti ssbd ibrs ibpb stibp tpr_shadow vnmi flexpriority ept vpid fsgsbase tsc_adjust bmi1 avx2 smep bmi2 erms invpcid mpx rdseed adx smap clflushopt intel_pt xsaveopt xsavec xgetbv1 xsaves dtherm ida arat pln pts hwp hwp_notify hwp_act_window hwp_epp md_clear flush_l1d

Memory: 4k page, physical 16315008k(189472k free), swap 2097148k(0k free)

vm_info: OpenJDK 64-Bit Server VM (11.0.3+7-Ubuntu-1ubuntu218.04.1) for linux-amd64 JRE (11.0.3+7-Ubuntu-1ubuntu218.04.1), built on Apr 23 2019 18:34:35 by "buildd" with gcc 7.3.0

END.
