#
# There is insufficient memory for the Java Runtime Environment to continue.
# Native memory allocation (mmap) failed to map 759169024 bytes for committing reserved memory.
# Possible reasons:
#   The system is out of physical RAM or swap space
#   The process is running with CompressedOops enabled, and the Java Heap may be blocking the growth of the native heap
# Possible solutions:
#   Reduce memory load on the system
#   Increase physical memory or swap space
#   Check if swap backing store is full
#   Decrease Java heap size (-Xmx/-Xms)
#   Decrease number of Java threads
#   Decrease Java thread stack sizes (-Xss)
#   Set larger code cache with -XX:ReservedCodeCacheSize=
#   JVM is running with Zero Based Compressed Oops mode in which the Java heap is
#     placed in the first 32GB address space. The Java Heap base address is the
#     maximum limit for the native heap growth. Please use -XX:HeapBaseMinAddress
#     to set the Java Heap base and to place the Java Heap above 32GB virtual address.
# This output file may be truncated or incomplete.
#
#  Out of Memory Error (os_linux.cpp:2719), pid=25453, tid=25460
#
# JRE version: OpenJDK Runtime Environment (11.0.3+7) (build 11.0.3+7-Ubuntu-1ubuntu218.04.1)
# Java VM: OpenJDK 64-Bit Server VM (11.0.3+7-Ubuntu-1ubuntu218.04.1, mixed mode, sharing, tiered, compressed oops, g1 gc, linux-amd64)
# Core dump will be written. Default location: Core dumps may be processed with "/usr/share/apport/apport %p %s %c %d %P" (or dumping to /home/prasahnt/Desktop/handwriting/backend/utilities/core.25453)
#

---------------  S U M M A R Y ------------

Command Line: -Xmx4g edu.stanford.nlp.pipeline.StanfordCoreNLPServer -port 9046

Host: Intel(R) Core(TM) i5-6200U CPU @ 2.30GHz, 4 cores, 15G, Ubuntu 18.04.2 LTS
Time: Fri Jun  7 16:54:39 2019 IST elapsed time: 3 seconds (0d 0h 0m 3s)

---------------  T H R E A D  ---------------

Current thread (0x00007f8498197800):  VMThread "VM Thread" [stack: 0x00007f847011d000,0x00007f847021d000] [id=25460]

Stack: [0x00007f847011d000,0x00007f847021d000],  sp=0x00007f847021aff0,  free space=1015k
Native frames: (J=compiled Java code, A=aot compiled Java code, j=interpreted, Vv=VM code, C=native code)
V  [libjvm.so+0xde1587]
V  [libjvm.so+0xde21db]
V  [libjvm.so+0x650895]
V  [libjvm.so+0xbbc6c8]
V  [libjvm.so+0xbb3f2d]
V  [libjvm.so+0x76ea7f]
V  [libjvm.so+0x76ecee]
V  [libjvm.so+0x77ad60]
V  [libjvm.so+0x7f5e29]
V  [libjvm.so+0x7f6a82]
V  [libjvm.so+0x7f6ee9]
V  [libjvm.so+0x72d3af]
V  [libjvm.so+0x7320aa]
V  [libjvm.so+0xded011]
V  [libjvm.so+0xdebbd8]
V  [libjvm.so+0xde9466]
V  [libjvm.so+0xde992e]
V  [libjvm.so+0xde9d53]
V  [libjvm.so+0xd7805a]
V  [libjvm.so+0xbc238e]

VM_Operation (0x00007f8459dea810): G1CollectForAllocation, mode: safepoint, requested by thread 0x00007f8420108000


---------------  P R O C E S S  ---------------

Threads class SMR info:
_java_thread_list=0x00007f84200f2fc0, length=14, elements={
0x00007f849819a800, 0x00007f849819c800, 0x00007f84981a2000, 0x00007f84981a4000,
0x00007f84981a6000, 0x00007f84981a8000, 0x00007f84981e7000, 0x00007f84981f8000,
0x00007f8498397800, 0x00007f84983e4000, 0x00007f8498012000, 0x00007f8428006000,
0x00007f8428007800, 0x00007f8420108000
}

Java Threads: ( => current thread )
  0x00007f849819a800 JavaThread "Reference Handler" daemon [_thread_blocked, id=25461, stack(0x00007f847001a000,0x00007f847011b000)]
  0x00007f849819c800 JavaThread "Finalizer" daemon [_thread_blocked, id=25462, stack(0x00007f845beff000,0x00007f845c000000)]
  0x00007f84981a2000 JavaThread "Signal Dispatcher" daemon [_thread_blocked, id=25463, stack(0x00007f845b42f000,0x00007f845b530000)]
  0x00007f84981a4000 JavaThread "C2 CompilerThread0" daemon [_thread_blocked, id=25464, stack(0x00007f845b32e000,0x00007f845b42f000)]
  0x00007f84981a6000 JavaThread "C1 CompilerThread0" daemon [_thread_blocked, id=25465, stack(0x00007f845b22d000,0x00007f845b32e000)]
  0x00007f84981a8000 JavaThread "Sweeper thread" daemon [_thread_blocked, id=25466, stack(0x00007f845b12c000,0x00007f845b22d000)]
  0x00007f84981e7000 JavaThread "Service Thread" daemon [_thread_blocked, id=25467, stack(0x00007f845b02b000,0x00007f845b12c000)]
  0x00007f84981f8000 JavaThread "Common-Cleaner" daemon [_thread_blocked, id=25469, stack(0x00007f845ae28000,0x00007f845af29000)]
  0x00007f8498397800 JavaThread "server-timer" daemon [_thread_blocked, id=25470, stack(0x00007f845a6fc000,0x00007f845a7fd000)]
  0x00007f84983e4000 JavaThread "HTTP-Dispatcher" [_thread_in_native, id=25471, stack(0x00007f845a5fb000,0x00007f845a6fc000)]
  0x00007f8498012000 JavaThread "DestroyJavaVM" [_thread_blocked, id=25454, stack(0x00007f84a0644000,0x00007f84a0745000)]
  0x00007f8428006000 JavaThread "pool-1-thread-1" [_thread_blocked, id=25473, stack(0x00007f845a4fa000,0x00007f845a5fb000)]
  0x00007f8428007800 JavaThread "pool-1-thread-2" [_thread_blocked, id=25474, stack(0x00007f845a3f9000,0x00007f845a4fa000)]
  0x00007f8420108000 JavaThread "pool-2-thread-1" [_thread_blocked, id=25481, stack(0x00007f8459cec000,0x00007f8459ded000)]

Other Threads:
=>0x00007f8498197800 VMThread "VM Thread" [stack: 0x00007f847011d000,0x00007f847021d000] [id=25460]
  0x00007f84981f1800 WatcherThread [stack: 0x00007f845af2b000,0x00007f845b02b000] [id=25468]
  0x00007f8498028800 GCTaskThread "GC Thread#0" [stack: 0x00007f849c63f000,0x00007f849c73f000] [id=25455]
  0x00007f8460001000 GCTaskThread "GC Thread#1" [stack: 0x00007f845a2f9000,0x00007f845a3f9000] [id=25475]
  0x00007f8460002800 GCTaskThread "GC Thread#2" [stack: 0x00007f845a1f7000,0x00007f845a2f7000] [id=25476]
  0x00007f8460004000 GCTaskThread "GC Thread#3" [stack: 0x00007f845a0f5000,0x00007f845a1f5000] [id=25477]
  0x00007f8498069000 ConcurrentGCThread "G1 Main Marker" [stack: 0x00007f849c139000,0x00007f849c239000] [id=25456]
  0x00007f849806a800 ConcurrentGCThread "G1 Conc#0" [stack: 0x00007f849c037000,0x00007f849c137000] [id=25457]
  0x00007f849815b000 ConcurrentGCThread "G1 Refine#0" [stack: 0x00007f8470bfd000,0x00007f8470cfd000] [id=25458]
  0x00007f8468003000 ConcurrentGCThread "G1 Refine#1" [stack: 0x00007f8459ff3000,0x00007f845a0f3000] [id=25478]
  0x00007f8410001000 ConcurrentGCThread "G1 Refine#2" [stack: 0x00007f8459ef1000,0x00007f8459ff1000] [id=25479]
  0x00007f8414001000 ConcurrentGCThread "G1 Refine#3" [stack: 0x00007f8459def000,0x00007f8459eef000] [id=25480]
  0x00007f849815c800 ConcurrentGCThread "G1 Young RemSet Sampling" [stack: 0x00007f8470afb000,0x00007f8470bfb000] [id=25459]

Threads with active compile tasks:
C2 CompilerThread01247       4       java.util.AbstractCollection::toArray (144 bytes)

VM state:at safepoint (normal execution)

VM Mutex/Monitor currently owned by a thread:  ([mutex/lock_event])
[0x00007f849800e630] Threads_lock - owner thread: 0x00007f8498197800
[0x00007f849800ed80] Heap_lock - owner thread: 0x00007f8420108000

Heap address: 0x0000000700000000, size: 4096 MB, Compressed Oops mode: Zero based, Oop shift amount: 3
Narrow klass base: 0x0000000800000000, Narrow klass shift: 3
Compressed class space size: 1073741824 Address: 0x0000000840000000

Heap:
 garbage-first heap   total 1112064K, used 155154K [0x0000000700000000, 0x0000000800000000)
  region size 1024K, 4 young (4096K), 4 survivors (4096K)
 Metaspace       used 6482K, capacity 7881K, committed 8064K, reserved 1056768K
  class space    used 669K, capacity 839K, committed 896K, reserved 1048576K
Heap Regions: E=young(eden), S=young(survivor), O=old, HS=humongous(starts), HC=humongous(continues), CS=collection set, F=free, A=archive, TAMS=top-at-mark-start (previous, next)
|   0|0x0000000700000000, 0x0000000700100000, 0x0000000700100000|100%| O|  |TAMS 0x0000000700000000, 0x0000000700000000| Untracked 
|   1|0x0000000700100000, 0x0000000700200000, 0x0000000700200000|100%| O|  |TAMS 0x0000000700100000, 0x0000000700100000| Untracked 
|   2|0x0000000700200000, 0x0000000700300000, 0x0000000700300000|100%| O|  |TAMS 0x0000000700200000, 0x0000000700200000| Untracked 
|   3|0x0000000700300000, 0x0000000700400000, 0x0000000700400000|100%| O|  |TAMS 0x0000000700300000, 0x0000000700300000| Untracked 
|   4|0x0000000700400000, 0x0000000700500000, 0x0000000700500000|100%| O|  |TAMS 0x0000000700400000, 0x0000000700400000| Untracked 
|   5|0x0000000700500000, 0x0000000700600000, 0x0000000700600000|100%| O|  |TAMS 0x0000000700500000, 0x0000000700500000| Untracked 
|   6|0x0000000700600000, 0x0000000700700000, 0x0000000700700000|100%| O|  |TAMS 0x0000000700600000, 0x0000000700600000| Untracked 
|   7|0x0000000700700000, 0x0000000700800000, 0x0000000700800000|100%| O|  |TAMS 0x0000000700700000, 0x0000000700700000| Untracked 
|   8|0x0000000700800000, 0x0000000700900000, 0x0000000700900000|100%|HS|  |TAMS 0x0000000700800000, 0x0000000700800000| Complete 
|   9|0x0000000700900000, 0x0000000700a00000, 0x0000000700a00000|100%|HS|  |TAMS 0x0000000700900000, 0x0000000700900000| Complete 
|  10|0x0000000700a00000, 0x0000000700b00000, 0x0000000700b00000|100%|HC|  |TAMS 0x0000000700a00000, 0x0000000700a00000| Complete 
|  11|0x0000000700b00000, 0x0000000700c00000, 0x0000000700c00000|100%|HC|  |TAMS 0x0000000700b00000, 0x0000000700b00000| Complete 
|  12|0x0000000700c00000, 0x0000000700d00000, 0x0000000700d00000|100%|HC|  |TAMS 0x0000000700c00000, 0x0000000700c00000| Complete 
|  13|0x0000000700d00000, 0x0000000700e00000, 0x0000000700e00000|100%|HC|  |TAMS 0x0000000700d00000, 0x0000000700d00000| Complete 
|  14|0x0000000700e00000, 0x0000000700f00000, 0x0000000700f00000|100%| O|  |TAMS 0x0000000700e00000, 0x0000000700e00000| Untracked 
|  15|0x0000000700f00000, 0x0000000701000000, 0x0000000701000000|100%| O|  |TAMS 0x0000000700f00000, 0x0000000700f00000| Untracked 
|  16|0x0000000701000000, 0x0000000701100000, 0x0000000701100000|100%| O|  |TAMS 0x0000000701000000, 0x0000000701000000| Untracked 
|  17|0x0000000701100000, 0x0000000701200000, 0x0000000701200000|100%| O|  |TAMS 0x0000000701100000, 0x0000000701100000| Untracked 
|  18|0x0000000701200000, 0x0000000701300000, 0x0000000701300000|100%| O|  |TAMS 0x0000000701200000, 0x0000000701200000| Untracked 
|  19|0x0000000701300000, 0x0000000701400000, 0x0000000701400000|100%| O|  |TAMS 0x0000000701300000, 0x0000000701300000| Untracked 
|  20|0x0000000701400000, 0x0000000701500000, 0x0000000701500000|100%| O|  |TAMS 0x0000000701400000, 0x0000000701400000| Untracked 
|  21|0x0000000701500000, 0x0000000701600000, 0x0000000701600000|100%| O|  |TAMS 0x0000000701500000, 0x0000000701500000| Untracked 
|  22|0x0000000701600000, 0x0000000701700000, 0x0000000701700000|100%| O|  |TAMS 0x0000000701600000, 0x0000000701600000| Untracked 
|  23|0x0000000701700000, 0x0000000701800000, 0x0000000701800000|100%| O|  |TAMS 0x0000000701700000, 0x0000000701700000| Untracked 
|  24|0x0000000701800000, 0x0000000701900000, 0x0000000701900000|100%| O|  |TAMS 0x0000000701800000, 0x0000000701800000| Untracked 
|  25|0x0000000701900000, 0x0000000701a00000, 0x0000000701a00000|100%| O|  |TAMS 0x0000000701900000, 0x0000000701900000| Untracked 
|  26|0x0000000701a00000, 0x0000000701b00000, 0x0000000701b00000|100%| O|  |TAMS 0x0000000701a00000, 0x0000000701a00000| Untracked 
|  27|0x0000000701b00000, 0x0000000701c00000, 0x0000000701c00000|100%| O|  |TAMS 0x0000000701b00000, 0x0000000701b00000| Untracked 
|  28|0x0000000701c00000, 0x0000000701d00000, 0x0000000701d00000|100%| O|  |TAMS 0x0000000701c00000, 0x0000000701c00000| Untracked 
|  29|0x0000000701d00000, 0x0000000701e00000, 0x0000000701e00000|100%|HS|  |TAMS 0x0000000701d00000, 0x0000000701d00000| Complete 
|  30|0x0000000701e00000, 0x0000000701f00000, 0x0000000701f00000|100%|HS|  |TAMS 0x0000000701e00000, 0x0000000701e00000| Complete 
|  31|0x0000000701f00000, 0x0000000702000000, 0x0000000702000000|100%|HS|  |TAMS 0x0000000701f00000, 0x0000000701f00000| Complete 
|  32|0x0000000702000000, 0x0000000702100000, 0x0000000702100000|100%|HC|  |TAMS 0x0000000702000000, 0x0000000702000000| Complete 
|  33|0x0000000702100000, 0x0000000702200000, 0x0000000702200000|100%|HS|  |TAMS 0x0000000702100000, 0x0000000702100000| Complete 
|  34|0x0000000702200000, 0x0000000702300000, 0x0000000702300000|100%|HC|  |TAMS 0x0000000702200000, 0x0000000702200000| Complete 
|  35|0x0000000702300000, 0x0000000702400000, 0x0000000702400000|100%| O|  |TAMS 0x0000000702300000, 0x0000000702300000| Untracked 
|  36|0x0000000702400000, 0x0000000702500000, 0x0000000702500000|100%| O|  |TAMS 0x0000000702400000, 0x0000000702400000| Untracked 
|  37|0x0000000702500000, 0x0000000702600000, 0x0000000702600000|100%| O|  |TAMS 0x0000000702500000, 0x0000000702500000| Untracked 
|  38|0x0000000702600000, 0x0000000702700000, 0x0000000702700000|100%| O|  |TAMS 0x0000000702600000, 0x0000000702600000| Untracked 
|  39|0x0000000702700000, 0x0000000702800000, 0x0000000702800000|100%| O|  |TAMS 0x0000000702700000, 0x0000000702700000| Untracked 
|  40|0x0000000702800000, 0x0000000702900000, 0x0000000702900000|100%| O|  |TAMS 0x0000000702800000, 0x0000000702800000| Untracked 
|  41|0x0000000702900000, 0x0000000702a00000, 0x0000000702a00000|100%| O|  |TAMS 0x0000000702900000, 0x0000000702900000| Untracked 
|  42|0x0000000702a00000, 0x0000000702b00000, 0x0000000702b00000|100%| O|  |TAMS 0x0000000702a00000, 0x0000000702a00000| Untracked 
|  43|0x0000000702b00000, 0x0000000702c00000, 0x0000000702c00000|100%| O|  |TAMS 0x0000000702b00000, 0x0000000702b00000| Untracked 
|  44|0x0000000702c00000, 0x0000000702d00000, 0x0000000702d00000|100%| O|  |TAMS 0x0000000702c00000, 0x0000000702c00000| Untracked 
|  45|0x0000000702d00000, 0x0000000702e00000, 0x0000000702e00000|100%| O|  |TAMS 0x0000000702d00000, 0x0000000702d00000| Untracked 
|  46|0x0000000702e00000, 0x0000000702f00000, 0x0000000702f00000|100%| O|  |TAMS 0x0000000702e00000, 0x0000000702e00000| Untracked 
|  47|0x0000000702f00000, 0x0000000703000000, 0x0000000703000000|100%| O|  |TAMS 0x0000000702f00000, 0x0000000702f00000| Untracked 
|  48|0x0000000703000000, 0x0000000703100000, 0x0000000703100000|100%| O|  |TAMS 0x0000000703000000, 0x0000000703000000| Untracked 
|  49|0x0000000703100000, 0x0000000703200000, 0x0000000703200000|100%|HS|  |TAMS 0x0000000703100000, 0x0000000703100000| Complete 
|  50|0x0000000703200000, 0x0000000703300000, 0x0000000703300000|100%|HC|  |TAMS 0x0000000703200000, 0x0000000703200000| Complete 
|  51|0x0000000703300000, 0x0000000703400000, 0x0000000703400000|100%|HC|  |TAMS 0x0000000703300000, 0x0000000703300000| Complete 
|  52|0x0000000703400000, 0x0000000703500000, 0x0000000703500000|100%|HS|  |TAMS 0x0000000703400000, 0x0000000703400000| Complete 
|  53|0x0000000703500000, 0x0000000703600000, 0x0000000703600000|100%|HC|  |TAMS 0x0000000703500000, 0x0000000703500000| Complete 
|  54|0x0000000703600000, 0x0000000703700000, 0x0000000703700000|100%|HC|  |TAMS 0x0000000703600000, 0x0000000703600000| Complete 
|  55|0x0000000703700000, 0x0000000703800000, 0x0000000703800000|100%| O|  |TAMS 0x0000000703700000, 0x0000000703700000| Untracked 
|  56|0x0000000703800000, 0x0000000703900000, 0x0000000703900000|100%| O|  |TAMS 0x0000000703800000, 0x0000000703800000| Untracked 
|  57|0x0000000703900000, 0x0000000703a00000, 0x0000000703a00000|100%| O|  |TAMS 0x0000000703900000, 0x0000000703900000| Untracked 
|  58|0x0000000703a00000, 0x0000000703b00000, 0x0000000703b00000|100%| O|  |TAMS 0x0000000703a00000, 0x0000000703a00000| Untracked 
|  59|0x0000000703b00000, 0x0000000703c00000, 0x0000000703c00000|100%| O|  |TAMS 0x0000000703b00000, 0x0000000703b00000| Untracked 
|  60|0x0000000703c00000, 0x0000000703d00000, 0x0000000703d00000|100%| O|  |TAMS 0x0000000703c00000, 0x0000000703c00000| Untracked 
|  61|0x0000000703d00000, 0x0000000703e00000, 0x0000000703e00000|100%| O|  |TAMS 0x0000000703d00000, 0x0000000703d00000| Untracked 
|  62|0x0000000703e00000, 0x0000000703f00000, 0x0000000703f00000|100%| O|  |TAMS 0x0000000703e00000, 0x0000000703e00000| Untracked 
|  63|0x0000000703f00000, 0x0000000704000000, 0x0000000704000000|100%| O|  |TAMS 0x0000000703f00000, 0x0000000703f00000| Untracked 
|  64|0x0000000704000000, 0x0000000704100000, 0x0000000704100000|100%| O|  |TAMS 0x0000000704000000, 0x0000000704000000| Untracked 
|  65|0x0000000704100000, 0x0000000704200000, 0x0000000704200000|100%| O|  |TAMS 0x0000000704100000, 0x0000000704100000| Untracked 
|  66|0x0000000704200000, 0x0000000704300000, 0x0000000704300000|100%| O|  |TAMS 0x0000000704200000, 0x0000000704200000| Untracked 
|  67|0x0000000704300000, 0x0000000704400000, 0x0000000704400000|100%| O|  |TAMS 0x0000000704300000, 0x0000000704300000| Untracked 
|  68|0x0000000704400000, 0x0000000704500000, 0x0000000704500000|100%| O|  |TAMS 0x0000000704400000, 0x0000000704400000| Untracked 
|  69|0x0000000704500000, 0x0000000704600000, 0x0000000704600000|100%| O|  |TAMS 0x0000000704500000, 0x0000000704500000| Untracked 
|  70|0x0000000704600000, 0x0000000704700000, 0x0000000704700000|100%|HS|  |TAMS 0x0000000704600000, 0x0000000704600000| Complete 
|  71|0x0000000704700000, 0x0000000704800000, 0x0000000704800000|100%|HC|  |TAMS 0x0000000704700000, 0x0000000704700000| Complete 
|  72|0x0000000704800000, 0x0000000704900000, 0x0000000704900000|100%|HS|  |TAMS 0x0000000704800000, 0x0000000704800000| Complete 
|  73|0x0000000704900000, 0x0000000704a00000, 0x0000000704a00000|100%|HC|  |TAMS 0x0000000704900000, 0x0000000704900000| Complete 
|  74|0x0000000704a00000, 0x0000000704b00000, 0x0000000704b00000|100%|HC|  |TAMS 0x0000000704a00000, 0x0000000704a00000| Complete 
|  75|0x0000000704b00000, 0x0000000704c00000, 0x0000000704c00000|100%|HC|  |TAMS 0x0000000704b00000, 0x0000000704b00000| Complete 
|  76|0x0000000704c00000, 0x0000000704d00000, 0x0000000704d00000|100%|HC|  |TAMS 0x0000000704c00000, 0x0000000704c00000| Complete 
|  77|0x0000000704d00000, 0x0000000704e00000, 0x0000000704e00000|100%|HC|  |TAMS 0x0000000704d00000, 0x0000000704d00000| Complete 
|  78|0x0000000704e00000, 0x0000000704f00000, 0x0000000704f00000|100%|HS|  |TAMS 0x0000000704e00000, 0x0000000704e00000| Complete 
|  79|0x0000000704f00000, 0x0000000705000000, 0x0000000705000000|100%|HC|  |TAMS 0x0000000704f00000, 0x0000000704f00000| Complete 
|  80|0x0000000705000000, 0x0000000705100000, 0x0000000705100000|100%|HC|  |TAMS 0x0000000705000000, 0x0000000705000000| Complete 
|  81|0x0000000705100000, 0x0000000705200000, 0x0000000705200000|100%|HC|  |TAMS 0x0000000705100000, 0x0000000705100000| Complete 
|  82|0x0000000705200000, 0x0000000705300000, 0x0000000705300000|100%|HC|  |TAMS 0x0000000705200000, 0x0000000705200000| Complete 
|  83|0x0000000705300000, 0x0000000705400000, 0x0000000705400000|100%|HC|  |TAMS 0x0000000705300000, 0x0000000705300000| Complete 
|  84|0x0000000705400000, 0x0000000705500000, 0x0000000705500000|100%| O|  |TAMS 0x0000000705400000, 0x0000000705400000| Untracked 
|  85|0x0000000705500000, 0x0000000705600000, 0x0000000705600000|100%| O|  |TAMS 0x0000000705500000, 0x0000000705500000| Untracked 
|  86|0x0000000705600000, 0x0000000705700000, 0x0000000705700000|100%| O|  |TAMS 0x0000000705600000, 0x0000000705600000| Untracked 
|  87|0x0000000705700000, 0x0000000705800000, 0x0000000705800000|100%| O|  |TAMS 0x0000000705700000, 0x0000000705700000| Untracked 
|  88|0x0000000705800000, 0x0000000705900000, 0x0000000705900000|100%| O|  |TAMS 0x0000000705800000, 0x0000000705800000| Untracked 
|  89|0x0000000705900000, 0x0000000705a00000, 0x0000000705a00000|100%| O|  |TAMS 0x0000000705900000, 0x0000000705900000| Untracked 
|  90|0x0000000705a00000, 0x0000000705b00000, 0x0000000705b00000|100%| O|  |TAMS 0x0000000705a00000, 0x0000000705a00000| Untracked 
|  91|0x0000000705b00000, 0x0000000705c00000, 0x0000000705c00000|100%| O|  |TAMS 0x0000000705b00000, 0x0000000705b00000| Untracked 
|  92|0x0000000705c00000, 0x0000000705d00000, 0x0000000705d00000|100%| O|  |TAMS 0x0000000705c00000, 0x0000000705c00000| Untracked 
|  93|0x0000000705d00000, 0x0000000705e00000, 0x0000000705e00000|100%| O|  |TAMS 0x0000000705d00000, 0x0000000705d00000| Untracked 
|  94|0x0000000705e00000, 0x0000000705f00000, 0x0000000705f00000|100%| O|  |TAMS 0x0000000705e00000, 0x0000000705e00000| Untracked 
|  95|0x0000000705f00000, 0x0000000706000000, 0x0000000706000000|100%| O|  |TAMS 0x0000000705f00000, 0x0000000705f00000| Untracked 
|  96|0x0000000706000000, 0x0000000706100000, 0x0000000706100000|100%| O|  |TAMS 0x0000000706000000, 0x0000000706000000| Untracked 
|  97|0x0000000706100000, 0x0000000706200000, 0x0000000706200000|100%| O|  |TAMS 0x0000000706100000, 0x0000000706100000| Untracked 
|  98|0x0000000706200000, 0x0000000706300000, 0x0000000706300000|100%| O|  |TAMS 0x0000000706200000, 0x0000000706200000| Untracked 
|  99|0x0000000706300000, 0x0000000706400000, 0x0000000706400000|100%| O|  |TAMS 0x0000000706300000, 0x0000000706300000| Untracked 
| 100|0x0000000706400000, 0x0000000706500000, 0x0000000706500000|100%| O|  |TAMS 0x0000000706400000, 0x0000000706400000| Untracked 
| 101|0x0000000706500000, 0x0000000706600000, 0x0000000706600000|100%| O|  |TAMS 0x0000000706500000, 0x0000000706500000| Untracked 
| 102|0x0000000706600000, 0x0000000706700000, 0x0000000706700000|100%| O|  |TAMS 0x0000000706600000, 0x0000000706600000| Untracked 
| 103|0x0000000706700000, 0x0000000706800000, 0x0000000706800000|100%| O|  |TAMS 0x0000000706700000, 0x0000000706700000| Untracked 
| 104|0x0000000706800000, 0x0000000706900000, 0x0000000706900000|100%| O|  |TAMS 0x0000000706800000, 0x0000000706800000| Untracked 
| 105|0x0000000706900000, 0x0000000706a00000, 0x0000000706a00000|100%| O|  |TAMS 0x0000000706900000, 0x0000000706900000| Untracked 
| 106|0x0000000706a00000, 0x0000000706b00000, 0x0000000706b00000|100%| O|  |TAMS 0x0000000706a00000, 0x0000000706a00000| Untracked 
| 107|0x0000000706b00000, 0x0000000706c00000, 0x0000000706c00000|100%| O|  |TAMS 0x0000000706b00000, 0x0000000706b00000| Untracked 
| 108|0x0000000706c00000, 0x0000000706d00000, 0x0000000706d00000|100%| O|  |TAMS 0x0000000706c00000, 0x0000000706c00000| Untracked 
| 109|0x0000000706d00000, 0x0000000706e00000, 0x0000000706e00000|100%| O|  |TAMS 0x0000000706d00000, 0x0000000706d00000| Untracked 
| 110|0x0000000706e00000, 0x0000000706f00000, 0x0000000706f00000|100%| O|  |TAMS 0x0000000706e00000, 0x0000000706e00000| Untracked 
| 111|0x0000000706f00000, 0x0000000707000000, 0x0000000707000000|100%| O|  |TAMS 0x0000000706f00000, 0x0000000706f00000| Untracked 
| 112|0x0000000707000000, 0x0000000707100000, 0x0000000707100000|100%| O|  |TAMS 0x0000000707000000, 0x0000000707000000| Untracked 
| 113|0x0000000707100000, 0x0000000707200000, 0x0000000707200000|100%| O|  |TAMS 0x0000000707100000, 0x0000000707100000| Untracked 
| 114|0x0000000707200000, 0x0000000707300000, 0x0000000707300000|100%| O|  |TAMS 0x0000000707200000, 0x0000000707200000| Untracked 
| 115|0x0000000707300000, 0x0000000707400000, 0x0000000707400000|100%| O|  |TAMS 0x0000000707300000, 0x0000000707300000| Untracked 
| 116|0x0000000707400000, 0x0000000707500000, 0x0000000707500000|100%| O|  |TAMS 0x0000000707400000, 0x0000000707400000| Untracked 
| 117|0x0000000707500000, 0x0000000707600000, 0x0000000707600000|100%| O|  |TAMS 0x0000000707500000, 0x0000000707500000| Untracked 
| 118|0x0000000707600000, 0x0000000707700000, 0x0000000707700000|100%| O|  |TAMS 0x0000000707600000, 0x0000000707600000| Untracked 
| 119|0x0000000707700000, 0x0000000707800000, 0x0000000707800000|100%| O|  |TAMS 0x0000000707700000, 0x0000000707700000| Untracked 
| 120|0x0000000707800000, 0x0000000707900000, 0x0000000707900000|100%| O|  |TAMS 0x0000000707800000, 0x0000000707800000| Untracked 
| 121|0x0000000707900000, 0x0000000707a00000, 0x0000000707a00000|100%| O|  |TAMS 0x0000000707900000, 0x0000000707900000| Untracked 
| 122|0x0000000707a00000, 0x0000000707b00000, 0x0000000707b00000|100%| O|  |TAMS 0x0000000707a00000, 0x0000000707a00000| Untracked 
| 123|0x0000000707b00000, 0x0000000707c00000, 0x0000000707c00000|100%| O|  |TAMS 0x0000000707b00000, 0x0000000707b00000| Untracked 
| 124|0x0000000707c00000, 0x0000000707c00000, 0x0000000707d00000|  0%| F|  |TAMS 0x0000000707c00000, 0x0000000707c00000| Untracked 
| 125|0x0000000707d00000, 0x0000000707d00000, 0x0000000707e00000|  0%| F|  |TAMS 0x0000000707d00000, 0x0000000707d00000| Untracked 
| 126|0x0000000707e00000, 0x0000000707e00000, 0x0000000707f00000|  0%| F|  |TAMS 0x0000000707e00000, 0x0000000707e00000| Untracked 
| 127|0x0000000707f00000, 0x0000000707f00000, 0x0000000708000000|  0%| F|  |TAMS 0x0000000707f00000, 0x0000000707f00000| Untracked 
| 128|0x0000000708000000, 0x0000000708000000, 0x0000000708100000|  0%| F|  |TAMS 0x0000000708000000, 0x0000000708000000| Untracked 
| 129|0x0000000708100000, 0x0000000708100000, 0x0000000708200000|  0%| F|  |TAMS 0x0000000708100000, 0x0000000708100000| Untracked 
| 130|0x0000000708200000, 0x0000000708300000, 0x0000000708300000|100%|HS|  |TAMS 0x0000000708200000, 0x0000000708200000| Complete 
| 131|0x0000000708300000, 0x0000000708400000, 0x0000000708400000|100%|HC|  |TAMS 0x0000000708300000, 0x0000000708300000| Complete 
| 132|0x0000000708400000, 0x0000000708500000, 0x0000000708500000|100%|HC|  |TAMS 0x0000000708400000, 0x0000000708400000| Complete 
| 133|0x0000000708500000, 0x0000000708600000, 0x0000000708600000|100%|HS|  |TAMS 0x0000000708500000, 0x0000000708500000| Complete 
| 134|0x0000000708600000, 0x0000000708700000, 0x0000000708700000|100%|HC|  |TAMS 0x0000000708600000, 0x0000000708600000| Complete 
| 135|0x0000000708700000, 0x0000000708800000, 0x0000000708800000|100%|HC|  |TAMS 0x0000000708700000, 0x0000000708700000| Complete 
| 136|0x0000000708800000, 0x0000000708900000, 0x0000000708900000|100%|HC|  |TAMS 0x0000000708800000, 0x0000000708800000| Complete 
| 137|0x0000000708900000, 0x0000000708a00000, 0x0000000708a00000|100%|HC|  |TAMS 0x0000000708900000, 0x0000000708900000| Complete 
| 138|0x0000000708a00000, 0x0000000708b00000, 0x0000000708b00000|100%|HC|  |TAMS 0x0000000708a00000, 0x0000000708a00000| Complete 
| 139|0x0000000708b00000, 0x0000000708c00000, 0x0000000708c00000|100%|HC|  |TAMS 0x0000000708b00000, 0x0000000708b00000| Complete 
| 140|0x0000000708c00000, 0x0000000708d00000, 0x0000000708d00000|100%| O|  |TAMS 0x0000000708c00000, 0x0000000708c00000| Untracked 
| 141|0x0000000708d00000, 0x0000000708e00000, 0x0000000708e00000|100%| O|  |TAMS 0x0000000708d00000, 0x0000000708d00000| Untracked 
| 142|0x0000000708e00000, 0x0000000708f00000, 0x0000000708f00000|100%| O|  |TAMS 0x0000000708e00000, 0x0000000708e00000| Untracked 
| 143|0x0000000708f00000, 0x0000000709000000, 0x0000000709000000|100%| O|  |TAMS 0x0000000708f00000, 0x0000000708f00000| Untracked 
| 144|0x0000000709000000, 0x0000000709100000, 0x0000000709100000|100%| O|  |TAMS 0x0000000709000000, 0x0000000709000000| Untracked 
| 145|0x0000000709100000, 0x0000000709200000, 0x0000000709200000|100%| O|  |TAMS 0x0000000709100000, 0x0000000709100000| Untracked 
| 146|0x0000000709200000, 0x0000000709300000, 0x0000000709300000|100%| O|  |TAMS 0x0000000709200000, 0x0000000709200000| Untracked 
| 147|0x0000000709300000, 0x0000000709400000, 0x0000000709400000|100%| O|  |TAMS 0x0000000709300000, 0x0000000709300000| Untracked 
| 148|0x0000000709400000, 0x0000000709500000, 0x0000000709500000|100%| O|  |TAMS 0x0000000709400000, 0x0000000709400000| Untracked 
| 149|0x0000000709500000, 0x0000000709600000, 0x0000000709600000|100%| O|  |TAMS 0x0000000709500000, 0x0000000709500000| Untracked 
| 150|0x0000000709600000, 0x0000000709700000, 0x0000000709700000|100%| O|  |TAMS 0x0000000709600000, 0x0000000709600000| Untracked 
| 151|0x0000000709700000, 0x0000000709800000, 0x0000000709800000|100%| O|  |TAMS 0x0000000709700000, 0x0000000709700000| Untracked 
| 152|0x0000000709800000, 0x00000007098e5a00, 0x0000000709900000| 89%| O|  |TAMS 0x0000000709800000, 0x0000000709800000| Untracked 
| 153|0x0000000709900000, 0x0000000709900000, 0x0000000709a00000|  0%| F|  |TAMS 0x0000000709900000, 0x0000000709900000| Untracked 
| 154|0x0000000709a00000, 0x0000000709a00000, 0x0000000709b00000|  0%| F|  |TAMS 0x0000000709a00000, 0x0000000709a00000| Untracked 
| 155|0x0000000709b00000, 0x0000000709b00000, 0x0000000709c00000|  0%| F|  |TAMS 0x0000000709b00000, 0x0000000709b00000| Untracked 
| 156|0x0000000709c00000, 0x0000000709c00000, 0x0000000709d00000|  0%| F|  |TAMS 0x0000000709c00000, 0x0000000709c00000| Untracked 
| 157|0x0000000709d00000, 0x0000000709d00000, 0x0000000709e00000|  0%| F|  |TAMS 0x0000000709d00000, 0x0000000709d00000| Untracked 
| 158|0x0000000709e00000, 0x0000000709e00000, 0x0000000709f00000|  0%| F|  |TAMS 0x0000000709e00000, 0x0000000709e00000| Untracked 
| 159|0x0000000709f00000, 0x0000000709f00000, 0x000000070a000000|  0%| F|  |TAMS 0x0000000709f00000, 0x0000000709f00000| Untracked 
| 160|0x000000070a000000, 0x000000070a000000, 0x000000070a100000|  0%| F|  |TAMS 0x000000070a000000, 0x000000070a000000| Untracked 
| 161|0x000000070a100000, 0x000000070a100000, 0x000000070a200000|  0%| F|  |TAMS 0x000000070a100000, 0x000000070a100000| Untracked 
| 162|0x000000070a200000, 0x000000070a200000, 0x000000070a300000|  0%| F|  |TAMS 0x000000070a200000, 0x000000070a200000| Untracked 
| 163|0x000000070a300000, 0x000000070a300000, 0x000000070a400000|  0%| F|  |TAMS 0x000000070a300000, 0x000000070a300000| Untracked 
| 164|0x000000070a400000, 0x000000070a400000, 0x000000070a500000|  0%| F|  |TAMS 0x000000070a400000, 0x000000070a400000| Untracked 
| 165|0x000000070a500000, 0x000000070a500000, 0x000000070a600000|  0%| F|  |TAMS 0x000000070a500000, 0x000000070a500000| Untracked 
| 166|0x000000070a600000, 0x000000070a600000, 0x000000070a700000|  0%| F|  |TAMS 0x000000070a600000, 0x000000070a600000| Untracked 
| 167|0x000000070a700000, 0x000000070a700000, 0x000000070a800000|  0%| F|  |TAMS 0x000000070a700000, 0x000000070a700000| Untracked 
| 168|0x000000070a800000, 0x000000070a800000, 0x000000070a900000|  0%| F|  |TAMS 0x000000070a800000, 0x000000070a800000| Untracked 
| 169|0x000000070a900000, 0x000000070a900000, 0x000000070aa00000|  0%| F|  |TAMS 0x000000070a900000, 0x000000070a900000| Untracked 
| 170|0x000000070aa00000, 0x000000070aa00000, 0x000000070ab00000|  0%| F|  |TAMS 0x000000070aa00000, 0x000000070aa00000| Untracked 
| 171|0x000000070ab00000, 0x000000070ab00000, 0x000000070ac00000|  0%| F|  |TAMS 0x000000070ab00000, 0x000000070ab00000| Untracked 
| 172|0x000000070ac00000, 0x000000070ac00000, 0x000000070ad00000|  0%| F|  |TAMS 0x000000070ac00000, 0x000000070ac00000| Untracked 
| 173|0x000000070ad00000, 0x000000070ad00000, 0x000000070ae00000|  0%| F|  |TAMS 0x000000070ad00000, 0x000000070ad00000| Untracked 
| 174|0x000000070ae00000, 0x000000070ae00000, 0x000000070af00000|  0%| F|  |TAMS 0x000000070ae00000, 0x000000070ae00000| Untracked 
| 175|0x000000070af00000, 0x000000070af00000, 0x000000070b000000|  0%| F|  |TAMS 0x000000070af00000, 0x000000070af00000| Untracked 
| 176|0x000000070b000000, 0x000000070b000000, 0x000000070b100000|  0%| F|  |TAMS 0x000000070b000000, 0x000000070b000000| Untracked 
| 177|0x000000070b100000, 0x000000070b100000, 0x000000070b200000|  0%| F|  |TAMS 0x000000070b100000, 0x000000070b100000| Untracked 
| 178|0x000000070b200000, 0x000000070b200000, 0x000000070b300000|  0%| F|  |TAMS 0x000000070b200000, 0x000000070b200000| Untracked 
| 179|0x000000070b300000, 0x000000070b300000, 0x000000070b400000|  0%| F|  |TAMS 0x000000070b300000, 0x000000070b300000| Untracked 
| 180|0x000000070b400000, 0x000000070b400000, 0x000000070b500000|  0%| F|  |TAMS 0x000000070b400000, 0x000000070b400000| Untracked 
| 181|0x000000070b500000, 0x000000070b500000, 0x000000070b600000|  0%| F|  |TAMS 0x000000070b500000, 0x000000070b500000| Untracked 
| 182|0x000000070b600000, 0x000000070b600000, 0x000000070b700000|  0%| F|  |TAMS 0x000000070b600000, 0x000000070b600000| Untracked 
| 183|0x000000070b700000, 0x000000070b700000, 0x000000070b800000|  0%| F|  |TAMS 0x000000070b700000, 0x000000070b700000| Untracked 
| 184|0x000000070b800000, 0x000000070b800000, 0x000000070b900000|  0%| F|  |TAMS 0x000000070b800000, 0x000000070b800000| Untracked 
| 185|0x000000070b900000, 0x000000070b900000, 0x000000070ba00000|  0%| F|  |TAMS 0x000000070b900000, 0x000000070b900000| Untracked 
| 186|0x000000070ba00000, 0x000000070ba00000, 0x000000070bb00000|  0%| F|  |TAMS 0x000000070ba00000, 0x000000070ba00000| Untracked 
| 187|0x000000070bb00000, 0x000000070bb00000, 0x000000070bc00000|  0%| F|  |TAMS 0x000000070bb00000, 0x000000070bb00000| Untracked 
| 188|0x000000070bc00000, 0x000000070bc00000, 0x000000070bd00000|  0%| F|  |TAMS 0x000000070bc00000, 0x000000070bc00000| Untracked 
| 189|0x000000070bd00000, 0x000000070bd00000, 0x000000070be00000|  0%| F|  |TAMS 0x000000070bd00000, 0x000000070bd00000| Untracked 
| 190|0x000000070be00000, 0x000000070be00000, 0x000000070bf00000|  0%| F|  |TAMS 0x000000070be00000, 0x000000070be00000| Untracked 
| 191|0x000000070bf00000, 0x000000070bf00000, 0x000000070c000000|  0%| F|  |TAMS 0x000000070bf00000, 0x000000070bf00000| Untracked 
| 192|0x000000070c000000, 0x000000070c000000, 0x000000070c100000|  0%| F|  |TAMS 0x000000070c000000, 0x000000070c000000| Untracked 
| 193|0x000000070c100000, 0x000000070c100000, 0x000000070c200000|  0%| F|  |TAMS 0x000000070c100000, 0x000000070c100000| Untracked 
| 194|0x000000070c200000, 0x000000070c200000, 0x000000070c300000|  0%| F|  |TAMS 0x000000070c200000, 0x000000070c200000| Untracked 
| 195|0x000000070c300000, 0x000000070c300000, 0x000000070c400000|  0%| F|  |TAMS 0x000000070c300000, 0x000000070c300000| Untracked 
| 196|0x000000070c400000, 0x000000070c400000, 0x000000070c500000|  0%| F|  |TAMS 0x000000070c400000, 0x000000070c400000| Untracked 
| 197|0x000000070c500000, 0x000000070c500000, 0x000000070c600000|  0%| F|  |TAMS 0x000000070c500000, 0x000000070c500000| Untracked 
| 198|0x000000070c600000, 0x000000070c600000, 0x000000070c700000|  0%| F|  |TAMS 0x000000070c600000, 0x000000070c600000| Untracked 
| 199|0x000000070c700000, 0x000000070c700000, 0x000000070c800000|  0%| F|  |TAMS 0x000000070c700000, 0x000000070c700000| Untracked 
| 200|0x000000070c800000, 0x000000070c800000, 0x000000070c900000|  0%| F|  |TAMS 0x000000070c800000, 0x000000070c800000| Untracked 
| 201|0x000000070c900000, 0x000000070c900000, 0x000000070ca00000|  0%| F|  |TAMS 0x000000070c900000, 0x000000070c900000| Untracked 
| 202|0x000000070ca00000, 0x000000070ca00000, 0x000000070cb00000|  0%| F|  |TAMS 0x000000070ca00000, 0x000000070ca00000| Untracked 
| 203|0x000000070cb00000, 0x000000070cb00000, 0x000000070cc00000|  0%| F|  |TAMS 0x000000070cb00000, 0x000000070cb00000| Untracked 
| 204|0x000000070cc00000, 0x000000070cc00000, 0x000000070cd00000|  0%| F|  |TAMS 0x000000070cc00000, 0x000000070cc00000| Untracked 
| 205|0x000000070cd00000, 0x000000070cd00000, 0x000000070ce00000|  0%| F|  |TAMS 0x000000070cd00000, 0x000000070cd00000| Untracked 
| 206|0x000000070ce00000, 0x000000070ce00000, 0x000000070cf00000|  0%| F|  |TAMS 0x000000070ce00000, 0x000000070ce00000| Untracked 
| 207|0x000000070cf00000, 0x000000070cf00000, 0x000000070d000000|  0%| F|  |TAMS 0x000000070cf00000, 0x000000070cf00000| Untracked 
| 208|0x000000070d000000, 0x000000070d000000, 0x000000070d100000|  0%| F|  |TAMS 0x000000070d000000, 0x000000070d000000| Untracked 
| 209|0x000000070d100000, 0x000000070d100000, 0x000000070d200000|  0%| F|  |TAMS 0x000000070d100000, 0x000000070d100000| Untracked 
| 210|0x000000070d200000, 0x000000070d200000, 0x000000070d300000|  0%| F|  |TAMS 0x000000070d200000, 0x000000070d200000| Untracked 
| 211|0x000000070d300000, 0x000000070d300000, 0x000000070d400000|  0%| F|  |TAMS 0x000000070d300000, 0x000000070d300000| Untracked 
| 212|0x000000070d400000, 0x000000070d400000, 0x000000070d500000|  0%| F|  |TAMS 0x000000070d400000, 0x000000070d400000| Untracked 
| 213|0x000000070d500000, 0x000000070d500000, 0x000000070d600000|  0%| F|  |TAMS 0x000000070d500000, 0x000000070d500000| Untracked 
| 214|0x000000070d600000, 0x000000070d600000, 0x000000070d700000|  0%| F|  |TAMS 0x000000070d600000, 0x000000070d600000| Untracked 
| 215|0x000000070d700000, 0x000000070d700000, 0x000000070d800000|  0%| F|  |TAMS 0x000000070d700000, 0x000000070d700000| Untracked 
| 216|0x000000070d800000, 0x000000070d800000, 0x000000070d900000|  0%| F|  |TAMS 0x000000070d800000, 0x000000070d800000| Untracked 
| 217|0x000000070d900000, 0x000000070d900000, 0x000000070da00000|  0%| F|  |TAMS 0x000000070d900000, 0x000000070d900000| Untracked 
| 218|0x000000070da00000, 0x000000070da00000, 0x000000070db00000|  0%| F|  |TAMS 0x000000070da00000, 0x000000070da00000| Untracked 
| 219|0x000000070db00000, 0x000000070db00000, 0x000000070dc00000|  0%| F|  |TAMS 0x000000070db00000, 0x000000070db00000| Untracked 
| 220|0x000000070dc00000, 0x000000070dc00000, 0x000000070dd00000|  0%| F|  |TAMS 0x000000070dc00000, 0x000000070dc00000| Untracked 
| 221|0x000000070dd00000, 0x000000070dd00000, 0x000000070de00000|  0%| F|  |TAMS 0x000000070dd00000, 0x000000070dd00000| Untracked 
| 222|0x000000070de00000, 0x000000070de00000, 0x000000070df00000|  0%| F|  |TAMS 0x000000070de00000, 0x000000070de00000| Untracked 
| 223|0x000000070df00000, 0x000000070df00000, 0x000000070e000000|  0%| F|  |TAMS 0x000000070df00000, 0x000000070df00000| Untracked 
| 224|0x000000070e000000, 0x000000070e000000, 0x000000070e100000|  0%| F|  |TAMS 0x000000070e000000, 0x000000070e000000| Untracked 
| 225|0x000000070e100000, 0x000000070e100000, 0x000000070e200000|  0%| F|  |TAMS 0x000000070e100000, 0x000000070e100000| Untracked 
| 226|0x000000070e200000, 0x000000070e200000, 0x000000070e300000|  0%| F|  |TAMS 0x000000070e200000, 0x000000070e200000| Untracked 
| 227|0x000000070e300000, 0x000000070e300000, 0x000000070e400000|  0%| F|  |TAMS 0x000000070e300000, 0x000000070e300000| Untracked 
| 228|0x000000070e400000, 0x000000070e400000, 0x000000070e500000|  0%| F|  |TAMS 0x000000070e400000, 0x000000070e400000| Untracked 
| 229|0x000000070e500000, 0x000000070e500000, 0x000000070e600000|  0%| F|  |TAMS 0x000000070e500000, 0x000000070e500000| Untracked 
| 230|0x000000070e600000, 0x000000070e600000, 0x000000070e700000|  0%| F|  |TAMS 0x000000070e600000, 0x000000070e600000| Untracked 
| 231|0x000000070e700000, 0x000000070e700000, 0x000000070e800000|  0%| F|  |TAMS 0x000000070e700000, 0x000000070e700000| Untracked 
| 232|0x000000070e800000, 0x000000070e800000, 0x000000070e900000|  0%| F|  |TAMS 0x000000070e800000, 0x000000070e800000| Untracked 
| 233|0x000000070e900000, 0x000000070e900000, 0x000000070ea00000|  0%| F|  |TAMS 0x000000070e900000, 0x000000070e900000| Untracked 
| 234|0x000000070ea00000, 0x000000070ea00000, 0x000000070eb00000|  0%| F|  |TAMS 0x000000070ea00000, 0x000000070ea00000| Untracked 
| 235|0x000000070eb00000, 0x000000070eb00000, 0x000000070ec00000|  0%| F|  |TAMS 0x000000070eb00000, 0x000000070eb00000| Untracked 
| 236|0x000000070ec00000, 0x000000070ec00000, 0x000000070ed00000|  0%| F|  |TAMS 0x000000070ec00000, 0x000000070ec00000| Untracked 
| 237|0x000000070ed00000, 0x000000070ed00000, 0x000000070ee00000|  0%| F|  |TAMS 0x000000070ed00000, 0x000000070ed00000| Untracked 
| 238|0x000000070ee00000, 0x000000070ee00000, 0x000000070ef00000|  0%| F|  |TAMS 0x000000070ee00000, 0x000000070ee00000| Untracked 
| 239|0x000000070ef00000, 0x000000070ef00000, 0x000000070f000000|  0%| F|  |TAMS 0x000000070ef00000, 0x000000070ef00000| Untracked 
| 240|0x000000070f000000, 0x000000070f000000, 0x000000070f100000|  0%| F|  |TAMS 0x000000070f000000, 0x000000070f000000| Untracked 
| 241|0x000000070f100000, 0x000000070f100000, 0x000000070f200000|  0%| F|  |TAMS 0x000000070f100000, 0x000000070f100000| Untracked 
| 242|0x000000070f200000, 0x000000070f200000, 0x000000070f300000|  0%| F|  |TAMS 0x000000070f200000, 0x000000070f200000| Untracked 
| 243|0x000000070f300000, 0x000000070f300000, 0x000000070f400000|  0%| F|  |TAMS 0x000000070f300000, 0x000000070f300000| Untracked 
| 244|0x000000070f400000, 0x000000070f400000, 0x000000070f500000|  0%| F|  |TAMS 0x000000070f400000, 0x000000070f400000| Untracked 
| 245|0x000000070f500000, 0x000000070f500000, 0x000000070f600000|  0%| F|  |TAMS 0x000000070f500000, 0x000000070f500000| Untracked 
| 246|0x000000070f600000, 0x000000070f600000, 0x000000070f700000|  0%| F|  |TAMS 0x000000070f600000, 0x000000070f600000| Untracked 
| 247|0x000000070f700000, 0x000000070f700000, 0x000000070f800000|  0%| F|  |TAMS 0x000000070f700000, 0x000000070f700000| Untracked 
| 248|0x000000070f800000, 0x000000070f800000, 0x000000070f900000|  0%| F|  |TAMS 0x000000070f800000, 0x000000070f800000| Untracked 
| 249|0x000000070f900000, 0x000000070f900000, 0x000000070fa00000|  0%| F|  |TAMS 0x000000070f900000, 0x000000070f900000| Untracked 
| 250|0x000000070fa00000, 0x000000070fa00000, 0x000000070fb00000|  0%| F|  |TAMS 0x000000070fa00000, 0x000000070fa00000| Untracked 
| 251|0x000000070fb00000, 0x000000070fb00000, 0x000000070fc00000|  0%| F|  |TAMS 0x000000070fb00000, 0x000000070fb00000| Untracked 
| 252|0x000000070fc00000, 0x000000070fc00000, 0x000000070fd00000|  0%| F|  |TAMS 0x000000070fc00000, 0x000000070fc00000| Untracked 
| 253|0x000000070fd00000, 0x000000070fd00000, 0x000000070fe00000|  0%| F|  |TAMS 0x000000070fd00000, 0x000000070fd00000| Untracked 
| 254|0x000000070fe00000, 0x000000070fe00000, 0x000000070ff00000|  0%| F|  |TAMS 0x000000070fe00000, 0x000000070fe00000| Untracked 
| 255|0x000000070ff00000, 0x000000070ff00000, 0x0000000710000000|  0%| F|  |TAMS 0x000000070ff00000, 0x000000070ff00000| Untracked 
| 256|0x0000000710000000, 0x0000000710000000, 0x0000000710100000|  0%| F|  |TAMS 0x0000000710000000, 0x0000000710000000| Untracked 
| 257|0x0000000710100000, 0x0000000710100000, 0x0000000710200000|  0%| F|  |TAMS 0x0000000710100000, 0x0000000710100000| Untracked 
| 258|0x0000000710200000, 0x0000000710200000, 0x0000000710300000|  0%| F|  |TAMS 0x0000000710200000, 0x0000000710200000| Untracked 
| 259|0x0000000710300000, 0x0000000710300000, 0x0000000710400000|  0%| F|  |TAMS 0x0000000710300000, 0x0000000710300000| Untracked 
| 260|0x0000000710400000, 0x0000000710400000, 0x0000000710500000|  0%| F|  |TAMS 0x0000000710400000, 0x0000000710400000| Untracked 
| 261|0x0000000710500000, 0x0000000710500000, 0x0000000710600000|  0%| F|  |TAMS 0x0000000710500000, 0x0000000710500000| Untracked 
| 262|0x0000000710600000, 0x0000000710600000, 0x0000000710700000|  0%| F|  |TAMS 0x0000000710600000, 0x0000000710600000| Untracked 
| 263|0x0000000710700000, 0x0000000710700000, 0x0000000710800000|  0%| F|  |TAMS 0x0000000710700000, 0x0000000710700000| Untracked 
| 264|0x0000000710800000, 0x0000000710800000, 0x0000000710900000|  0%| F|  |TAMS 0x0000000710800000, 0x0000000710800000| Untracked 
| 265|0x0000000710900000, 0x0000000710900000, 0x0000000710a00000|  0%| F|  |TAMS 0x0000000710900000, 0x0000000710900000| Untracked 
| 266|0x0000000710a00000, 0x0000000710a00000, 0x0000000710b00000|  0%| F|  |TAMS 0x0000000710a00000, 0x0000000710a00000| Untracked 
| 267|0x0000000710b00000, 0x0000000710b00000, 0x0000000710c00000|  0%| F|  |TAMS 0x0000000710b00000, 0x0000000710b00000| Untracked 
| 268|0x0000000710c00000, 0x0000000710c00000, 0x0000000710d00000|  0%| F|  |TAMS 0x0000000710c00000, 0x0000000710c00000| Untracked 
| 269|0x0000000710d00000, 0x0000000710d00000, 0x0000000710e00000|  0%| F|  |TAMS 0x0000000710d00000, 0x0000000710d00000| Untracked 
| 270|0x0000000710e00000, 0x0000000710e00000, 0x0000000710f00000|  0%| F|  |TAMS 0x0000000710e00000, 0x0000000710e00000| Untracked 
| 271|0x0000000710f00000, 0x0000000710f00000, 0x0000000711000000|  0%| F|  |TAMS 0x0000000710f00000, 0x0000000710f00000| Untracked 
| 272|0x0000000711000000, 0x0000000711000000, 0x0000000711100000|  0%| F|  |TAMS 0x0000000711000000, 0x0000000711000000| Untracked 
| 273|0x0000000711100000, 0x0000000711100000, 0x0000000711200000|  0%| F|  |TAMS 0x0000000711100000, 0x0000000711100000| Untracked 
| 274|0x0000000711200000, 0x0000000711200000, 0x0000000711300000|  0%| F|  |TAMS 0x0000000711200000, 0x0000000711200000| Untracked 
| 275|0x0000000711300000, 0x0000000711300000, 0x0000000711400000|  0%| F|  |TAMS 0x0000000711300000, 0x0000000711300000| Untracked 
| 276|0x0000000711400000, 0x0000000711400000, 0x0000000711500000|  0%| F|  |TAMS 0x0000000711400000, 0x0000000711400000| Untracked 
| 277|0x0000000711500000, 0x0000000711500000, 0x0000000711600000|  0%| F|  |TAMS 0x0000000711500000, 0x0000000711500000| Untracked 
| 278|0x0000000711600000, 0x0000000711600000, 0x0000000711700000|  0%| F|  |TAMS 0x0000000711600000, 0x0000000711600000| Untracked 
| 279|0x0000000711700000, 0x0000000711700000, 0x0000000711800000|  0%| F|  |TAMS 0x0000000711700000, 0x0000000711700000| Untracked 
| 280|0x0000000711800000, 0x0000000711800000, 0x0000000711900000|  0%| F|  |TAMS 0x0000000711800000, 0x0000000711800000| Untracked 
| 281|0x0000000711900000, 0x0000000711900000, 0x0000000711a00000|  0%| F|  |TAMS 0x0000000711900000, 0x0000000711900000| Untracked 
| 282|0x0000000711a00000, 0x0000000711a00000, 0x0000000711b00000|  0%| F|  |TAMS 0x0000000711a00000, 0x0000000711a00000| Untracked 
| 283|0x0000000711b00000, 0x0000000711b00000, 0x0000000711c00000|  0%| F|  |TAMS 0x0000000711b00000, 0x0000000711b00000| Untracked 
| 284|0x0000000711c00000, 0x0000000711c00000, 0x0000000711d00000|  0%| F|  |TAMS 0x0000000711c00000, 0x0000000711c00000| Untracked 
| 285|0x0000000711d00000, 0x0000000711d00000, 0x0000000711e00000|  0%| F|  |TAMS 0x0000000711d00000, 0x0000000711d00000| Untracked 
| 286|0x0000000711e00000, 0x0000000711e00000, 0x0000000711f00000|  0%| F|  |TAMS 0x0000000711e00000, 0x0000000711e00000| Untracked 
| 287|0x0000000711f00000, 0x0000000711f00000, 0x0000000712000000|  0%| F|  |TAMS 0x0000000711f00000, 0x0000000711f00000| Untracked 
| 288|0x0000000712000000, 0x0000000712000000, 0x0000000712100000|  0%| F|  |TAMS 0x0000000712000000, 0x0000000712000000| Untracked 
| 289|0x0000000712100000, 0x0000000712100000, 0x0000000712200000|  0%| F|  |TAMS 0x0000000712100000, 0x0000000712100000| Untracked 
| 290|0x0000000712200000, 0x0000000712200000, 0x0000000712300000|  0%| F|  |TAMS 0x0000000712200000, 0x0000000712200000| Untracked 
| 291|0x0000000712300000, 0x0000000712300000, 0x0000000712400000|  0%| F|  |TAMS 0x0000000712300000, 0x0000000712300000| Untracked 
| 292|0x0000000712400000, 0x0000000712400000, 0x0000000712500000|  0%| F|  |TAMS 0x0000000712400000, 0x0000000712400000| Untracked 
| 293|0x0000000712500000, 0x0000000712500000, 0x0000000712600000|  0%| F|  |TAMS 0x0000000712500000, 0x0000000712500000| Untracked 
| 294|0x0000000712600000, 0x0000000712600000, 0x0000000712700000|  0%| F|  |TAMS 0x0000000712600000, 0x0000000712600000| Untracked 
| 295|0x0000000712700000, 0x0000000712700000, 0x0000000712800000|  0%| F|  |TAMS 0x0000000712700000, 0x0000000712700000| Untracked 
| 296|0x0000000712800000, 0x0000000712800000, 0x0000000712900000|  0%| F|  |TAMS 0x0000000712800000, 0x0000000712800000| Untracked 
| 297|0x0000000712900000, 0x0000000712900000, 0x0000000712a00000|  0%| F|  |TAMS 0x0000000712900000, 0x0000000712900000| Untracked 
| 298|0x0000000712a00000, 0x0000000712a00000, 0x0000000712b00000|  0%| F|  |TAMS 0x0000000712a00000, 0x0000000712a00000| Untracked 
| 299|0x0000000712b00000, 0x0000000712b00000, 0x0000000712c00000|  0%| F|  |TAMS 0x0000000712b00000, 0x0000000712b00000| Untracked 
| 300|0x0000000712c00000, 0x0000000712c00000, 0x0000000712d00000|  0%| F|  |TAMS 0x0000000712c00000, 0x0000000712c00000| Untracked 
| 301|0x0000000712d00000, 0x0000000712d00000, 0x0000000712e00000|  0%| F|  |TAMS 0x0000000712d00000, 0x0000000712d00000| Untracked 
| 302|0x0000000712e00000, 0x0000000712e00000, 0x0000000712f00000|  0%| F|  |TAMS 0x0000000712e00000, 0x0000000712e00000| Untracked 
| 303|0x0000000712f00000, 0x0000000712f00000, 0x0000000713000000|  0%| F|  |TAMS 0x0000000712f00000, 0x0000000712f00000| Untracked 
| 304|0x0000000713000000, 0x0000000713000000, 0x0000000713100000|  0%| F|  |TAMS 0x0000000713000000, 0x0000000713000000| Untracked 
| 305|0x0000000713100000, 0x0000000713100000, 0x0000000713200000|  0%| F|  |TAMS 0x0000000713100000, 0x0000000713100000| Untracked 
| 306|0x0000000713200000, 0x0000000713200000, 0x0000000713300000|  0%| F|  |TAMS 0x0000000713200000, 0x0000000713200000| Untracked 
| 307|0x0000000713300000, 0x0000000713300000, 0x0000000713400000|  0%| F|  |TAMS 0x0000000713300000, 0x0000000713300000| Untracked 
| 308|0x0000000713400000, 0x0000000713400000, 0x0000000713500000|  0%| F|  |TAMS 0x0000000713400000, 0x0000000713400000| Untracked 
| 309|0x0000000713500000, 0x0000000713500000, 0x0000000713600000|  0%| F|  |TAMS 0x0000000713500000, 0x0000000713500000| Untracked 
| 310|0x0000000713600000, 0x0000000713600000, 0x0000000713700000|  0%| F|  |TAMS 0x0000000713600000, 0x0000000713600000| Untracked 
| 311|0x0000000713700000, 0x0000000713700000, 0x0000000713800000|  0%| F|  |TAMS 0x0000000713700000, 0x0000000713700000| Untracked 
| 312|0x0000000713800000, 0x0000000713800000, 0x0000000713900000|  0%| F|  |TAMS 0x0000000713800000, 0x0000000713800000| Untracked 
| 313|0x0000000713900000, 0x0000000713900000, 0x0000000713a00000|  0%| F|  |TAMS 0x0000000713900000, 0x0000000713900000| Untracked 
| 314|0x0000000713a00000, 0x0000000713a00000, 0x0000000713b00000|  0%| F|  |TAMS 0x0000000713a00000, 0x0000000713a00000| Untracked 
| 315|0x0000000713b00000, 0x0000000713b00000, 0x0000000713c00000|  0%| F|  |TAMS 0x0000000713b00000, 0x0000000713b00000| Untracked 
| 316|0x0000000713c00000, 0x0000000713c00000, 0x0000000713d00000|  0%| F|  |TAMS 0x0000000713c00000, 0x0000000713c00000| Untracked 
| 317|0x0000000713d00000, 0x0000000713d00000, 0x0000000713e00000|  0%| F|  |TAMS 0x0000000713d00000, 0x0000000713d00000| Untracked 
| 318|0x0000000713e00000, 0x0000000713e00000, 0x0000000713f00000|  0%| F|  |TAMS 0x0000000713e00000, 0x0000000713e00000| Untracked 
| 319|0x0000000713f00000, 0x0000000713f00000, 0x0000000714000000|  0%| F|  |TAMS 0x0000000713f00000, 0x0000000713f00000| Untracked 
| 320|0x0000000714000000, 0x0000000714000000, 0x0000000714100000|  0%| F|  |TAMS 0x0000000714000000, 0x0000000714000000| Untracked 
| 321|0x0000000714100000, 0x0000000714100000, 0x0000000714200000|  0%| F|  |TAMS 0x0000000714100000, 0x0000000714100000| Untracked 
| 322|0x0000000714200000, 0x0000000714200000, 0x0000000714300000|  0%| F|  |TAMS 0x0000000714200000, 0x0000000714200000| Untracked 
| 323|0x0000000714300000, 0x0000000714300000, 0x0000000714400000|  0%| F|  |TAMS 0x0000000714300000, 0x0000000714300000| Untracked 
| 324|0x0000000714400000, 0x0000000714400000, 0x0000000714500000|  0%| F|  |TAMS 0x0000000714400000, 0x0000000714400000| Untracked 
| 325|0x0000000714500000, 0x0000000714500000, 0x0000000714600000|  0%| F|  |TAMS 0x0000000714500000, 0x0000000714500000| Untracked 
| 326|0x0000000714600000, 0x0000000714600000, 0x0000000714700000|  0%| F|  |TAMS 0x0000000714600000, 0x0000000714600000| Untracked 
| 327|0x0000000714700000, 0x0000000714700000, 0x0000000714800000|  0%| F|  |TAMS 0x0000000714700000, 0x0000000714700000| Untracked 
| 328|0x0000000714800000, 0x0000000714800000, 0x0000000714900000|  0%| F|  |TAMS 0x0000000714800000, 0x0000000714800000| Untracked 
| 329|0x0000000714900000, 0x0000000714900000, 0x0000000714a00000|  0%| F|  |TAMS 0x0000000714900000, 0x0000000714900000| Untracked 
| 330|0x0000000714a00000, 0x0000000714a00000, 0x0000000714b00000|  0%| F|  |TAMS 0x0000000714a00000, 0x0000000714a00000| Untracked 
| 331|0x0000000714b00000, 0x0000000714b00000, 0x0000000714c00000|  0%| F|  |TAMS 0x0000000714b00000, 0x0000000714b00000| Untracked 
| 332|0x0000000714c00000, 0x0000000714d00000, 0x0000000714d00000|100%| S|CS|TAMS 0x0000000714c00000, 0x0000000714c00000| Complete 
| 333|0x0000000714d00000, 0x0000000714e00000, 0x0000000714e00000|100%| S|CS|TAMS 0x0000000714d00000, 0x0000000714d00000| Complete 
| 334|0x0000000714e00000, 0x0000000714f00000, 0x0000000714f00000|100%| S|CS|TAMS 0x0000000714e00000, 0x0000000714e00000| Complete 
| 335|0x0000000714f00000, 0x0000000715000000, 0x0000000715000000|100%| S|CS|TAMS 0x0000000714f00000, 0x0000000714f00000| Complete 
| 336|0x0000000715000000, 0x0000000715000000, 0x0000000715100000|  0%| F|  |TAMS 0x0000000715000000, 0x0000000715000000| Untracked 
| 337|0x0000000715100000, 0x0000000715100000, 0x0000000715200000|  0%| F|  |TAMS 0x0000000715100000, 0x0000000715100000| Untracked 
| 338|0x0000000715200000, 0x0000000715200000, 0x0000000715300000|  0%| F|  |TAMS 0x0000000715200000, 0x0000000715200000| Untracked 
| 339|0x0000000715300000, 0x0000000715300000, 0x0000000715400000|  0%| F|  |TAMS 0x0000000715300000, 0x0000000715300000| Untracked 
| 340|0x0000000715400000, 0x0000000715400000, 0x0000000715500000|  0%| F|  |TAMS 0x0000000715400000, 0x0000000715400000| Untracked 
| 341|0x0000000715500000, 0x0000000715500000, 0x0000000715600000|  0%| F|  |TAMS 0x0000000715500000, 0x0000000715500000| Untracked 
| 342|0x0000000715600000, 0x0000000715600000, 0x0000000715700000|  0%| F|  |TAMS 0x0000000715600000, 0x0000000715600000| Untracked 
| 343|0x0000000715700000, 0x0000000715700000, 0x0000000715800000|  0%| F|  |TAMS 0x0000000715700000, 0x0000000715700000| Untracked 
| 344|0x0000000715800000, 0x0000000715800000, 0x0000000715900000|  0%| F|  |TAMS 0x0000000715800000, 0x0000000715800000| Untracked 
| 345|0x0000000715900000, 0x0000000715900000, 0x0000000715a00000|  0%| F|  |TAMS 0x0000000715900000, 0x0000000715900000| Untracked 
| 346|0x0000000715a00000, 0x0000000715a00000, 0x0000000715b00000|  0%| F|  |TAMS 0x0000000715a00000, 0x0000000715a00000| Untracked 
| 347|0x0000000715b00000, 0x0000000715b00000, 0x0000000715c00000|  0%| F|  |TAMS 0x0000000715b00000, 0x0000000715b00000| Untracked 
| 348|0x0000000715c00000, 0x0000000715c00000, 0x0000000715d00000|  0%| F|  |TAMS 0x0000000715c00000, 0x0000000715c00000| Untracked 
| 349|0x0000000715d00000, 0x0000000715d00000, 0x0000000715e00000|  0%| F|  |TAMS 0x0000000715d00000, 0x0000000715d00000| Untracked 
| 350|0x0000000715e00000, 0x0000000715e00000, 0x0000000715f00000|  0%| F|  |TAMS 0x0000000715e00000, 0x0000000715e00000| Untracked 
| 351|0x0000000715f00000, 0x0000000715f00000, 0x0000000716000000|  0%| F|  |TAMS 0x0000000715f00000, 0x0000000715f00000| Untracked 
| 352|0x0000000716000000, 0x0000000716000000, 0x0000000716100000|  0%| F|  |TAMS 0x0000000716000000, 0x0000000716000000| Untracked 
| 353|0x0000000716100000, 0x0000000716100000, 0x0000000716200000|  0%| F|  |TAMS 0x0000000716100000, 0x0000000716100000| Untracked 
| 354|0x0000000716200000, 0x0000000716200000, 0x0000000716300000|  0%| F|  |TAMS 0x0000000716200000, 0x0000000716200000| Untracked 
| 355|0x0000000716300000, 0x0000000716300000, 0x0000000716400000|  0%| F|  |TAMS 0x0000000716300000, 0x0000000716300000| Untracked 
| 356|0x0000000716400000, 0x0000000716400000, 0x0000000716500000|  0%| F|  |TAMS 0x0000000716400000, 0x0000000716400000| Untracked 
| 357|0x0000000716500000, 0x0000000716500000, 0x0000000716600000|  0%| F|  |TAMS 0x0000000716500000, 0x0000000716500000| Untracked 
| 358|0x0000000716600000, 0x0000000716600000, 0x0000000716700000|  0%| F|  |TAMS 0x0000000716600000, 0x0000000716600000| Untracked 
| 359|0x0000000716700000, 0x0000000716700000, 0x0000000716800000|  0%| F|  |TAMS 0x0000000716700000, 0x0000000716700000| Untracked 
|3070|0x00000007bfe00000, 0x00000007bfe35000, 0x00000007bff00000| 20%|OA|  |TAMS 0x00000007bfe00000, 0x00000007bfe00000| Untracked 
|3071|0x00000007bff00000, 0x00000007bff6a000, 0x00000007c0000000| 41%|CA|  |TAMS 0x00000007bff00000, 0x00000007bff00000| Untracked 

Card table byte_map: [0x00007f847b800000,0x00007f847c000000] _byte_map_base: 0x00007f8478000000

Marking Bits (Prev, Next): (CMBitMap*) 0x00007f84980580a8, (CMBitMap*) 0x00007f84980580e0
 Prev Bits: [0x00007f8477000000, 0x00007f847b000000)
 Next Bits: [0x00007f8473000000, 0x00007f8477000000)

Polling page: 0x00007f84a075f000

Metaspace:

Usage:
  Non-class:      6.88 MB capacity,     5.68 MB ( 83%) used,     1.18 MB ( 17%) free+waste,    20.12 KB ( <1%) overhead. 
      Class:    839.00 KB capacity,   669.77 KB ( 80%) used,   158.66 KB ( 19%) free+waste,    10.56 KB (  1%) overhead. 
       Both:      7.70 MB capacity,     6.33 MB ( 82%) used,     1.34 MB ( 17%) free+waste,    30.69 KB ( <1%) overhead. 

Virtual space:
  Non-class space:        8.00 MB reserved,       7.00 MB ( 88%) committed 
      Class space:        1.00 GB reserved,     896.00 KB ( <1%) committed 
             Both:        1.01 GB reserved,       7.88 MB ( <1%) committed 

Chunk freelists:
   Non-Class:  26.00 KB
       Class:  25.00 KB
        Both:  51.00 KB

CodeHeap 'non-profiled nmethods': size=120032Kb used=508Kb max_used=508Kb free=119523Kb
 bounds [0x00007f8488446000, 0x00007f84886b6000, 0x00007f848f97e000]
CodeHeap 'profiled nmethods': size=120032Kb used=2432Kb max_used=2432Kb free=117599Kb
 bounds [0x00007f8480f0e000, 0x00007f848117e000, 0x00007f8488446000]
CodeHeap 'non-nmethods': size=5696Kb used=1098Kb max_used=1129Kb free=4597Kb
 bounds [0x00007f848097e000, 0x00007f8480bee000, 0x00007f8480f0e000]
 total_blobs=1942 nmethods=1226 adapters=326
 compilation: enabled
              stopped_count=0, restarted_count=0
 full_count=0

Compilation events (10 events):
Event: 3.278 Thread 0x00007f84981a6000 1238       2       edu.stanford.nlp.tagger.maxent.ExtractorMidSentenceCap::extract (48 bytes)
Event: 3.278 Thread 0x00007f84981a6000 nmethod 1238 0x00007f848116cd10 code [0x00007f848116cf00, 0x00007f848116d198]
Event: 3.278 Thread 0x00007f84981a6000 1240       1       edu.stanford.nlp.ling.WordTag::setValue (6 bytes)
Event: 3.278 Thread 0x00007f84981a6000 nmethod 1240 0x00007f84884c4d90 code [0x00007f84884c4f40, 0x00007f84884c50d0]
Event: 3.278 Thread 0x00007f84981a6000 1255       2       java.lang.Character::isDigit (9 bytes)
Event: 3.278 Thread 0x00007f84981a6000 nmethod 1255 0x00007f848116d310 code [0x00007f848116d4e0, 0x00007f848116d678]
Event: 3.278 Thread 0x00007f84981a6000 1241       2       java.lang.Character::isDigit (5 bytes)
Event: 3.278 Thread 0x00007f84981a6000 nmethod 1241 0x00007f848116d710 code [0x00007f848116d8e0, 0x00007f848116da78]
Event: 3.278 Thread 0x00007f84981a6000 1236       2       java.util.regex.Matcher::find (69 bytes)
Event: 3.279 Thread 0x00007f84981a6000 nmethod 1236 0x00007f848116db90 code [0x00007f848116dd60, 0x00007f848116dfa8]

GC Heap History (10 events):
Event: 1.715 GC heap after
{Heap after GC invocations=4 (full 0):
 garbage-first heap   total 258048K, used 53372K [0x0000000700000000, 0x0000000800000000)
  region size 1024K, 4 young (4096K), 4 survivors (4096K)
 Metaspace       used 5816K, capacity 7450K, committed 7552K, reserved 1056768K
  class space    used 628K, capacity 803K, committed 896K, reserved 1048576K
}
Event: 1.809 GC heap before
{Heap before GC invocations=4 (full 0):
 garbage-first heap   total 258048K, used 87164K [0x0000000700000000, 0x0000000800000000)
  region size 1024K, 30 young (30720K), 4 survivors (4096K)
 Metaspace       used 5816K, capacity 7450K, committed 7552K, reserved 1056768K
  class space    used 628K, capacity 803K, committed 896K, reserved 1048576K
}
Event: 1.834 GC heap after
{Heap after GC invocations=5 (full 0):
 garbage-first heap   total 370688K, used 76412K [0x0000000700000000, 0x0000000800000000)
  region size 1024K, 4 young (4096K), 4 survivors (4096K)
 Metaspace       used 5816K, capacity 7450K, committed 7552K, reserved 1056768K
  class space    used 628K, capacity 803K, committed 896K, reserved 1048576K
}
Event: 2.250 GC heap before
{Heap before GC invocations=5 (full 0):
 garbage-first heap   total 370688K, used 124540K [0x0000000700000000, 0x0000000800000000)
  region size 1024K, 37 young (37888K), 4 survivors (4096K)
 Metaspace       used 5816K, capacity 7450K, committed 7552K, reserved 1056768K
  class space    used 628K, capacity 803K, committed 896K, reserved 1048576K
}
Event: 2.664 GC heap after
{Heap after GC invocations=6 (full 0):
 garbage-first heap   total 370688K, used 110204K [0x0000000700000000, 0x0000000800000000)
  region size 1024K, 5 young (5120K), 5 survivors (5120K)
 Metaspace       used 5816K, capacity 7450K, committed 7552K, reserved 1056768K
  class space    used 628K, capacity 803K, committed 896K, reserved 1048576K
}
Event: 2.724 GC heap before
{Heap before GC invocations=6 (full 0):
 garbage-first heap   total 370688K, used 129660K [0x0000000700000000, 0x0000000800000000)
  region size 1024K, 24 young (24576K), 5 survivors (5120K)
 Metaspace       used 5816K, capacity 7450K, committed 7552K, reserved 1056768K
  class space    used 628K, capacity 803K, committed 896K, reserved 1048576K
}
Event: 2.742 GC heap after
{Heap after GC invocations=7 (full 0):
 garbage-first heap   total 370688K, used 121980K [0x0000000700000000, 0x0000000800000000)
  region size 1024K, 3 young (3072K), 3 survivors (3072K)
 Metaspace       used 5816K, capacity 7450K, committed 7552K, reserved 1056768K
  class space    used 628K, capacity 803K, committed 896K, reserved 1048576K
}
Event: 2.832 GC heap before
{Heap before GC invocations=7 (full 0):
 garbage-first heap   total 370688K, used 148604K [0x0000000700000000, 0x0000000800000000)
  region size 1024K, 29 young (29696K), 3 survivors (3072K)
 Metaspace       used 5852K, capacity 7456K, committed 7552K, reserved 1056768K
  class space    used 630K, capacity 804K, committed 896K, reserved 1048576K
}
Event: 3.016 GC heap after
{Heap after GC invocations=8 (full 0):
 garbage-first heap   total 370688K, used 131196K [0x0000000700000000, 0x0000000800000000)
  region size 1024K, 4 young (4096K), 4 survivors (4096K)
 Metaspace       used 5852K, capacity 7456K, committed 7552K, reserved 1056768K
  class space    used 630K, capacity 804K, committed 896K, reserved 1048576K
}
Event: 3.285 GC heap before
{Heap before GC invocations=8 (full 0):
 garbage-first heap   total 370688K, used 171132K [0x0000000700000000, 0x0000000800000000)
  region size 1024K, 28 young (28672K), 4 survivors (4096K)
 Metaspace       used 6482K, capacity 7881K, committed 8064K, reserved 1056768K
  class space    used 669K, capacity 839K, committed 896K, reserved 1048576K
}

Deoptimization events (10 events):
Event: 3.193 Thread 0x00007f8420108000 Uncommon trap: reason=unstable_if action=reinterpret pc=0x00007f848847cf64 method=java.lang.CharacterData.of(I)Ljava/lang/CharacterData; @ 4 c2
Event: 3.203 Thread 0x00007f8420108000 Uncommon trap: reason=class_check action=maybe_recompile pc=0x00007f848848b04c method=java.util.AbstractCollection.toArray([Ljava/lang/Object;)[Ljava/lang/Object; @ 1 c2
Event: 3.203 Thread 0x00007f8420108000 Uncommon trap: reason=class_check action=maybe_recompile pc=0x00007f848848b04c method=java.util.AbstractCollection.toArray([Ljava/lang/Object;)[Ljava/lang/Object; @ 1 c2
Event: 3.203 Thread 0x00007f8420108000 Uncommon trap: reason=class_check action=maybe_recompile pc=0x00007f848848b04c method=java.util.AbstractCollection.toArray([Ljava/lang/Object;)[Ljava/lang/Object; @ 1 c2
Event: 3.212 Thread 0x00007f8420108000 Uncommon trap: reason=unstable_if action=reinterpret pc=0x00007f84884b5f44 method=java.lang.Integer.stringSize(I)I @ 3 c2
Event: 3.212 Thread 0x00007f8420108000 Uncommon trap: reason=unstable_if action=reinterpret pc=0x00007f84884b6620 method=java.lang.Integer.getChars(II[B)I @ 4 c2
Event: 3.261 Thread 0x00007f8420108000 Uncommon trap: reason=array_check action=maybe_recompile pc=0x00007f84884c386c method=java.util.AbstractCollection.toArray([Ljava/lang/Object;)[Ljava/lang/Object; @ 116 c2
Event: 3.261 Thread 0x00007f8420108000 Uncommon trap: reason=array_check action=maybe_recompile pc=0x00007f84884c386c method=java.util.AbstractCollection.toArray([Ljava/lang/Object;)[Ljava/lang/Object; @ 116 c2
Event: 3.261 Thread 0x00007f8420108000 Uncommon trap: reason=array_check action=maybe_recompile pc=0x00007f84884c386c method=java.util.AbstractCollection.toArray([Ljava/lang/Object;)[Ljava/lang/Object; @ 116 c2
Event: 3.261 Thread 0x00007f8420108000 Uncommon trap: reason=array_check action=maybe_recompile pc=0x00007f84884c386c method=java.util.AbstractCollection.toArray([Ljava/lang/Object;)[Ljava/lang/Object; @ 116 c2

Classes redefined (0 events):
No events

Internal exceptions (10 events):
Event: 0.140 Thread 0x00007f8498012000 Exception <a 'java/security/PrivilegedActionException'{0x000000070f69b750}> (0x000000070f69b750) thrown at [/build/openjdk-lts-TkRlmw/openjdk-lts-11.0.3+7/src/hotspot/share/prims/jvm.cpp, line 1300]
Event: 0.140 Thread 0x00007f8498012000 Exception <a 'java/security/PrivilegedActionException'{0x000000070f69ba20}> (0x000000070f69ba20) thrown at [/build/openjdk-lts-TkRlmw/openjdk-lts-11.0.3+7/src/hotspot/share/prims/jvm.cpp, line 1300]
Event: 0.144 Thread 0x00007f8498012000 Exception <a 'java/security/PrivilegedActionException'{0x000000070f503e60}> (0x000000070f503e60) thrown at [/build/openjdk-lts-TkRlmw/openjdk-lts-11.0.3+7/src/hotspot/share/prims/jvm.cpp, line 1300]
Event: 0.144 Thread 0x00007f8498012000 Exception <a 'java/security/PrivilegedActionException'{0x000000070f504130}> (0x000000070f504130) thrown at [/build/openjdk-lts-TkRlmw/openjdk-lts-11.0.3+7/src/hotspot/share/prims/jvm.cpp, line 1300]
Event: 0.274 Thread 0x00007f8498012000 Exception <a 'java/lang/NoSuchMethodError'{0x000000070f33ab10}: java.lang.invoke.DirectMethodHandle$Holder.invokeStatic(Ljava/lang/Object;Ljava/lang/Object;Ljava/lang/Object;Ljava/lang/Object;Ljava/lang/Object;Ljava/lang/Object;Ljava/lang/Object;Ljava/lan
Event: 0.276 Thread 0x00007f8498012000 Exception <a 'java/lang/NoSuchMethodError'{0x000000070f348bc0}: java.lang.invoke.DirectMethodHandle$Holder.invokeStatic(Ljava/lang/Object;Ljava/lang/Object;Ljava/lang/Object;Ljava/lang/Object;Ljava/lang/Object;Ljava/lang/Object;Ljava/lang/Object;Ljava/lan
Event: 1.074 Thread 0x00007f8428007800 Exception <a 'java/lang/NoSuchMethodError'{0x000000070f1b9b78}: java.lang.invoke.DirectMethodHandle$Holder.invokeVirtual(Ljava/lang/Object;Ljava/lang/Object;Ljava/lang/Object;Ljava/lang/Object;)Ljava/lang/Object;> (0x000000070f1b9b78) thrown at [/build/op
Event: 1.135 Thread 0x00007f8428007800 Exception <a 'java/lang/NoSuchMethodError'{0x000000070ee8c228}: java.lang.invoke.DirectMethodHandle$Holder.invokeStaticInit(Ljava/lang/Object;Ljava/lang/Object;)I> (0x000000070ee8c228) thrown at [/build/openjdk-lts-TkRlmw/openjdk-lts-11.0.3+7/src/hotspot/
Event: 1.188 Thread 0x00007f8428007800 Exception <a 'java/lang/NoSuchMethodError'{0x000000070ec7e238}: java.lang.invoke.DirectMethodHandle$Holder.invokeInterface(Ljava/lang/Object;Ljava/lang/Object;)V> (0x000000070ec7e238) thrown at [/build/openjdk-lts-TkRlmw/openjdk-lts-11.0.3+7/src/hotspot/s
Event: 1.188 Thread 0x00007f8428007800 Exception <a 'java/lang/IncompatibleClassChangeError'{0x000000070ec811e0}: Found class java.lang.Object, but interface was expected> (0x000000070ec811e0) thrown at [/build/openjdk-lts-TkRlmw/openjdk-lts-11.0.3+7/src/hotspot/share/interpreter/linkResolver.

Events (10 events):
Event: 3.261 Thread 0x00007f8420108000 Uncommon trap: trap_request=0xffffffd6 fr.pc=0x00007f84884c386c relative=0x00000000000008ec
Event: 3.261 Thread 0x00007f8420108000 DEOPT PACKING pc=0x00007f84884c386c sp=0x00007f8459deaf30
Event: 3.261 Thread 0x00007f8420108000 DEOPT UNPACKING pc=0x00007f84809a6aa5 sp=0x00007f8459deaef0 mode 2
Event: 3.268 Thread 0x00007f8420108000 DEOPT PACKING pc=0x00007f848112c522 sp=0x00007f8459deacf0
Event: 3.268 Thread 0x00007f8420108000 DEOPT UNPACKING pc=0x00007f84809a68ba sp=0x00007f8459dea200 mode 0
Event: 3.268 Thread 0x00007f8420108000 DEOPT PACKING pc=0x00007f848112e95a sp=0x00007f8459deac40
Event: 3.268 Thread 0x00007f8420108000 DEOPT UNPACKING pc=0x00007f84809a68ba sp=0x00007f8459dea1b0 mode 0
Event: 3.268 Thread 0x00007f8420108000 DEOPT PACKING pc=0x00007f848113a681 sp=0x00007f8459deae80
Event: 3.268 Thread 0x00007f8420108000 DEOPT UNPACKING pc=0x00007f84809a68ba sp=0x00007f8459dea2e8 mode 0
Event: 3.285 Executing VM operation: G1CollectForAllocation


Dynamic libraries:
700000000-716800000 rw-p 00000000 00:00 0 
743c00000-7bfe00000 ---p 00000000 00:00 0 
7bfe00000-7bfe35000 rw-p 0111e000 08:08 1313879                          /usr/lib/jvm/java-11-openjdk-amd64/lib/server/classes.jsa
7bfe35000-7bff00000 rw-p 00000000 00:00 0 
7bff00000-7bff6a000 rw-p 010b4000 08:08 1313879                          /usr/lib/jvm/java-11-openjdk-amd64/lib/server/classes.jsa
7bff6a000-7c0000000 rw-p 00000000 00:00 0 
7c0000000-800000000 ---p 00000000 00:00 0 
800000000-800002000 rwxp 00001000 08:08 1313879                          /usr/lib/jvm/java-11-openjdk-amd64/lib/server/classes.jsa
800002000-8003bf000 rw-p 00003000 08:08 1313879                          /usr/lib/jvm/java-11-openjdk-amd64/lib/server/classes.jsa
8003bf000-800a9c000 r--p 003c0000 08:08 1313879                          /usr/lib/jvm/java-11-openjdk-amd64/lib/server/classes.jsa
800a9c000-800a9d000 rw-p 00a9d000 08:08 1313879                          /usr/lib/jvm/java-11-openjdk-amd64/lib/server/classes.jsa
800a9d000-8010b3000 r--p 00a9e000 08:08 1313879                          /usr/lib/jvm/java-11-openjdk-amd64/lib/server/classes.jsa
840000000-8400e0000 rw-p 00000000 00:00 0 
8400e0000-880000000 ---p 00000000 00:00 0 
55bbb44fc000-55bbb44fd000 r-xp 00000000 08:08 1314188                    /usr/lib/jvm/java-11-openjdk-amd64/bin/java
55bbb46fd000-55bbb46fe000 r--p 00001000 08:08 1314188                    /usr/lib/jvm/java-11-openjdk-amd64/bin/java
55bbb46fe000-55bbb46ff000 rw-p 00002000 08:08 1314188                    /usr/lib/jvm/java-11-openjdk-amd64/bin/java
55bbb59f4000-55bbb5a36000 rw-p 00000000 00:00 0                          [heap]
7f8408000000-7f8408021000 rw-p 00000000 00:00 0 
7f8408021000-7f840c000000 ---p 00000000 00:00 0 
7f840c000000-7f840c265000 rw-p 00000000 00:00 0 
7f840c265000-7f8410000000 ---p 00000000 00:00 0 
7f8410000000-7f8410021000 rw-p 00000000 00:00 0 
7f8410021000-7f8414000000 ---p 00000000 00:00 0 
7f8414000000-7f8414021000 rw-p 00000000 00:00 0 
7f8414021000-7f8418000000 ---p 00000000 00:00 0 
7f8418000000-7f8418021000 rw-p 00000000 00:00 0 
7f8418021000-7f841c000000 ---p 00000000 00:00 0 
7f841c000000-7f841c021000 rw-p 00000000 00:00 0 
7f841c021000-7f8420000000 ---p 00000000 00:00 0 
7f8420000000-7f8420113000 rw-p 00000000 00:00 0 
7f8420113000-7f8424000000 ---p 00000000 00:00 0 
7f8424000000-7f8424021000 rw-p 00000000 00:00 0 
7f8424021000-7f8428000000 ---p 00000000 00:00 0 
7f8428000000-7f8428021000 rw-p 00000000 00:00 0 
7f8428021000-7f842c000000 ---p 00000000 00:00 0 
7f842c000000-7f842c021000 rw-p 00000000 00:00 0 
7f842c021000-7f8430000000 ---p 00000000 00:00 0 
7f8430000000-7f8430021000 rw-p 00000000 00:00 0 
7f8430021000-7f8434000000 ---p 00000000 00:00 0 
7f8434000000-7f8434021000 rw-p 00000000 00:00 0 
7f8434021000-7f8438000000 ---p 00000000 00:00 0 
7f8438000000-7f8438021000 rw-p 00000000 00:00 0 
7f8438021000-7f843c000000 ---p 00000000 00:00 0 
7f843c000000-7f843c021000 rw-p 00000000 00:00 0 
7f843c021000-7f8440000000 ---p 00000000 00:00 0 
7f8440000000-7f84402c5000 rw-p 00000000 00:00 0 
7f84402c5000-7f8444000000 ---p 00000000 00:00 0 
7f8444000000-7f8444021000 rw-p 00000000 00:00 0 
7f8444021000-7f8448000000 ---p 00000000 00:00 0 
7f8448000000-7f8448021000 rw-p 00000000 00:00 0 
7f8448021000-7f844c000000 ---p 00000000 00:00 0 
7f844c000000-7f844cc54000 rw-p 00000000 00:00 0 
7f844cc54000-7f8450000000 ---p 00000000 00:00 0 
7f8450000000-7f8450021000 rw-p 00000000 00:00 0 
7f8450021000-7f8454000000 ---p 00000000 00:00 0 
7f8454000000-7f8454021000 rw-p 00000000 00:00 0 
7f8454021000-7f8458000000 ---p 00000000 00:00 0 
7f8459cec000-7f8459cf0000 ---p 00000000 00:00 0 
7f8459cf0000-7f8459ded000 rw-p 00000000 00:00 0 
7f8459ded000-7f8459dee000 ---p 00000000 00:00 0 
7f8459dee000-7f8459eef000 rw-p 00000000 00:00 0 
7f8459eef000-7f8459ef0000 ---p 00000000 00:00 0 
7f8459ef0000-7f8459ff1000 rw-p 00000000 00:00 0 
7f8459ff1000-7f8459ff2000 ---p 00000000 00:00 0 
7f8459ff2000-7f845a0f3000 rw-p 00000000 00:00 0 
7f845a0f3000-7f845a0f4000 ---p 00000000 00:00 0 
7f845a0f4000-7f845a1f5000 rw-p 00000000 00:00 0 
7f845a1f5000-7f845a1f6000 ---p 00000000 00:00 0 
7f845a1f6000-7f845a2f7000 rw-p 00000000 00:00 0 
7f845a2f7000-7f845a2f8000 ---p 00000000 00:00 0 
7f845a2f8000-7f845a3f9000 rw-p 00000000 00:00 0 
7f845a3f9000-7f845a3fd000 ---p 00000000 00:00 0 
7f845a3fd000-7f845a4fa000 rw-p 00000000 00:00 0 
7f845a4fa000-7f845a4fe000 ---p 00000000 00:00 0 
7f845a4fe000-7f845a5fb000 rw-p 00000000 00:00 0 
7f845a5fb000-7f845a5ff000 ---p 00000000 00:00 0 
7f845a5ff000-7f845a6fc000 rw-p 00000000 00:00 0 
7f845a6fc000-7f845a700000 ---p 00000000 00:00 0 
7f845a700000-7f845a7fd000 rw-p 00000000 00:00 0 
7f845a7fd000-7f845a7ff000 r-xp 00000000 08:08 1314269                    /usr/lib/jvm/java-11-openjdk-amd64/lib/libextnet.so
7f845a7ff000-7f845a9fe000 ---p 00002000 08:08 1314269                    /usr/lib/jvm/java-11-openjdk-amd64/lib/libextnet.so
7f845a9fe000-7f845a9ff000 r--p 00001000 08:08 1314269                    /usr/lib/jvm/java-11-openjdk-amd64/lib/libextnet.so
7f845a9ff000-7f845aa00000 rw-p 00002000 08:08 1314269                    /usr/lib/jvm/java-11-openjdk-amd64/lib/libextnet.so
7f845aa00000-7f845aa16000 r-xp 00000000 08:08 1314432                    /usr/lib/jvm/java-11-openjdk-amd64/lib/libnet.so
7f845aa16000-7f845ac15000 ---p 00016000 08:08 1314432                    /usr/lib/jvm/java-11-openjdk-amd64/lib/libnet.so
7f845ac15000-7f845ac16000 r--p 00015000 08:08 1314432                    /usr/lib/jvm/java-11-openjdk-amd64/lib/libnet.so
7f845ac16000-7f845ac17000 rw-p 00016000 08:08 1314432                    /usr/lib/jvm/java-11-openjdk-amd64/lib/libnet.so
7f845ac17000-7f845ac27000 r-xp 00000000 08:08 1314433                    /usr/lib/jvm/java-11-openjdk-amd64/lib/libnio.so
7f845ac27000-7f845ae26000 ---p 00010000 08:08 1314433                    /usr/lib/jvm/java-11-openjdk-amd64/lib/libnio.so
7f845ae26000-7f845ae27000 r--p 0000f000 08:08 1314433                    /usr/lib/jvm/java-11-openjdk-amd64/lib/libnio.so
7f845ae27000-7f845ae28000 rw-p 00010000 08:08 1314433                    /usr/lib/jvm/java-11-openjdk-amd64/lib/libnio.so
7f845ae28000-7f845ae2c000 ---p 00000000 00:00 0 
7f845ae2c000-7f845af29000 rw-p 00000000 00:00 0 
7f845af29000-7f845af2a000 ---p 00000000 00:00 0 
7f845af2a000-7f845b02b000 rw-p 00000000 00:00 0 
7f845b02b000-7f845b02f000 ---p 00000000 00:00 0 
7f845b02f000-7f845b12c000 rw-p 00000000 00:00 0 
7f845b12c000-7f845b130000 ---p 00000000 00:00 0 
7f845b130000-7f845b22d000 rw-p 00000000 00:00 0 
7f845b22d000-7f845b231000 ---p 00000000 00:00 0 
7f845b231000-7f845b32e000 rw-p 00000000 00:00 0 
7f845b32e000-7f845b332000 ---p 00000000 00:00 0 
7f845b332000-7f845b42f000 rw-p 00000000 00:00 0 
7f845b42f000-7f845b433000 ---p 00000000 00:00 0 
7f845b433000-7f845b530000 rw-p 00000000 00:00 0 
7f845b530000-7f845beff000 r--p 00000000 08:08 9706146                    /usr/lib/locale/locale-archive
7f845beff000-7f845bf03000 ---p 00000000 00:00 0 
7f845bf03000-7f845c000000 rw-p 00000000 00:00 0 
7f845c000000-7f845c021000 rw-p 00000000 00:00 0 
7f845c021000-7f8460000000 ---p 00000000 00:00 0 
7f8460000000-7f846006f000 rw-p 00000000 00:00 0 
7f846006f000-7f8464000000 ---p 00000000 00:00 0 
7f8464000000-7f8464021000 rw-p 00000000 00:00 0 
7f8464021000-7f8468000000 ---p 00000000 00:00 0 
7f8468000000-7f8468021000 rw-p 00000000 00:00 0 
7f8468021000-7f846c000000 ---p 00000000 00:00 0 
7f846c000000-7f846c021000 rw-p 00000000 00:00 0 
7f846c021000-7f8470000000 ---p 00000000 00:00 0 
7f847001a000-7f847001e000 ---p 00000000 00:00 0 
7f847001e000-7f847011b000 rw-p 00000000 00:00 0 
7f847011b000-7f847011c000 ---p 00000000 00:00 0 
7f847011c000-7f84709f9000 rw-p 00000000 00:00 0 
7f84709f9000-7f8470af9000 ---p 00000000 00:00 0 
7f8470af9000-7f8470afa000 ---p 00000000 00:00 0 
7f8470afa000-7f8470bfb000 rw-p 00000000 00:00 0 
7f8470bfb000-7f8470bfc000 ---p 00000000 00:00 0 
7f8470bfc000-7f84735a0000 rw-p 00000000 00:00 0 
7f84735a0000-7f8475ff8000 ---p 00000000 00:00 0 
7f8475ff8000-7f8476000000 rw-p 00000000 00:00 0 
7f8476000000-7f8477000000 ---p 00000000 00:00 0 
7f8477000000-7f84775a0000 rw-p 00000000 00:00 0 
7f84775a0000-7f8479ff8000 ---p 00000000 00:00 0 
7f8479ff8000-7f847a000000 rw-p 00000000 00:00 0 
7f847a000000-7f847b000000 ---p 00000000 00:00 0 
7f847b000000-7f847b0b4000 rw-p 00000000 00:00 0 
7f847b0b4000-7f847b5ff000 ---p 00000000 00:00 0 
7f847b5ff000-7f847b600000 rw-p 00000000 00:00 0 
7f847b600000-7f847b800000 ---p 00000000 00:00 0 
7f847b800000-7f847b8b4000 rw-p 00000000 00:00 0 
7f847b8b4000-7f847bdff000 ---p 00000000 00:00 0 
7f847bdff000-7f847be00000 rw-p 00000000 00:00 0 
7f847be00000-7f847c000000 ---p 00000000 00:00 0 
7f847c000000-7f847c021000 rw-p 00000000 00:00 0 
7f847c021000-7f8480000000 ---p 00000000 00:00 0 
7f8480024000-7f8480232000 rw-p 00000000 00:00 0 
7f8480232000-7f848077d000 ---p 00000000 00:00 0 
7f848077d000-7f848077e000 rw-p 00000000 00:00 0 
7f848077e000-7f848097e000 ---p 00000000 00:00 0 
7f848097e000-7f8480bee000 rwxp 00000000 00:00 0 
7f8480bee000-7f8480f0e000 ---p 00000000 00:00 0 
7f8480f0e000-7f848117e000 rwxp 00000000 00:00 0 
7f848117e000-7f8488446000 ---p 00000000 00:00 0 
7f8488446000-7f84886b6000 rwxp 00000000 00:00 0 
7f84886b6000-7f848f97e000 ---p 00000000 00:00 0 
7f848f97e000-7f8498000000 r--s 00000000 08:08 1314442                    /usr/lib/jvm/java-11-openjdk-amd64/lib/modules
7f8498000000-7f84983ea000 rw-p 00000000 00:00 0 
7f84983ea000-7f849c000000 ---p 00000000 00:00 0 
7f849c014000-7f849c035000 rw-p 00000000 00:00 0 
7f849c035000-7f849c036000 ---p 00000000 00:00 0 
7f849c036000-7f849c137000 rw-p 00000000 00:00 0 
7f849c137000-7f849c138000 ---p 00000000 00:00 0 
7f849c138000-7f849c63d000 rw-p 00000000 00:00 0 
7f849c63d000-7f849c63e000 ---p 00000000 00:00 0 
7f849c63e000-7f849c744000 rw-p 00000000 00:00 0 
7f849c744000-7f849c82a000 ---p 00000000 00:00 0 
7f849c82a000-7f849c82f000 rw-p 00000000 00:00 0 
7f849c82f000-7f849c915000 ---p 00000000 00:00 0 
7f849c915000-7f849c91a000 r-xp 00000000 08:08 1314424                    /usr/lib/jvm/java-11-openjdk-amd64/lib/libjimage.so
7f849c91a000-7f849cb19000 ---p 00005000 08:08 1314424                    /usr/lib/jvm/java-11-openjdk-amd64/lib/libjimage.so
7f849cb19000-7f849cb1a000 r--p 00004000 08:08 1314424                    /usr/lib/jvm/java-11-openjdk-amd64/lib/libjimage.so
7f849cb1a000-7f849cb1b000 rw-p 00005000 08:08 1314424                    /usr/lib/jvm/java-11-openjdk-amd64/lib/libjimage.so
7f849cb1b000-7f849cb22000 r-xp 00000000 08:08 1314441                    /usr/lib/jvm/java-11-openjdk-amd64/lib/libzip.so
7f849cb22000-7f849cd21000 ---p 00007000 08:08 1314441                    /usr/lib/jvm/java-11-openjdk-amd64/lib/libzip.so
7f849cd21000-7f849cd22000 r--p 00006000 08:08 1314441                    /usr/lib/jvm/java-11-openjdk-amd64/lib/libzip.so
7f849cd22000-7f849cd23000 rw-p 00007000 08:08 1314441                    /usr/lib/jvm/java-11-openjdk-amd64/lib/libzip.so
7f849cd23000-7f849cd2e000 r-xp 00000000 08:08 4592462                    /lib/x86_64-linux-gnu/libnss_files-2.27.so
7f849cd2e000-7f849cf2d000 ---p 0000b000 08:08 4592462                    /lib/x86_64-linux-gnu/libnss_files-2.27.so
7f849cf2d000-7f849cf2e000 r--p 0000a000 08:08 4592462                    /lib/x86_64-linux-gnu/libnss_files-2.27.so
7f849cf2e000-7f849cf2f000 rw-p 0000b000 08:08 4592462                    /lib/x86_64-linux-gnu/libnss_files-2.27.so
7f849cf2f000-7f849cf35000 rw-p 00000000 00:00 0 
7f849cf35000-7f849cf4c000 r-xp 00000000 08:08 4592456                    /lib/x86_64-linux-gnu/libnsl-2.27.so
7f849cf4c000-7f849d14b000 ---p 00017000 08:08 4592456                    /lib/x86_64-linux-gnu/libnsl-2.27.so
7f849d14b000-7f849d14c000 r--p 00016000 08:08 4592456                    /lib/x86_64-linux-gnu/libnsl-2.27.so
7f849d14c000-7f849d14d000 rw-p 00017000 08:08 4592456                    /lib/x86_64-linux-gnu/libnsl-2.27.so
7f849d14d000-7f849d14f000 rw-p 00000000 00:00 0 
7f849d14f000-7f849d15a000 r-xp 00000000 08:08 4592473                    /lib/x86_64-linux-gnu/libnss_nis-2.27.so
7f849d15a000-7f849d359000 ---p 0000b000 08:08 4592473                    /lib/x86_64-linux-gnu/libnss_nis-2.27.so
7f849d359000-7f849d35a000 r--p 0000a000 08:08 4592473                    /lib/x86_64-linux-gnu/libnss_nis-2.27.so
7f849d35a000-7f849d35b000 rw-p 0000b000 08:08 4592473                    /lib/x86_64-linux-gnu/libnss_nis-2.27.so
7f849d35b000-7f849d363000 r-xp 00000000 08:08 4592458                    /lib/x86_64-linux-gnu/libnss_compat-2.27.so
7f849d363000-7f849d563000 ---p 00008000 08:08 4592458                    /lib/x86_64-linux-gnu/libnss_compat-2.27.so
7f849d563000-7f849d564000 r--p 00008000 08:08 4592458                    /lib/x86_64-linux-gnu/libnss_compat-2.27.so
7f849d564000-7f849d565000 rw-p 00009000 08:08 4592458                    /lib/x86_64-linux-gnu/libnss_compat-2.27.so
7f849d565000-7f849d58e000 r-xp 00000000 08:08 1314420                    /usr/lib/jvm/java-11-openjdk-amd64/lib/libjava.so
7f849d58e000-7f849d78d000 ---p 00029000 08:08 1314420                    /usr/lib/jvm/java-11-openjdk-amd64/lib/libjava.so
7f849d78d000-7f849d78e000 r--p 00028000 08:08 1314420                    /usr/lib/jvm/java-11-openjdk-amd64/lib/libjava.so
7f849d78e000-7f849d790000 rw-p 00029000 08:08 1314420                    /usr/lib/jvm/java-11-openjdk-amd64/lib/libjava.so
7f849d790000-7f849d79d000 r-xp 00000000 08:08 1314440                    /usr/lib/jvm/java-11-openjdk-amd64/lib/libverify.so
7f849d79d000-7f849d99c000 ---p 0000d000 08:08 1314440                    /usr/lib/jvm/java-11-openjdk-amd64/lib/libverify.so
7f849d99c000-7f849d99e000 r--p 0000c000 08:08 1314440                    /usr/lib/jvm/java-11-openjdk-amd64/lib/libverify.so
7f849d99e000-7f849d99f000 rw-p 0000e000 08:08 1314440                    /usr/lib/jvm/java-11-openjdk-amd64/lib/libverify.so
7f849d99f000-7f849d9a6000 r-xp 00000000 08:08 4592513                    /lib/x86_64-linux-gnu/librt-2.27.so
7f849d9a6000-7f849dba5000 ---p 00007000 08:08 4592513                    /lib/x86_64-linux-gnu/librt-2.27.so
7f849dba5000-7f849dba6000 r--p 00006000 08:08 4592513                    /lib/x86_64-linux-gnu/librt-2.27.so
7f849dba6000-7f849dba7000 rw-p 00007000 08:08 4592513                    /lib/x86_64-linux-gnu/librt-2.27.so
7f849dba7000-7f849dbbe000 r-xp 00000000 08:08 4587818                    /lib/x86_64-linux-gnu/libgcc_s.so.1
7f849dbbe000-7f849ddbd000 ---p 00017000 08:08 4587818                    /lib/x86_64-linux-gnu/libgcc_s.so.1
7f849ddbd000-7f849ddbe000 r--p 00016000 08:08 4587818                    /lib/x86_64-linux-gnu/libgcc_s.so.1
7f849ddbe000-7f849ddbf000 rw-p 00017000 08:08 4587818                    /lib/x86_64-linux-gnu/libgcc_s.so.1
7f849ddbf000-7f849df5c000 r-xp 00000000 08:08 4592435                    /lib/x86_64-linux-gnu/libm-2.27.so
7f849df5c000-7f849e15b000 ---p 0019d000 08:08 4592435                    /lib/x86_64-linux-gnu/libm-2.27.so
7f849e15b000-7f849e15c000 r--p 0019c000 08:08 4592435                    /lib/x86_64-linux-gnu/libm-2.27.so
7f849e15c000-7f849e15d000 rw-p 0019d000 08:08 4592435                    /lib/x86_64-linux-gnu/libm-2.27.so
7f849e15d000-7f849e2d6000 r-xp 00000000 08:08 9700561                    /usr/lib/x86_64-linux-gnu/libstdc++.so.6.0.25
7f849e2d6000-7f849e4d6000 ---p 00179000 08:08 9700561                    /usr/lib/x86_64-linux-gnu/libstdc++.so.6.0.25
7f849e4d6000-7f849e4e0000 r--p 00179000 08:08 9700561                    /usr/lib/x86_64-linux-gnu/libstdc++.so.6.0.25
7f849e4e0000-7f849e4e2000 rw-p 00183000 08:08 9700561                    /usr/lib/x86_64-linux-gnu/libstdc++.so.6.0.25
7f849e4e2000-7f849e4e6000 rw-p 00000000 00:00 0 
7f849e4e6000-7f849f5ae000 r-xp 00000000 08:08 1314445                    /usr/lib/jvm/java-11-openjdk-amd64/lib/server/libjvm.so
7f849f5ae000-7f849f7ae000 ---p 010c8000 08:08 1314445                    /usr/lib/jvm/java-11-openjdk-amd64/lib/server/libjvm.so
7f849f7ae000-7f849f86b000 r--p 010c8000 08:08 1314445                    /usr/lib/jvm/java-11-openjdk-amd64/lib/server/libjvm.so
7f849f86b000-7f849f8a4000 rw-p 01185000 08:08 1314445                    /usr/lib/jvm/java-11-openjdk-amd64/lib/server/libjvm.so
7f849f8a4000-7f849f8fa000 rw-p 00000000 00:00 0 
7f849f8fa000-7f849f914000 r-xp 00000000 08:08 4592505                    /lib/x86_64-linux-gnu/libpthread-2.27.so
7f849f914000-7f849fb13000 ---p 0001a000 08:08 4592505                    /lib/x86_64-linux-gnu/libpthread-2.27.so
7f849fb13000-7f849fb14000 r--p 00019000 08:08 4592505                    /lib/x86_64-linux-gnu/libpthread-2.27.so
7f849fb14000-7f849fb15000 rw-p 0001a000 08:08 4592505                    /lib/x86_64-linux-gnu/libpthread-2.27.so
7f849fb15000-7f849fb19000 rw-p 00000000 00:00 0 
7f849fb19000-7f849fb1c000 r-xp 00000000 08:08 4592395                    /lib/x86_64-linux-gnu/libdl-2.27.so
7f849fb1c000-7f849fd1b000 ---p 00003000 08:08 4592395                    /lib/x86_64-linux-gnu/libdl-2.27.so
7f849fd1b000-7f849fd1c000 r--p 00002000 08:08 4592395                    /lib/x86_64-linux-gnu/libdl-2.27.so
7f849fd1c000-7f849fd1d000 rw-p 00003000 08:08 4592395                    /lib/x86_64-linux-gnu/libdl-2.27.so
7f849fd1d000-7f849fd39000 r-xp 00000000 08:08 4592544                    /lib/x86_64-linux-gnu/libz.so.1.2.11
7f849fd39000-7f849ff38000 ---p 0001c000 08:08 4592544                    /lib/x86_64-linux-gnu/libz.so.1.2.11
7f849ff38000-7f849ff39000 r--p 0001b000 08:08 4592544                    /lib/x86_64-linux-gnu/libz.so.1.2.11
7f849ff39000-7f849ff3a000 rw-p 0001c000 08:08 4592544                    /lib/x86_64-linux-gnu/libz.so.1.2.11
7f849ff3a000-7f84a0121000 r-xp 00000000 08:08 4592372                    /lib/x86_64-linux-gnu/libc-2.27.so
7f84a0121000-7f84a0321000 ---p 001e7000 08:08 4592372                    /lib/x86_64-linux-gnu/libc-2.27.so
7f84a0321000-7f84a0325000 r--p 001e7000 08:08 4592372                    /lib/x86_64-linux-gnu/libc-2.27.so
7f84a0325000-7f84a0327000 rw-p 001eb000 08:08 4592372                    /lib/x86_64-linux-gnu/libc-2.27.so
7f84a0327000-7f84a032b000 rw-p 00000000 00:00 0 
7f84a032b000-7f84a033a000 r-xp 00000000 08:08 1314261                    /usr/lib/jvm/java-11-openjdk-amd64/lib/jli/libjli.so
7f84a033a000-7f84a053a000 ---p 0000f000 08:08 1314261                    /usr/lib/jvm/java-11-openjdk-amd64/lib/jli/libjli.so
7f84a053a000-7f84a053b000 r--p 0000f000 08:08 1314261                    /usr/lib/jvm/java-11-openjdk-amd64/lib/jli/libjli.so
7f84a053b000-7f84a053c000 rw-p 00010000 08:08 1314261                    /usr/lib/jvm/java-11-openjdk-amd64/lib/jli/libjli.so
7f84a053c000-7f84a0563000 r-xp 00000000 08:08 4592344                    /lib/x86_64-linux-gnu/ld-2.27.so
7f84a0579000-7f84a0644000 rw-p 00000000 00:00 0 
7f84a0644000-7f84a0648000 ---p 00000000 00:00 0 
7f84a0648000-7f84a0747000 rw-p 00000000 00:00 0 
7f84a0749000-7f84a074e000 rw-p 00000000 00:00 0 
7f84a074e000-7f84a0755000 ---p 00000000 00:00 0 
7f84a0755000-7f84a0757000 r--s 00007000 08:08 10095199                   /usr/share/java/java-atk-wrapper.jar
7f84a0757000-7f84a075f000 rw-s 00000000 08:08 9703923                    /tmp/hsperfdata_prasahnt/25453
7f84a075f000-7f84a0760000 ---p 00000000 00:00 0 
7f84a0760000-7f84a0761000 r--p 00000000 00:00 0 
7f84a0761000-7f84a0763000 rw-p 00000000 00:00 0 
7f84a0763000-7f84a0764000 r--p 00027000 08:08 4592344                    /lib/x86_64-linux-gnu/ld-2.27.so
7f84a0764000-7f84a0765000 rw-p 00028000 08:08 4592344                    /lib/x86_64-linux-gnu/ld-2.27.so
7f84a0765000-7f84a0766000 rw-p 00000000 00:00 0 
7ffd688b4000-7ffd688d5000 rw-p 00000000 00:00 0                          [stack]
7ffd68984000-7ffd68987000 r--p 00000000 00:00 0                          [vvar]
7ffd68987000-7ffd68989000 r-xp 00000000 00:00 0                          [vdso]
ffffffffff600000-ffffffffff601000 r-xp 00000000 00:00 0                  [vsyscall]


VM Arguments:
jvm_args: -Xmx4g 
java_command: edu.stanford.nlp.pipeline.StanfordCoreNLPServer -port 9046
java_class_path (initial): /home/prasahnt/Desktop/resources/stanford-corenlp-full-2018-10-05/jaxb-api-2.4.0-b180830.0359.jar:/home/prasahnt/Desktop/resources/stanford-corenlp-full-2018-10-05/stanford-corenlp-3.9.2.jar:/home/prasahnt/Desktop/resources/stanford-corenlp-full-2018-10-05/jaxb-impl-2.4.0-b180830.0438-sources.jar:/home/prasahnt/Desktop/resources/stanford-corenlp-full-2018-10-05/xom.jar:/home/prasahnt/Desktop/resources/stanford-corenlp-full-2018-10-05/stanford-corenlp-3.9.2-javadoc.jar:/home/prasahnt/Desktop/resources/stanford-corenlp-full-2018-10-05/javax.json-api-1.0-sources.jar:/home/prasahnt/Desktop/resources/stanford-corenlp-full-2018-10-05/protobuf.jar:/home/prasahnt/Desktop/resources/stanford-corenlp-full-2018-10-05/stanford-corenlp-3.9.2-models.jar:/home/prasahnt/Desktop/resources/stanford-corenlp-full-2018-10-05/joda-time.jar:/home/prasahnt/Desktop/resources/stanford-corenlp-full-2018-10-05/jaxb-core-2.3.0.1-sources.jar:/home/prasahnt/Desktop/resources/stanford-corenlp-full-2018-10-05/jaxb-impl-2.4.0-b180830.0438.jar:/home/prasahnt/Desktop/resources/stanford-corenlp-full-2018-10-05/joda-time-2.9-sources.jar:/home/prasahnt/Desktop/resources/stanford-corenlp-full-2018-10-05/xom-1.2.10-src.jar:/home/prasahnt/Desktop/resources/stanford-corenlp-full-2018-10-05/ejml-0.23.jar:/home/prasahnt/Desktop/resources/stanford-corenlp-full-2018-10-05/slf4j-simple.jar:/home/prasahnt/Desktop/resources/stanford-corenlp-full-2018-10-05/javax.activation-api-1.2.0-sources.jar:/home/prasahnt/Desktop/resources/stanford-corenlp-full-2018-10-05/stanford-corenlp-3.9.2-sources.jar:/home/prasahnt/Desktop/resources/stanford-corenlp-full-2018-10-05/javax.activation-api-1.2.0.jar:/home/prasahnt/Desktop/resources/stanford-corenlp-full-2018-10-05/jollyday-0.4.9-sources.jar:/home/prasahnt/Desktop/resources/stanford-corenlp-full-2018-10-05/jaxb-core-2.3.0.1.jar:/home/prasahnt/Desktop/resources/stanford-corenlp-full-2018-10-05/jaxb-api-2.4.0-b180830.0359-sources.jar:/home/prasahnt/De
Launcher Type: SUN_STANDARD

[Global flags]
     intx CICompilerCount                          = 3                                         {product} {ergonomic}
     uint ConcGCThreads                            = 1                                         {product} {ergonomic}
     uint G1ConcRefinementThreads                  = 4                                         {product} {ergonomic}
   size_t G1HeapRegionSize                         = 1048576                                   {product} {ergonomic}
    uintx GCDrainStackTargetSize                   = 64                                        {product} {ergonomic}
   size_t InitialHeapSize                          = 262144000                                 {product} {ergonomic}
   size_t MarkStackSize                            = 4194304                                   {product} {ergonomic}
   size_t MaxHeapSize                              = 4294967296                                {product} {command line}
   size_t MaxNewSize                               = 2576351232                                {product} {ergonomic}
   size_t MinHeapDeltaBytes                        = 1048576                                   {product} {ergonomic}
    uintx NonNMethodCodeHeapSize                   = 5830092                                {pd product} {ergonomic}
    uintx NonProfiledCodeHeapSize                  = 122914074                              {pd product} {ergonomic}
    uintx ProfiledCodeHeapSize                     = 122914074                              {pd product} {ergonomic}
    uintx ReservedCodeCacheSize                    = 251658240                              {pd product} {ergonomic}
     bool SegmentedCodeCache                       = true                                      {product} {ergonomic}
     bool UseCompressedClassPointers               = true                                 {lp64_product} {ergonomic}
     bool UseCompressedOops                        = true                                 {lp64_product} {ergonomic}
     bool UseG1GC                                  = true                                      {product} {ergonomic}

Logging:
Log output configuration:
 #0: stdout all=warning uptime,level,tags
 #1: stderr all=off uptime,level,tags

Environment Variables:
PATH=/home/prasahnt/anaconda3/envs/handwriting/bin:/home/prasahnt/anaconda3/condabin:/home/prasahnt/anaconda3/bin:/home/prasahnt/.local/bin:/usr/local/sbin:/usr/local/bin:/usr/sbin:/usr/bin:/sbin:/bin:/usr/games:/usr/local/games:/snap/bin
USERNAME=prasahnt
SHELL=/bin/bash
DISPLAY=:0

Signal Handlers:
SIGSEGV: [libjvm.so+0xde2f90], sa_mask[0]=11111111011111111101111111111110, sa_flags=SA_RESTART|SA_SIGINFO
SIGBUS: [libjvm.so+0xde2f90], sa_mask[0]=11111111011111111101111111111110, sa_flags=SA_RESTART|SA_SIGINFO
SIGFPE: [libjvm.so+0xde2f90], sa_mask[0]=11111111011111111101111111111110, sa_flags=SA_RESTART|SA_SIGINFO
SIGPIPE: [libjvm.so+0xbb85d0], sa_mask[0]=11111111011111111101111111111110, sa_flags=SA_RESTART|SA_SIGINFO
SIGXFSZ: [libjvm.so+0xbb85d0], sa_mask[0]=11111111011111111101111111111110, sa_flags=SA_RESTART|SA_SIGINFO
SIGILL: [libjvm.so+0xde2f90], sa_mask[0]=11111111011111111101111111111110, sa_flags=SA_RESTART|SA_SIGINFO
SIGUSR2: [libjvm.so+0xbb8470], sa_mask[0]=00000000000000000000000000000000, sa_flags=SA_RESTART|SA_SIGINFO
SIGHUP: [libjvm.so+0xbb87d0], sa_mask[0]=11111111011111111101111111111110, sa_flags=SA_RESTART|SA_SIGINFO
SIGINT: [libjvm.so+0xbb87d0], sa_mask[0]=11111111011111111101111111111110, sa_flags=SA_RESTART|SA_SIGINFO
SIGTERM: [libjvm.so+0xbb87d0], sa_mask[0]=11111111011111111101111111111110, sa_flags=SA_RESTART|SA_SIGINFO
SIGQUIT: [libjvm.so+0xbb87d0], sa_mask[0]=11111111011111111101111111111110, sa_flags=SA_RESTART|SA_SIGINFO


---------------  S Y S T E M  ---------------

OS:DISTRIB_ID=Ubuntu
DISTRIB_RELEASE=18.04
DISTRIB_CODENAME=bionic
DISTRIB_DESCRIPTION="Ubuntu 18.04.2 LTS"
uname:Linux 4.18.0-20-generic #21~18.04.1-Ubuntu SMP Wed May 8 08:43:37 UTC 2019 x86_64
libc:glibc 2.27 NPTL 2.27 
rlimit: STACK 8192k, CORE 0k, NPROC 62668, NOFILE 4096, AS infinity, DATA infinity, FSIZE infinity
load average:2.46 1.50 1.10

/proc/meminfo:
MemTotal:       16315008 kB
MemFree:          157340 kB
MemAvailable:     186404 kB
Buffers:           10980 kB
Cached:           424000 kB
SwapCached:        21656 kB
Active:         14312716 kB
Inactive:        1373836 kB
Active(anon):   14143864 kB
Inactive(anon):  1284608 kB
Active(file):     168852 kB
Inactive(file):    89228 kB
Unevictable:          48 kB
Mlocked:              48 kB
SwapTotal:       2097148 kB
SwapFree:         258796 kB
Dirty:               316 kB
Writeback:             0 kB
AnonPages:      15230508 kB
Mapped:           285244 kB
Shmem:            182700 kB
Slab:             152268 kB
SReclaimable:      57948 kB
SUnreclaim:        94320 kB
KernelStack:       40736 kB
PageTables:       138336 kB
NFS_Unstable:          0 kB
Bounce:                0 kB
WritebackTmp:          0 kB
CommitLimit:    10254652 kB
Committed_AS:   36844052 kB
VmallocTotal:   34359738367 kB
VmallocUsed:           0 kB
VmallocChunk:          0 kB
HardwareCorrupted:     0 kB
AnonHugePages:         0 kB
ShmemHugePages:        0 kB
ShmemPmdMapped:        0 kB
CmaTotal:              0 kB
CmaFree:               0 kB
HugePages_Total:       0
HugePages_Free:        0
HugePages_Rsvd:        0
HugePages_Surp:        0
Hugepagesize:       2048 kB
Hugetlb:               0 kB
DirectMap4k:      413916 kB
DirectMap2M:    16252928 kB
DirectMap1G:     1048576 kB


/proc/sys/kernel/threads-max (system-wide limit on the number of threads):
125336


/proc/sys/vm/max_map_count (maximum number of memory map areas a process may have):
65530


/proc/sys/kernel/pid_max (system-wide limit on number of process identifiers):
32768



container (cgroup) information:
container_type: cgroupv1
cpu_cpuset_cpus: 0-3
cpu_memory_nodes: 0
active_processor_count: 4
cpu_quota: -1
cpu_period: 100000
cpu_shares: -1
memory_limit_in_bytes: -1
memory_and_swap_limit_in_bytes: -2
memory_soft_limit_in_bytes: -1
memory_usage_in_bytes: 16062124032
memory_max_usage_in_bytes: 0


CPU:total 4 (initial active 4) (2 cores per cpu, 2 threads per core) family 6 model 78 stepping 3, cmov, cx8, fxsr, mmx, sse, sse2, sse3, ssse3, sse4.1, sse4.2, popcnt, avx, avx2, aes, clmul, erms, 3dnowpref, lzcnt, ht, tsc, tscinvbit, bmi1, bmi2, adx, fma
CPU Model and flags from /proc/cpuinfo:
model name	: Intel(R) Core(TM) i5-6200U CPU @ 2.30GHz
flags		: fpu vme de pse tsc msr pae mce cx8 apic sep mtrr pge mca cmov pat pse36 clflush dts acpi mmx fxsr sse sse2 ss ht tm pbe syscall nx pdpe1gb rdtscp lm constant_tsc art arch_perfmon pebs bts rep_good nopl xtopology nonstop_tsc cpuid aperfmperf tsc_known_freq pni pclmulqdq dtes64 monitor ds_cpl vmx est tm2 ssse3 sdbg fma cx16 xtpr pdcm pcid sse4_1 sse4_2 x2apic movbe popcnt tsc_deadline_timer aes xsave avx f16c rdrand lahf_lm abm 3dnowprefetch cpuid_fault epb invpcid_single pti ssbd ibrs ibpb stibp tpr_shadow vnmi flexpriority ept vpid fsgsbase tsc_adjust bmi1 avx2 smep bmi2 erms invpcid mpx rdseed adx smap clflushopt intel_pt xsaveopt xsavec xgetbv1 xsaves dtherm ida arat pln pts hwp hwp_notify hwp_act_window hwp_epp md_clear flush_l1d

Memory: 4k page, physical 16315008k(157340k free), swap 2097148k(258796k free)

vm_info: OpenJDK 64-Bit Server VM (11.0.3+7-Ubuntu-1ubuntu218.04.1) for linux-amd64 JRE (11.0.3+7-Ubuntu-1ubuntu218.04.1), built on Apr 23 2019 18:34:35 by "buildd" with gcc 7.3.0

END.
