#
# There is insufficient memory for the Java Runtime Environment to continue.
# Native memory allocation (mmap) failed to map 528482304 bytes for committing reserved memory.
# Possible reasons:
#   The system is out of physical RAM or swap space
#   The process is running with CompressedOops enabled, and the Java Heap may be blocking the growth of the native heap
# Possible solutions:
#   Reduce memory load on the system
#   Increase physical memory or swap space
#   Check if swap backing store is full
#   Decrease Java heap size (-Xmx/-Xms)
#   Decrease number of Java threads
#   Decrease Java thread stack sizes (-Xss)
#   Set larger code cache with -XX:ReservedCodeCacheSize=
#   JVM is running with Zero Based Compressed Oops mode in which the Java heap is
#     placed in the first 32GB address space. The Java Heap base address is the
#     maximum limit for the native heap growth. Please use -XX:HeapBaseMinAddress
#     to set the Java Heap base and to place the Java Heap above 32GB virtual address.
# This output file may be truncated or incomplete.
#
#  Out of Memory Error (os_linux.cpp:2719), pid=25934, tid=25941
#
# JRE version: OpenJDK Runtime Environment (11.0.3+7) (build 11.0.3+7-Ubuntu-1ubuntu218.04.1)
# Java VM: OpenJDK 64-Bit Server VM (11.0.3+7-Ubuntu-1ubuntu218.04.1, mixed mode, sharing, tiered, compressed oops, g1 gc, linux-amd64)
# Core dump will be written. Default location: Core dumps may be processed with "/usr/share/apport/apport %p %s %c %d %P" (or dumping to /home/prasahnt/Desktop/handwriting/backend/utilities/core.25934)
#

---------------  S U M M A R Y ------------

Command Line: -Xmx4g edu.stanford.nlp.pipeline.StanfordCoreNLPServer -port 9047

Host: Intel(R) Core(TM) i5-6200U CPU @ 2.30GHz, 4 cores, 15G, Ubuntu 18.04.2 LTS
Time: Fri Jun  7 17:12:47 2019 IST elapsed time: 4 seconds (0d 0h 0m 4s)

---------------  T H R E A D  ---------------

Current thread (0x00007ff748197800):  VMThread "VM Thread" [stack: 0x00007ff720673000,0x00007ff720773000] [id=25941]

Stack: [0x00007ff720673000,0x00007ff720773000],  sp=0x00007ff720770ff0,  free space=1015k
Native frames: (J=compiled Java code, A=aot compiled Java code, j=interpreted, Vv=VM code, C=native code)
V  [libjvm.so+0xde1587]
V  [libjvm.so+0xde21db]
V  [libjvm.so+0x650895]
V  [libjvm.so+0xbbc6c8]
V  [libjvm.so+0xbb3f2d]
V  [libjvm.so+0x76ea7f]
V  [libjvm.so+0x76ecee]
V  [libjvm.so+0x77ad60]
V  [libjvm.so+0x7f5e29]
V  [libjvm.so+0x7f6a82]
V  [libjvm.so+0x7f6ee9]
V  [libjvm.so+0x72d3af]
V  [libjvm.so+0x7320aa]
V  [libjvm.so+0xded011]
V  [libjvm.so+0xdebbd8]
V  [libjvm.so+0xde9466]
V  [libjvm.so+0xde992e]
V  [libjvm.so+0xde9d53]
V  [libjvm.so+0xd7805a]
V  [libjvm.so+0xbc238e]

VM_Operation (0x00007ff7121fab00): G1CollectForAllocation, mode: safepoint, requested by thread 0x00007ff6d8007800


---------------  P R O C E S S  ---------------

Threads class SMR info:
_java_thread_list=0x00007ff6d8009030, length=13, elements={
0x00007ff74819a800, 0x00007ff74819c800, 0x00007ff7481a2000, 0x00007ff7481a4000,
0x00007ff7481a6000, 0x00007ff7481a8000, 0x00007ff7481ef000, 0x00007ff7481f8000,
0x00007ff748397800, 0x00007ff7483ea800, 0x00007ff748012000, 0x00007ff6d8006000,
0x00007ff6d8007800
}

Java Threads: ( => current thread )
  0x00007ff74819a800 JavaThread "Reference Handler" daemon [_thread_blocked, id=25942, stack(0x00007ff720570000,0x00007ff720671000)]
  0x00007ff74819c800 JavaThread "Finalizer" daemon [_thread_blocked, id=25943, stack(0x00007ff72046f000,0x00007ff720570000)]
  0x00007ff7481a2000 JavaThread "Signal Dispatcher" daemon [_thread_blocked, id=25944, stack(0x00007ff72036e000,0x00007ff72046f000)]
  0x00007ff7481a4000 JavaThread "C2 CompilerThread0" daemon [_thread_blocked, id=25945, stack(0x00007ff72026d000,0x00007ff72036e000)]
  0x00007ff7481a6000 JavaThread "C1 CompilerThread0" daemon [_thread_blocked, id=25946, stack(0x00007ff72016c000,0x00007ff72026d000)]
  0x00007ff7481a8000 JavaThread "Sweeper thread" daemon [_thread_blocked, id=25947, stack(0x00007ff72006b000,0x00007ff72016c000)]
  0x00007ff7481ef000 JavaThread "Service Thread" daemon [_thread_blocked, id=25948, stack(0x00007ff712d30000,0x00007ff712e31000)]
  0x00007ff7481f8000 JavaThread "Common-Cleaner" daemon [_thread_blocked, id=25950, stack(0x00007ff712b2d000,0x00007ff712c2e000)]
  0x00007ff748397800 JavaThread "server-timer" daemon [_thread_blocked, id=25951, stack(0x00007ff712401000,0x00007ff712502000)]
  0x00007ff7483ea800 JavaThread "HTTP-Dispatcher" [_thread_in_native, id=25952, stack(0x00007ff712300000,0x00007ff712401000)]
  0x00007ff748012000 JavaThread "DestroyJavaVM" [_thread_blocked, id=25935, stack(0x00007ff75037b000,0x00007ff75047c000)]
  0x00007ff6d8006000 JavaThread "pool-1-thread-1" [_thread_blocked, id=25953, stack(0x00007ff7121ff000,0x00007ff712300000)]
  0x00007ff6d8007800 JavaThread "pool-1-thread-2" [_thread_blocked, id=25954, stack(0x00007ff7120fe000,0x00007ff7121ff000)]

Other Threads:
=>0x00007ff748197800 VMThread "VM Thread" [stack: 0x00007ff720673000,0x00007ff720773000] [id=25941]
  0x00007ff7481f1800 WatcherThread [stack: 0x00007ff712c30000,0x00007ff712d30000] [id=25949]
  0x00007ff748028800 GCTaskThread "GC Thread#0" [stack: 0x00007ff74c376000,0x00007ff74c476000] [id=25936]
  0x00007ff708001000 GCTaskThread "GC Thread#1" [stack: 0x00007ff711ffe000,0x00007ff7120fe000] [id=25955]
  0x00007ff708002800 GCTaskThread "GC Thread#2" [stack: 0x00007ff711efc000,0x00007ff711ffc000] [id=25956]
  0x00007ff708004000 GCTaskThread "GC Thread#3" [stack: 0x00007ff711dfa000,0x00007ff711efa000] [id=25957]
  0x00007ff748069000 ConcurrentGCThread "G1 Main Marker" [stack: 0x00007ff722f00000,0x00007ff723000000] [id=25937]
  0x00007ff74806a800 ConcurrentGCThread "G1 Conc#0" [stack: 0x00007ff722dfe000,0x00007ff722efe000] [id=25938]
  0x00007ff74815b000 ConcurrentGCThread "G1 Refine#0" [stack: 0x00007ff7208f8000,0x00007ff7209f8000] [id=25939]
  0x00007ff74815c800 ConcurrentGCThread "G1 Young RemSet Sampling" [stack: 0x00007ff7207f6000,0x00007ff7208f6000] [id=25940]

Threads with active compile tasks:
C2 CompilerThread01019       4       java.io.ObjectInputStream$BlockDataInputStream::readUTFBody (192 bytes)

VM state:at safepoint (normal execution)

VM Mutex/Monitor currently owned by a thread:  ([mutex/lock_event])
[0x00007ff74800e630] Threads_lock - owner thread: 0x00007ff748197800
[0x00007ff74800ed80] Heap_lock - owner thread: 0x00007ff6d8007800

Heap address: 0x0000000700000000, size: 4096 MB, Compressed Oops mode: Zero based, Oop shift amount: 3
Narrow klass base: 0x0000000800000000, Narrow klass shift: 3
Compressed class space size: 1073741824 Address: 0x0000000840000000

Heap:
 garbage-first heap   total 774144K, used 35804K [0x0000000700000000, 0x0000000800000000)
  region size 1024K, 2 young (2048K), 2 survivors (2048K)
 Metaspace       used 5821K, capacity 7450K, committed 7552K, reserved 1056768K
  class space    used 628K, capacity 803K, committed 896K, reserved 1048576K
Heap Regions: E=young(eden), S=young(survivor), O=old, HS=humongous(starts), HC=humongous(continues), CS=collection set, F=free, A=archive, TAMS=top-at-mark-start (previous, next)
|   0|0x0000000700000000, 0x0000000700100000, 0x0000000700100000|100%| O|  |TAMS 0x0000000700000000, 0x0000000700000000| Untracked 
|   1|0x0000000700100000, 0x0000000700200000, 0x0000000700200000|100%| O|  |TAMS 0x0000000700100000, 0x0000000700100000| Untracked 
|   2|0x0000000700200000, 0x0000000700300000, 0x0000000700300000|100%| O|  |TAMS 0x0000000700200000, 0x0000000700200000| Untracked 
|   3|0x0000000700300000, 0x0000000700400000, 0x0000000700400000|100%| O|  |TAMS 0x0000000700300000, 0x0000000700300000| Untracked 
|   4|0x0000000700400000, 0x0000000700500000, 0x0000000700500000|100%| O|  |TAMS 0x0000000700400000, 0x0000000700400000| Untracked 
|   5|0x0000000700500000, 0x0000000700600000, 0x0000000700600000|100%| O|  |TAMS 0x0000000700500000, 0x0000000700500000| Untracked 
|   6|0x0000000700600000, 0x0000000700700000, 0x0000000700700000|100%| O|  |TAMS 0x0000000700600000, 0x0000000700600000| Untracked 
|   7|0x0000000700700000, 0x0000000700800000, 0x0000000700800000|100%| O|  |TAMS 0x0000000700700000, 0x0000000700700000| Untracked 
|   8|0x0000000700800000, 0x0000000700900000, 0x0000000700900000|100%| O|  |TAMS 0x0000000700800000, 0x0000000700800000| Untracked 
|   9|0x0000000700900000, 0x0000000700a00000, 0x0000000700a00000|100%| O|  |TAMS 0x0000000700900000, 0x0000000700900000| Untracked 
|  10|0x0000000700a00000, 0x0000000700b00000, 0x0000000700b00000|100%| O|  |TAMS 0x0000000700a00000, 0x0000000700a00000| Untracked 
|  11|0x0000000700b00000, 0x0000000700c00000, 0x0000000700c00000|100%| O|  |TAMS 0x0000000700b00000, 0x0000000700b00000| Untracked 
|  12|0x0000000700c00000, 0x0000000700d00000, 0x0000000700d00000|100%| O|  |TAMS 0x0000000700c00000, 0x0000000700c00000| Untracked 
|  13|0x0000000700d00000, 0x0000000700e00000, 0x0000000700e00000|100%| O|  |TAMS 0x0000000700d00000, 0x0000000700d00000| Untracked 
|  14|0x0000000700e00000, 0x0000000700f00000, 0x0000000700f00000|100%|HS|  |TAMS 0x0000000700e00000, 0x0000000700e00000| Complete 
|  15|0x0000000700f00000, 0x0000000701000000, 0x0000000701000000|100%| O|  |TAMS 0x0000000700f00000, 0x0000000700f00000| Untracked 
|  16|0x0000000701000000, 0x0000000701100000, 0x0000000701100000|100%| O|  |TAMS 0x0000000701000000, 0x0000000701000000| Untracked 
|  17|0x0000000701100000, 0x0000000701200000, 0x0000000701200000|100%| O|  |TAMS 0x0000000701100000, 0x0000000701100000| Untracked 
|  18|0x0000000701200000, 0x0000000701300000, 0x0000000701300000|100%| O|  |TAMS 0x0000000701200000, 0x0000000701200000| Untracked 
|  19|0x0000000701300000, 0x0000000701400000, 0x0000000701400000|100%| O|  |TAMS 0x0000000701300000, 0x0000000701300000| Untracked 
|  20|0x0000000701400000, 0x0000000701500000, 0x0000000701500000|100%| O|  |TAMS 0x0000000701400000, 0x0000000701400000| Untracked 
|  21|0x0000000701500000, 0x0000000701600000, 0x0000000701600000|100%| O|  |TAMS 0x0000000701500000, 0x0000000701500000| Untracked 
|  22|0x0000000701600000, 0x0000000701700000, 0x0000000701700000|100%|HS|  |TAMS 0x0000000701600000, 0x0000000701600000| Complete 
|  23|0x0000000701700000, 0x0000000701800000, 0x0000000701800000|100%|HC|  |TAMS 0x0000000701700000, 0x0000000701700000| Complete 
|  24|0x0000000701800000, 0x0000000701900000, 0x0000000701900000|100%|HC|  |TAMS 0x0000000701800000, 0x0000000701800000| Complete 
|  25|0x0000000701900000, 0x0000000701a00000, 0x0000000701a00000|100%|HC|  |TAMS 0x0000000701900000, 0x0000000701900000| Complete 
|  26|0x0000000701a00000, 0x0000000701b00000, 0x0000000701b00000|100%|HC|  |TAMS 0x0000000701a00000, 0x0000000701a00000| Complete 
|  27|0x0000000701b00000, 0x0000000701c00000, 0x0000000701c00000|100%| O|  |TAMS 0x0000000701b00000, 0x0000000701b00000| Untracked 
|  28|0x0000000701c00000, 0x0000000701d00000, 0x0000000701d00000|100%| O|  |TAMS 0x0000000701c00000, 0x0000000701c00000| Untracked 
|  29|0x0000000701d00000, 0x0000000701e00000, 0x0000000701e00000|100%| O|  |TAMS 0x0000000701d00000, 0x0000000701d00000| Untracked 
|  30|0x0000000701e00000, 0x0000000701f00000, 0x0000000701f00000|100%| O|  |TAMS 0x0000000701e00000, 0x0000000701e00000| Untracked 
|  31|0x0000000701f00000, 0x0000000702000000, 0x0000000702000000|100%| O|  |TAMS 0x0000000701f00000, 0x0000000701f00000| Untracked 
|  32|0x0000000702000000, 0x0000000702058200, 0x0000000702100000| 34%| O|  |TAMS 0x0000000702000000, 0x0000000702000000| Untracked 
|  33|0x0000000702100000, 0x0000000702100000, 0x0000000702200000|  0%| F|  |TAMS 0x0000000702100000, 0x0000000702100000| Untracked 
|  34|0x0000000702200000, 0x0000000702200000, 0x0000000702300000|  0%| F|  |TAMS 0x0000000702200000, 0x0000000702200000| Untracked 
|  35|0x0000000702300000, 0x0000000702300000, 0x0000000702400000|  0%| F|  |TAMS 0x0000000702300000, 0x0000000702300000| Untracked 
|  36|0x0000000702400000, 0x0000000702400000, 0x0000000702500000|  0%| F|  |TAMS 0x0000000702400000, 0x0000000702400000| Untracked 
|  37|0x0000000702500000, 0x0000000702500000, 0x0000000702600000|  0%| F|  |TAMS 0x0000000702500000, 0x0000000702500000| Untracked 
|  38|0x0000000702600000, 0x0000000702600000, 0x0000000702700000|  0%| F|  |TAMS 0x0000000702600000, 0x0000000702600000| Untracked 
|  39|0x0000000702700000, 0x0000000702700000, 0x0000000702800000|  0%| F|  |TAMS 0x0000000702700000, 0x0000000702700000| Untracked 
|  40|0x0000000702800000, 0x0000000702800000, 0x0000000702900000|  0%| F|  |TAMS 0x0000000702800000, 0x0000000702800000| Untracked 
|  41|0x0000000702900000, 0x0000000702900000, 0x0000000702a00000|  0%| F|  |TAMS 0x0000000702900000, 0x0000000702900000| Untracked 
|  42|0x0000000702a00000, 0x0000000702a00000, 0x0000000702b00000|  0%| F|  |TAMS 0x0000000702a00000, 0x0000000702a00000| Untracked 
|  43|0x0000000702b00000, 0x0000000702b00000, 0x0000000702c00000|  0%| F|  |TAMS 0x0000000702b00000, 0x0000000702b00000| Untracked 
|  44|0x0000000702c00000, 0x0000000702c00000, 0x0000000702d00000|  0%| F|  |TAMS 0x0000000702c00000, 0x0000000702c00000| Untracked 
|  45|0x0000000702d00000, 0x0000000702d00000, 0x0000000702e00000|  0%| F|  |TAMS 0x0000000702d00000, 0x0000000702d00000| Untracked 
|  46|0x0000000702e00000, 0x0000000702e00000, 0x0000000702f00000|  0%| F|  |TAMS 0x0000000702e00000, 0x0000000702e00000| Untracked 
|  47|0x0000000702f00000, 0x0000000702f00000, 0x0000000703000000|  0%| F|  |TAMS 0x0000000702f00000, 0x0000000702f00000| Untracked 
|  48|0x0000000703000000, 0x0000000703000000, 0x0000000703100000|  0%| F|  |TAMS 0x0000000703000000, 0x0000000703000000| Untracked 
|  49|0x0000000703100000, 0x0000000703100000, 0x0000000703200000|  0%| F|  |TAMS 0x0000000703100000, 0x0000000703100000| Untracked 
|  50|0x0000000703200000, 0x0000000703200000, 0x0000000703300000|  0%| F|  |TAMS 0x0000000703200000, 0x0000000703200000| Untracked 
|  51|0x0000000703300000, 0x0000000703300000, 0x0000000703400000|  0%| F|  |TAMS 0x0000000703300000, 0x0000000703300000| Untracked 
|  52|0x0000000703400000, 0x0000000703400000, 0x0000000703500000|  0%| F|  |TAMS 0x0000000703400000, 0x0000000703400000| Untracked 
|  53|0x0000000703500000, 0x0000000703500000, 0x0000000703600000|  0%| F|  |TAMS 0x0000000703500000, 0x0000000703500000| Untracked 
|  54|0x0000000703600000, 0x0000000703600000, 0x0000000703700000|  0%| F|  |TAMS 0x0000000703600000, 0x0000000703600000| Untracked 
|  55|0x0000000703700000, 0x0000000703700000, 0x0000000703800000|  0%| F|  |TAMS 0x0000000703700000, 0x0000000703700000| Untracked 
|  56|0x0000000703800000, 0x0000000703800000, 0x0000000703900000|  0%| F|  |TAMS 0x0000000703800000, 0x0000000703800000| Untracked 
|  57|0x0000000703900000, 0x0000000703900000, 0x0000000703a00000|  0%| F|  |TAMS 0x0000000703900000, 0x0000000703900000| Untracked 
|  58|0x0000000703a00000, 0x0000000703a00000, 0x0000000703b00000|  0%| F|  |TAMS 0x0000000703a00000, 0x0000000703a00000| Untracked 
|  59|0x0000000703b00000, 0x0000000703b00000, 0x0000000703c00000|  0%| F|  |TAMS 0x0000000703b00000, 0x0000000703b00000| Untracked 
|  60|0x0000000703c00000, 0x0000000703c00000, 0x0000000703d00000|  0%| F|  |TAMS 0x0000000703c00000, 0x0000000703c00000| Untracked 
|  61|0x0000000703d00000, 0x0000000703d00000, 0x0000000703e00000|  0%| F|  |TAMS 0x0000000703d00000, 0x0000000703d00000| Untracked 
|  62|0x0000000703e00000, 0x0000000703e00000, 0x0000000703f00000|  0%| F|  |TAMS 0x0000000703e00000, 0x0000000703e00000| Untracked 
|  63|0x0000000703f00000, 0x0000000703f00000, 0x0000000704000000|  0%| F|  |TAMS 0x0000000703f00000, 0x0000000703f00000| Untracked 
|  64|0x0000000704000000, 0x0000000704000000, 0x0000000704100000|  0%| F|  |TAMS 0x0000000704000000, 0x0000000704000000| Untracked 
|  65|0x0000000704100000, 0x0000000704100000, 0x0000000704200000|  0%| F|  |TAMS 0x0000000704100000, 0x0000000704100000| Untracked 
|  66|0x0000000704200000, 0x0000000704200000, 0x0000000704300000|  0%| F|  |TAMS 0x0000000704200000, 0x0000000704200000| Untracked 
|  67|0x0000000704300000, 0x0000000704300000, 0x0000000704400000|  0%| F|  |TAMS 0x0000000704300000, 0x0000000704300000| Untracked 
|  68|0x0000000704400000, 0x0000000704400000, 0x0000000704500000|  0%| F|  |TAMS 0x0000000704400000, 0x0000000704400000| Untracked 
|  69|0x0000000704500000, 0x0000000704500000, 0x0000000704600000|  0%| F|  |TAMS 0x0000000704500000, 0x0000000704500000| Untracked 
|  70|0x0000000704600000, 0x0000000704600000, 0x0000000704700000|  0%| F|  |TAMS 0x0000000704600000, 0x0000000704600000| Untracked 
|  71|0x0000000704700000, 0x0000000704700000, 0x0000000704800000|  0%| F|  |TAMS 0x0000000704700000, 0x0000000704700000| Untracked 
|  72|0x0000000704800000, 0x0000000704800000, 0x0000000704900000|  0%| F|  |TAMS 0x0000000704800000, 0x0000000704800000| Untracked 
|  73|0x0000000704900000, 0x0000000704900000, 0x0000000704a00000|  0%| F|  |TAMS 0x0000000704900000, 0x0000000704900000| Untracked 
|  74|0x0000000704a00000, 0x0000000704a00000, 0x0000000704b00000|  0%| F|  |TAMS 0x0000000704a00000, 0x0000000704a00000| Untracked 
|  75|0x0000000704b00000, 0x0000000704b00000, 0x0000000704c00000|  0%| F|  |TAMS 0x0000000704b00000, 0x0000000704b00000| Untracked 
|  76|0x0000000704c00000, 0x0000000704c00000, 0x0000000704d00000|  0%| F|  |TAMS 0x0000000704c00000, 0x0000000704c00000| Untracked 
|  77|0x0000000704d00000, 0x0000000704d00000, 0x0000000704e00000|  0%| F|  |TAMS 0x0000000704d00000, 0x0000000704d00000| Untracked 
|  78|0x0000000704e00000, 0x0000000704e00000, 0x0000000704f00000|  0%| F|  |TAMS 0x0000000704e00000, 0x0000000704e00000| Untracked 
|  79|0x0000000704f00000, 0x0000000704f00000, 0x0000000705000000|  0%| F|  |TAMS 0x0000000704f00000, 0x0000000704f00000| Untracked 
|  80|0x0000000705000000, 0x0000000705000000, 0x0000000705100000|  0%| F|  |TAMS 0x0000000705000000, 0x0000000705000000| Untracked 
|  81|0x0000000705100000, 0x0000000705100000, 0x0000000705200000|  0%| F|  |TAMS 0x0000000705100000, 0x0000000705100000| Untracked 
|  82|0x0000000705200000, 0x0000000705200000, 0x0000000705300000|  0%| F|  |TAMS 0x0000000705200000, 0x0000000705200000| Untracked 
|  83|0x0000000705300000, 0x0000000705300000, 0x0000000705400000|  0%| F|  |TAMS 0x0000000705300000, 0x0000000705300000| Untracked 
|  84|0x0000000705400000, 0x0000000705400000, 0x0000000705500000|  0%| F|  |TAMS 0x0000000705400000, 0x0000000705400000| Untracked 
|  85|0x0000000705500000, 0x0000000705500000, 0x0000000705600000|  0%| F|  |TAMS 0x0000000705500000, 0x0000000705500000| Untracked 
|  86|0x0000000705600000, 0x0000000705600000, 0x0000000705700000|  0%| F|  |TAMS 0x0000000705600000, 0x0000000705600000| Untracked 
|  87|0x0000000705700000, 0x0000000705700000, 0x0000000705800000|  0%| F|  |TAMS 0x0000000705700000, 0x0000000705700000| Untracked 
|  88|0x0000000705800000, 0x0000000705800000, 0x0000000705900000|  0%| F|  |TAMS 0x0000000705800000, 0x0000000705800000| Untracked 
|  89|0x0000000705900000, 0x0000000705900000, 0x0000000705a00000|  0%| F|  |TAMS 0x0000000705900000, 0x0000000705900000| Untracked 
|  90|0x0000000705a00000, 0x0000000705a00000, 0x0000000705b00000|  0%| F|  |TAMS 0x0000000705a00000, 0x0000000705a00000| Untracked 
|  91|0x0000000705b00000, 0x0000000705b00000, 0x0000000705c00000|  0%| F|  |TAMS 0x0000000705b00000, 0x0000000705b00000| Untracked 
|  92|0x0000000705c00000, 0x0000000705c00000, 0x0000000705d00000|  0%| F|  |TAMS 0x0000000705c00000, 0x0000000705c00000| Untracked 
|  93|0x0000000705d00000, 0x0000000705d00000, 0x0000000705e00000|  0%| F|  |TAMS 0x0000000705d00000, 0x0000000705d00000| Untracked 
|  94|0x0000000705e00000, 0x0000000705e00000, 0x0000000705f00000|  0%| F|  |TAMS 0x0000000705e00000, 0x0000000705e00000| Untracked 
|  95|0x0000000705f00000, 0x0000000705f00000, 0x0000000706000000|  0%| F|  |TAMS 0x0000000705f00000, 0x0000000705f00000| Untracked 
|  96|0x0000000706000000, 0x0000000706000000, 0x0000000706100000|  0%| F|  |TAMS 0x0000000706000000, 0x0000000706000000| Untracked 
|  97|0x0000000706100000, 0x0000000706100000, 0x0000000706200000|  0%| F|  |TAMS 0x0000000706100000, 0x0000000706100000| Untracked 
|  98|0x0000000706200000, 0x0000000706200000, 0x0000000706300000|  0%| F|  |TAMS 0x0000000706200000, 0x0000000706200000| Untracked 
|  99|0x0000000706300000, 0x0000000706300000, 0x0000000706400000|  0%| F|  |TAMS 0x0000000706300000, 0x0000000706300000| Untracked 
| 100|0x0000000706400000, 0x0000000706400000, 0x0000000706500000|  0%| F|  |TAMS 0x0000000706400000, 0x0000000706400000| Untracked 
| 101|0x0000000706500000, 0x0000000706500000, 0x0000000706600000|  0%| F|  |TAMS 0x0000000706500000, 0x0000000706500000| Untracked 
| 102|0x0000000706600000, 0x0000000706600000, 0x0000000706700000|  0%| F|  |TAMS 0x0000000706600000, 0x0000000706600000| Untracked 
| 103|0x0000000706700000, 0x0000000706700000, 0x0000000706800000|  0%| F|  |TAMS 0x0000000706700000, 0x0000000706700000| Untracked 
| 104|0x0000000706800000, 0x0000000706800000, 0x0000000706900000|  0%| F|  |TAMS 0x0000000706800000, 0x0000000706800000| Untracked 
| 105|0x0000000706900000, 0x0000000706900000, 0x0000000706a00000|  0%| F|  |TAMS 0x0000000706900000, 0x0000000706900000| Untracked 
| 106|0x0000000706a00000, 0x0000000706a00000, 0x0000000706b00000|  0%| F|  |TAMS 0x0000000706a00000, 0x0000000706a00000| Untracked 
| 107|0x0000000706b00000, 0x0000000706b00000, 0x0000000706c00000|  0%| F|  |TAMS 0x0000000706b00000, 0x0000000706b00000| Untracked 
| 108|0x0000000706c00000, 0x0000000706c00000, 0x0000000706d00000|  0%| F|  |TAMS 0x0000000706c00000, 0x0000000706c00000| Untracked 
| 109|0x0000000706d00000, 0x0000000706d00000, 0x0000000706e00000|  0%| F|  |TAMS 0x0000000706d00000, 0x0000000706d00000| Untracked 
| 110|0x0000000706e00000, 0x0000000706e00000, 0x0000000706f00000|  0%| F|  |TAMS 0x0000000706e00000, 0x0000000706e00000| Untracked 
| 111|0x0000000706f00000, 0x0000000706f00000, 0x0000000707000000|  0%| F|  |TAMS 0x0000000706f00000, 0x0000000706f00000| Untracked 
| 112|0x0000000707000000, 0x0000000707000000, 0x0000000707100000|  0%| F|  |TAMS 0x0000000707000000, 0x0000000707000000| Untracked 
| 113|0x0000000707100000, 0x0000000707100000, 0x0000000707200000|  0%| F|  |TAMS 0x0000000707100000, 0x0000000707100000| Untracked 
| 114|0x0000000707200000, 0x0000000707200000, 0x0000000707300000|  0%| F|  |TAMS 0x0000000707200000, 0x0000000707200000| Untracked 
| 115|0x0000000707300000, 0x0000000707300000, 0x0000000707400000|  0%| F|  |TAMS 0x0000000707300000, 0x0000000707300000| Untracked 
| 116|0x0000000707400000, 0x0000000707400000, 0x0000000707500000|  0%| F|  |TAMS 0x0000000707400000, 0x0000000707400000| Untracked 
| 117|0x0000000707500000, 0x0000000707500000, 0x0000000707600000|  0%| F|  |TAMS 0x0000000707500000, 0x0000000707500000| Untracked 
| 118|0x0000000707600000, 0x0000000707600000, 0x0000000707700000|  0%| F|  |TAMS 0x0000000707600000, 0x0000000707600000| Untracked 
| 119|0x0000000707700000, 0x0000000707700000, 0x0000000707800000|  0%| F|  |TAMS 0x0000000707700000, 0x0000000707700000| Untracked 
| 120|0x0000000707800000, 0x0000000707800000, 0x0000000707900000|  0%| F|  |TAMS 0x0000000707800000, 0x0000000707800000| Untracked 
| 121|0x0000000707900000, 0x0000000707900000, 0x0000000707a00000|  0%| F|  |TAMS 0x0000000707900000, 0x0000000707900000| Untracked 
| 122|0x0000000707a00000, 0x0000000707a00000, 0x0000000707b00000|  0%| F|  |TAMS 0x0000000707a00000, 0x0000000707a00000| Untracked 
| 123|0x0000000707b00000, 0x0000000707b00000, 0x0000000707c00000|  0%| F|  |TAMS 0x0000000707b00000, 0x0000000707b00000| Untracked 
| 124|0x0000000707c00000, 0x0000000707c00000, 0x0000000707d00000|  0%| F|  |TAMS 0x0000000707c00000, 0x0000000707c00000| Untracked 
| 125|0x0000000707d00000, 0x0000000707d00000, 0x0000000707e00000|  0%| F|  |TAMS 0x0000000707d00000, 0x0000000707d00000| Untracked 
| 126|0x0000000707e00000, 0x0000000707e00000, 0x0000000707f00000|  0%| F|  |TAMS 0x0000000707e00000, 0x0000000707e00000| Untracked 
| 127|0x0000000707f00000, 0x0000000707f00000, 0x0000000708000000|  0%| F|  |TAMS 0x0000000707f00000, 0x0000000707f00000| Untracked 
| 128|0x0000000708000000, 0x0000000708000000, 0x0000000708100000|  0%| F|  |TAMS 0x0000000708000000, 0x0000000708000000| Untracked 
| 129|0x0000000708100000, 0x0000000708100000, 0x0000000708200000|  0%| F|  |TAMS 0x0000000708100000, 0x0000000708100000| Untracked 
| 130|0x0000000708200000, 0x0000000708200000, 0x0000000708300000|  0%| F|  |TAMS 0x0000000708200000, 0x0000000708200000| Untracked 
| 131|0x0000000708300000, 0x0000000708300000, 0x0000000708400000|  0%| F|  |TAMS 0x0000000708300000, 0x0000000708300000| Untracked 
| 132|0x0000000708400000, 0x0000000708400000, 0x0000000708500000|  0%| F|  |TAMS 0x0000000708400000, 0x0000000708400000| Untracked 
| 133|0x0000000708500000, 0x0000000708500000, 0x0000000708600000|  0%| F|  |TAMS 0x0000000708500000, 0x0000000708500000| Untracked 
| 134|0x0000000708600000, 0x0000000708600000, 0x0000000708700000|  0%| F|  |TAMS 0x0000000708600000, 0x0000000708600000| Untracked 
| 135|0x0000000708700000, 0x0000000708700000, 0x0000000708800000|  0%| F|  |TAMS 0x0000000708700000, 0x0000000708700000| Untracked 
| 136|0x0000000708800000, 0x0000000708800000, 0x0000000708900000|  0%| F|  |TAMS 0x0000000708800000, 0x0000000708800000| Untracked 
| 137|0x0000000708900000, 0x0000000708900000, 0x0000000708a00000|  0%| F|  |TAMS 0x0000000708900000, 0x0000000708900000| Untracked 
| 138|0x0000000708a00000, 0x0000000708a00000, 0x0000000708b00000|  0%| F|  |TAMS 0x0000000708a00000, 0x0000000708a00000| Untracked 
| 139|0x0000000708b00000, 0x0000000708b00000, 0x0000000708c00000|  0%| F|  |TAMS 0x0000000708b00000, 0x0000000708b00000| Untracked 
| 140|0x0000000708c00000, 0x0000000708c00000, 0x0000000708d00000|  0%| F|  |TAMS 0x0000000708c00000, 0x0000000708c00000| Untracked 
| 141|0x0000000708d00000, 0x0000000708d00000, 0x0000000708e00000|  0%| F|  |TAMS 0x0000000708d00000, 0x0000000708d00000| Untracked 
| 142|0x0000000708e00000, 0x0000000708e00000, 0x0000000708f00000|  0%| F|  |TAMS 0x0000000708e00000, 0x0000000708e00000| Untracked 
| 143|0x0000000708f00000, 0x0000000708f00000, 0x0000000709000000|  0%| F|  |TAMS 0x0000000708f00000, 0x0000000708f00000| Untracked 
| 144|0x0000000709000000, 0x0000000709000000, 0x0000000709100000|  0%| F|  |TAMS 0x0000000709000000, 0x0000000709000000| Untracked 
| 145|0x0000000709100000, 0x0000000709100000, 0x0000000709200000|  0%| F|  |TAMS 0x0000000709100000, 0x0000000709100000| Untracked 
| 146|0x0000000709200000, 0x0000000709200000, 0x0000000709300000|  0%| F|  |TAMS 0x0000000709200000, 0x0000000709200000| Untracked 
| 147|0x0000000709300000, 0x0000000709300000, 0x0000000709400000|  0%| F|  |TAMS 0x0000000709300000, 0x0000000709300000| Untracked 
| 148|0x0000000709400000, 0x0000000709400000, 0x0000000709500000|  0%| F|  |TAMS 0x0000000709400000, 0x0000000709400000| Untracked 
| 149|0x0000000709500000, 0x0000000709500000, 0x0000000709600000|  0%| F|  |TAMS 0x0000000709500000, 0x0000000709500000| Untracked 
| 150|0x0000000709600000, 0x0000000709600000, 0x0000000709700000|  0%| F|  |TAMS 0x0000000709600000, 0x0000000709600000| Untracked 
| 151|0x0000000709700000, 0x0000000709700000, 0x0000000709800000|  0%| F|  |TAMS 0x0000000709700000, 0x0000000709700000| Untracked 
| 152|0x0000000709800000, 0x0000000709800000, 0x0000000709900000|  0%| F|  |TAMS 0x0000000709800000, 0x0000000709800000| Untracked 
| 153|0x0000000709900000, 0x0000000709900000, 0x0000000709a00000|  0%| F|  |TAMS 0x0000000709900000, 0x0000000709900000| Untracked 
| 154|0x0000000709a00000, 0x0000000709a00000, 0x0000000709b00000|  0%| F|  |TAMS 0x0000000709a00000, 0x0000000709a00000| Untracked 
| 155|0x0000000709b00000, 0x0000000709b00000, 0x0000000709c00000|  0%| F|  |TAMS 0x0000000709b00000, 0x0000000709b00000| Untracked 
| 156|0x0000000709c00000, 0x0000000709c00000, 0x0000000709d00000|  0%| F|  |TAMS 0x0000000709c00000, 0x0000000709c00000| Untracked 
| 157|0x0000000709d00000, 0x0000000709d00000, 0x0000000709e00000|  0%| F|  |TAMS 0x0000000709d00000, 0x0000000709d00000| Untracked 
| 158|0x0000000709e00000, 0x0000000709e00000, 0x0000000709f00000|  0%| F|  |TAMS 0x0000000709e00000, 0x0000000709e00000| Untracked 
| 159|0x0000000709f00000, 0x0000000709f00000, 0x000000070a000000|  0%| F|  |TAMS 0x0000000709f00000, 0x0000000709f00000| Untracked 
| 160|0x000000070a000000, 0x000000070a000000, 0x000000070a100000|  0%| F|  |TAMS 0x000000070a000000, 0x000000070a000000| Untracked 
| 161|0x000000070a100000, 0x000000070a100000, 0x000000070a200000|  0%| F|  |TAMS 0x000000070a100000, 0x000000070a100000| Untracked 
| 162|0x000000070a200000, 0x000000070a200000, 0x000000070a300000|  0%| F|  |TAMS 0x000000070a200000, 0x000000070a200000| Untracked 
| 163|0x000000070a300000, 0x000000070a300000, 0x000000070a400000|  0%| F|  |TAMS 0x000000070a300000, 0x000000070a300000| Untracked 
| 164|0x000000070a400000, 0x000000070a400000, 0x000000070a500000|  0%| F|  |TAMS 0x000000070a400000, 0x000000070a400000| Untracked 
| 165|0x000000070a500000, 0x000000070a500000, 0x000000070a600000|  0%| F|  |TAMS 0x000000070a500000, 0x000000070a500000| Untracked 
| 166|0x000000070a600000, 0x000000070a600000, 0x000000070a700000|  0%| F|  |TAMS 0x000000070a600000, 0x000000070a600000| Untracked 
| 167|0x000000070a700000, 0x000000070a700000, 0x000000070a800000|  0%| F|  |TAMS 0x000000070a700000, 0x000000070a700000| Untracked 
| 168|0x000000070a800000, 0x000000070a800000, 0x000000070a900000|  0%| F|  |TAMS 0x000000070a800000, 0x000000070a800000| Untracked 
| 169|0x000000070a900000, 0x000000070a900000, 0x000000070aa00000|  0%| F|  |TAMS 0x000000070a900000, 0x000000070a900000| Untracked 
| 170|0x000000070aa00000, 0x000000070aa00000, 0x000000070ab00000|  0%| F|  |TAMS 0x000000070aa00000, 0x000000070aa00000| Untracked 
| 171|0x000000070ab00000, 0x000000070ab00000, 0x000000070ac00000|  0%| F|  |TAMS 0x000000070ab00000, 0x000000070ab00000| Untracked 
| 172|0x000000070ac00000, 0x000000070ac00000, 0x000000070ad00000|  0%| F|  |TAMS 0x000000070ac00000, 0x000000070ac00000| Untracked 
| 173|0x000000070ad00000, 0x000000070ad00000, 0x000000070ae00000|  0%| F|  |TAMS 0x000000070ad00000, 0x000000070ad00000| Untracked 
| 174|0x000000070ae00000, 0x000000070ae00000, 0x000000070af00000|  0%| F|  |TAMS 0x000000070ae00000, 0x000000070ae00000| Untracked 
| 175|0x000000070af00000, 0x000000070af00000, 0x000000070b000000|  0%| F|  |TAMS 0x000000070af00000, 0x000000070af00000| Untracked 
| 176|0x000000070b000000, 0x000000070b000000, 0x000000070b100000|  0%| F|  |TAMS 0x000000070b000000, 0x000000070b000000| Untracked 
| 177|0x000000070b100000, 0x000000070b100000, 0x000000070b200000|  0%| F|  |TAMS 0x000000070b100000, 0x000000070b100000| Untracked 
| 178|0x000000070b200000, 0x000000070b200000, 0x000000070b300000|  0%| F|  |TAMS 0x000000070b200000, 0x000000070b200000| Untracked 
| 179|0x000000070b300000, 0x000000070b300000, 0x000000070b400000|  0%| F|  |TAMS 0x000000070b300000, 0x000000070b300000| Untracked 
| 180|0x000000070b400000, 0x000000070b400000, 0x000000070b500000|  0%| F|  |TAMS 0x000000070b400000, 0x000000070b400000| Untracked 
| 181|0x000000070b500000, 0x000000070b500000, 0x000000070b600000|  0%| F|  |TAMS 0x000000070b500000, 0x000000070b500000| Untracked 
| 182|0x000000070b600000, 0x000000070b600000, 0x000000070b700000|  0%| F|  |TAMS 0x000000070b600000, 0x000000070b600000| Untracked 
| 183|0x000000070b700000, 0x000000070b700000, 0x000000070b800000|  0%| F|  |TAMS 0x000000070b700000, 0x000000070b700000| Untracked 
| 184|0x000000070b800000, 0x000000070b800000, 0x000000070b900000|  0%| F|  |TAMS 0x000000070b800000, 0x000000070b800000| Untracked 
| 185|0x000000070b900000, 0x000000070b900000, 0x000000070ba00000|  0%| F|  |TAMS 0x000000070b900000, 0x000000070b900000| Untracked 
| 186|0x000000070ba00000, 0x000000070ba00000, 0x000000070bb00000|  0%| F|  |TAMS 0x000000070ba00000, 0x000000070ba00000| Untracked 
| 187|0x000000070bb00000, 0x000000070bb00000, 0x000000070bc00000|  0%| F|  |TAMS 0x000000070bb00000, 0x000000070bb00000| Untracked 
| 188|0x000000070bc00000, 0x000000070bc00000, 0x000000070bd00000|  0%| F|  |TAMS 0x000000070bc00000, 0x000000070bc00000| Untracked 
| 189|0x000000070bd00000, 0x000000070bd00000, 0x000000070be00000|  0%| F|  |TAMS 0x000000070bd00000, 0x000000070bd00000| Untracked 
| 190|0x000000070be00000, 0x000000070be00000, 0x000000070bf00000|  0%| F|  |TAMS 0x000000070be00000, 0x000000070be00000| Untracked 
| 191|0x000000070bf00000, 0x000000070bf00000, 0x000000070c000000|  0%| F|  |TAMS 0x000000070bf00000, 0x000000070bf00000| Untracked 
| 192|0x000000070c000000, 0x000000070c000000, 0x000000070c100000|  0%| F|  |TAMS 0x000000070c000000, 0x000000070c000000| Untracked 
| 193|0x000000070c100000, 0x000000070c100000, 0x000000070c200000|  0%| F|  |TAMS 0x000000070c100000, 0x000000070c100000| Untracked 
| 194|0x000000070c200000, 0x000000070c200000, 0x000000070c300000|  0%| F|  |TAMS 0x000000070c200000, 0x000000070c200000| Untracked 
| 195|0x000000070c300000, 0x000000070c300000, 0x000000070c400000|  0%| F|  |TAMS 0x000000070c300000, 0x000000070c300000| Untracked 
| 196|0x000000070c400000, 0x000000070c400000, 0x000000070c500000|  0%| F|  |TAMS 0x000000070c400000, 0x000000070c400000| Untracked 
| 197|0x000000070c500000, 0x000000070c500000, 0x000000070c600000|  0%| F|  |TAMS 0x000000070c500000, 0x000000070c500000| Untracked 
| 198|0x000000070c600000, 0x000000070c600000, 0x000000070c700000|  0%| F|  |TAMS 0x000000070c600000, 0x000000070c600000| Untracked 
| 199|0x000000070c700000, 0x000000070c700000, 0x000000070c800000|  0%| F|  |TAMS 0x000000070c700000, 0x000000070c700000| Untracked 
| 200|0x000000070c800000, 0x000000070c800000, 0x000000070c900000|  0%| F|  |TAMS 0x000000070c800000, 0x000000070c800000| Untracked 
| 201|0x000000070c900000, 0x000000070c900000, 0x000000070ca00000|  0%| F|  |TAMS 0x000000070c900000, 0x000000070c900000| Untracked 
| 202|0x000000070ca00000, 0x000000070ca00000, 0x000000070cb00000|  0%| F|  |TAMS 0x000000070ca00000, 0x000000070ca00000| Untracked 
| 203|0x000000070cb00000, 0x000000070cb00000, 0x000000070cc00000|  0%| F|  |TAMS 0x000000070cb00000, 0x000000070cb00000| Untracked 
| 204|0x000000070cc00000, 0x000000070cc00000, 0x000000070cd00000|  0%| F|  |TAMS 0x000000070cc00000, 0x000000070cc00000| Untracked 
| 205|0x000000070cd00000, 0x000000070cd00000, 0x000000070ce00000|  0%| F|  |TAMS 0x000000070cd00000, 0x000000070cd00000| Untracked 
| 206|0x000000070ce00000, 0x000000070ce00000, 0x000000070cf00000|  0%| F|  |TAMS 0x000000070ce00000, 0x000000070ce00000| Untracked 
| 207|0x000000070cf00000, 0x000000070cf00000, 0x000000070d000000|  0%| F|  |TAMS 0x000000070cf00000, 0x000000070cf00000| Untracked 
| 208|0x000000070d000000, 0x000000070d000000, 0x000000070d100000|  0%| F|  |TAMS 0x000000070d000000, 0x000000070d000000| Untracked 
| 209|0x000000070d100000, 0x000000070d100000, 0x000000070d200000|  0%| F|  |TAMS 0x000000070d100000, 0x000000070d100000| Untracked 
| 210|0x000000070d200000, 0x000000070d200000, 0x000000070d300000|  0%| F|  |TAMS 0x000000070d200000, 0x000000070d200000| Untracked 
| 211|0x000000070d300000, 0x000000070d300000, 0x000000070d400000|  0%| F|  |TAMS 0x000000070d300000, 0x000000070d300000| Untracked 
| 212|0x000000070d400000, 0x000000070d400000, 0x000000070d500000|  0%| F|  |TAMS 0x000000070d400000, 0x000000070d400000| Untracked 
| 213|0x000000070d500000, 0x000000070d500000, 0x000000070d600000|  0%| F|  |TAMS 0x000000070d500000, 0x000000070d500000| Untracked 
| 214|0x000000070d600000, 0x000000070d600000, 0x000000070d700000|  0%| F|  |TAMS 0x000000070d600000, 0x000000070d600000| Untracked 
| 215|0x000000070d700000, 0x000000070d700000, 0x000000070d800000|  0%| F|  |TAMS 0x000000070d700000, 0x000000070d700000| Untracked 
| 216|0x000000070d800000, 0x000000070d800000, 0x000000070d900000|  0%| F|  |TAMS 0x000000070d800000, 0x000000070d800000| Untracked 
| 217|0x000000070d900000, 0x000000070d900000, 0x000000070da00000|  0%| F|  |TAMS 0x000000070d900000, 0x000000070d900000| Untracked 
| 218|0x000000070da00000, 0x000000070da00000, 0x000000070db00000|  0%| F|  |TAMS 0x000000070da00000, 0x000000070da00000| Untracked 
| 219|0x000000070db00000, 0x000000070db00000, 0x000000070dc00000|  0%| F|  |TAMS 0x000000070db00000, 0x000000070db00000| Untracked 
| 220|0x000000070dc00000, 0x000000070dc00000, 0x000000070dd00000|  0%| F|  |TAMS 0x000000070dc00000, 0x000000070dc00000| Untracked 
| 221|0x000000070dd00000, 0x000000070dd00000, 0x000000070de00000|  0%| F|  |TAMS 0x000000070dd00000, 0x000000070dd00000| Untracked 
| 222|0x000000070de00000, 0x000000070de00000, 0x000000070df00000|  0%| F|  |TAMS 0x000000070de00000, 0x000000070de00000| Untracked 
| 223|0x000000070df00000, 0x000000070df00000, 0x000000070e000000|  0%| F|  |TAMS 0x000000070df00000, 0x000000070df00000| Untracked 
| 224|0x000000070e000000, 0x000000070e000000, 0x000000070e100000|  0%| F|  |TAMS 0x000000070e000000, 0x000000070e000000| Untracked 
| 225|0x000000070e100000, 0x000000070e100000, 0x000000070e200000|  0%| F|  |TAMS 0x000000070e100000, 0x000000070e100000| Untracked 
| 226|0x000000070e200000, 0x000000070e200000, 0x000000070e300000|  0%| F|  |TAMS 0x000000070e200000, 0x000000070e200000| Untracked 
| 227|0x000000070e300000, 0x000000070e300000, 0x000000070e400000|  0%| F|  |TAMS 0x000000070e300000, 0x000000070e300000| Untracked 
| 228|0x000000070e400000, 0x000000070e400000, 0x000000070e500000|  0%| F|  |TAMS 0x000000070e400000, 0x000000070e400000| Untracked 
| 229|0x000000070e500000, 0x000000070e500000, 0x000000070e600000|  0%| F|  |TAMS 0x000000070e500000, 0x000000070e500000| Untracked 
| 230|0x000000070e600000, 0x000000070e600000, 0x000000070e700000|  0%| F|  |TAMS 0x000000070e600000, 0x000000070e600000| Untracked 
| 231|0x000000070e700000, 0x000000070e700000, 0x000000070e800000|  0%| F|  |TAMS 0x000000070e700000, 0x000000070e700000| Untracked 
| 232|0x000000070e800000, 0x000000070e800000, 0x000000070e900000|  0%| F|  |TAMS 0x000000070e800000, 0x000000070e800000| Untracked 
| 233|0x000000070e900000, 0x000000070e900000, 0x000000070ea00000|  0%| F|  |TAMS 0x000000070e900000, 0x000000070e900000| Untracked 
| 234|0x000000070ea00000, 0x000000070ea00000, 0x000000070eb00000|  0%| F|  |TAMS 0x000000070ea00000, 0x000000070ea00000| Untracked 
| 235|0x000000070eb00000, 0x000000070eb00000, 0x000000070ec00000|  0%| F|  |TAMS 0x000000070eb00000, 0x000000070eb00000| Untracked 
| 236|0x000000070ec00000, 0x000000070ed00000, 0x000000070ed00000|100%| S|CS|TAMS 0x000000070ec00000, 0x000000070ec00000| Complete 
| 237|0x000000070ed00000, 0x000000070ee00000, 0x000000070ee00000|100%| S|CS|TAMS 0x000000070ed00000, 0x000000070ed00000| Complete 
| 238|0x000000070ee00000, 0x000000070ee00000, 0x000000070ef00000|  0%| F|  |TAMS 0x000000070ee00000, 0x000000070ee00000| Untracked 
| 239|0x000000070ef00000, 0x000000070ef00000, 0x000000070f000000|  0%| F|  |TAMS 0x000000070ef00000, 0x000000070ef00000| Untracked 
| 240|0x000000070f000000, 0x000000070f000000, 0x000000070f100000|  0%| F|  |TAMS 0x000000070f000000, 0x000000070f000000| Untracked 
| 241|0x000000070f100000, 0x000000070f100000, 0x000000070f200000|  0%| F|  |TAMS 0x000000070f100000, 0x000000070f100000| Untracked 
| 242|0x000000070f200000, 0x000000070f200000, 0x000000070f300000|  0%| F|  |TAMS 0x000000070f200000, 0x000000070f200000| Untracked 
| 243|0x000000070f300000, 0x000000070f300000, 0x000000070f400000|  0%| F|  |TAMS 0x000000070f300000, 0x000000070f300000| Untracked 
| 244|0x000000070f400000, 0x000000070f400000, 0x000000070f500000|  0%| F|  |TAMS 0x000000070f400000, 0x000000070f400000| Untracked 
| 245|0x000000070f500000, 0x000000070f500000, 0x000000070f600000|  0%| F|  |TAMS 0x000000070f500000, 0x000000070f500000| Untracked 
| 246|0x000000070f600000, 0x000000070f600000, 0x000000070f700000|  0%| F|  |TAMS 0x000000070f600000, 0x000000070f600000| Untracked 
| 247|0x000000070f700000, 0x000000070f700000, 0x000000070f800000|  0%| F|  |TAMS 0x000000070f700000, 0x000000070f700000| Untracked 
| 248|0x000000070f800000, 0x000000070f800000, 0x000000070f900000|  0%| F|  |TAMS 0x000000070f800000, 0x000000070f800000| Untracked 
| 249|0x000000070f900000, 0x000000070f900000, 0x000000070fa00000|  0%| F|  |TAMS 0x000000070f900000, 0x000000070f900000| Untracked 
|3070|0x00000007bfe00000, 0x00000007bfe35000, 0x00000007bff00000| 20%|OA|  |TAMS 0x00000007bfe00000, 0x00000007bfe00000| Untracked 
|3071|0x00000007bff00000, 0x00000007bff6a000, 0x00000007c0000000| 41%|CA|  |TAMS 0x00000007bff00000, 0x00000007bff00000| Untracked 

Card table byte_map: [0x00007ff72b800000,0x00007ff72c000000] _byte_map_base: 0x00007ff728000000

Marking Bits (Prev, Next): (CMBitMap*) 0x00007ff7480580a8, (CMBitMap*) 0x00007ff7480580e0
 Prev Bits: [0x00007ff727000000, 0x00007ff72b000000)
 Next Bits: [0x00007ff723000000, 0x00007ff727000000)

Polling page: 0x00007ff750496000

Metaspace:

Usage:
  Non-class:      6.49 MB capacity,     5.07 MB ( 78%) used,     1.40 MB ( 22%) free+waste,    19.25 KB ( <1%) overhead. 
      Class:    803.00 KB capacity,   628.51 KB ( 78%) used,   164.24 KB ( 20%) free+waste,    10.25 KB (  1%) overhead. 
       Both:      7.28 MB capacity,     5.69 MB ( 78%) used,     1.56 MB ( 21%) free+waste,    29.50 KB ( <1%) overhead. 

Virtual space:
  Non-class space:        8.00 MB reserved,       6.50 MB ( 81%) committed 
      Class space:        1.00 GB reserved,     896.00 KB ( <1%) committed 
             Both:        1.01 GB reserved,       7.38 MB ( <1%) committed 

Chunk freelists:
   Non-Class:  1.00 KB
       Class:  0 bytes
        Both:  1.00 KB

CodeHeap 'non-profiled nmethods': size=120032Kb used=326Kb max_used=326Kb free=119705Kb
 bounds [0x00007ff738446000, 0x00007ff7386b6000, 0x00007ff73f97e000]
CodeHeap 'profiled nmethods': size=120032Kb used=1766Kb max_used=1766Kb free=118266Kb
 bounds [0x00007ff730f0e000, 0x00007ff73117e000, 0x00007ff738446000]
CodeHeap 'non-nmethods': size=5696Kb used=1095Kb max_used=1128Kb free=4600Kb
 bounds [0x00007ff73097e000, 0x00007ff730bee000, 0x00007ff730f0e000]
 total_blobs=1569 nmethods=982 adapters=319
 compilation: enabled
              stopped_count=0, restarted_count=0
 full_count=0

Compilation events (10 events):
Event: 4.004 Thread 0x00007ff7481a6000 1016       2       java.io.FilterInputStream::read (11 bytes)
Event: 4.005 Thread 0x00007ff7481a6000 nmethod 1016 0x00007ff7310c6710 code [0x00007ff7310c68c0, 0x00007ff7310c6a68]
Event: 4.006 Thread 0x00007ff7481a6000 1017       2       java.io.BufferedInputStream::fill (236 bytes)
Event: 4.007 Thread 0x00007ff7481a6000 nmethod 1017 0x00007ff7310c6b10 code [0x00007ff7310c6d60, 0x00007ff7310c7588]
Event: 4.012 Thread 0x00007ff7481a4000 nmethod 896 0x00007ff738495790 code [0x00007ff738495960, 0x00007ff738496398]
Event: 4.012 Thread 0x00007ff7481a4000 1005       4       java.lang.AbstractStringBuilder::appendChars (130 bytes)
Event: 4.019 Thread 0x00007ff7481a4000 nmethod 1005 0x00007ff738496790 code [0x00007ff738496940, 0x00007ff738496cc8]
Event: 4.019 Thread 0x00007ff7481a4000 1011   !   4       java.io.ObjectInputStream$BlockDataInputStream::readUTFSpan (502 bytes)
Event: 4.026 Thread 0x00007ff7481a4000 nmethod 1011 0x00007ff738496e90 code [0x00007ff738497060, 0x00007ff738497528]
Event: 4.026 Thread 0x00007ff7481a4000 1019       4       java.io.ObjectInputStream$BlockDataInputStream::readUTFBody (192 bytes)

GC Heap History (9 events):
Event: 1.601 GC heap before
{Heap before GC invocations=0 (full 0):
 garbage-first heap   total 258048K, used 13948K [0x0000000700000000, 0x0000000800000000)
  region size 1024K, 14 young (14336K), 0 survivors (0K)
 Metaspace       used 4890K, capacity 6920K, committed 7168K, reserved 1056768K
  class space    used 537K, capacity 738K, committed 768K, reserved 1048576K
}
Event: 1.869 GC heap after
{Heap after GC invocations=1 (full 0):
 garbage-first heap   total 258048K, used 3823K [0x0000000700000000, 0x0000000800000000)
  region size 1024K, 2 young (2048K), 2 survivors (2048K)
 Metaspace       used 4890K, capacity 6920K, committed 7168K, reserved 1056768K
  class space    used 537K, capacity 738K, committed 768K, reserved 1048576K
}
Event: 2.157 GC heap before
{Heap before GC invocations=1 (full 0):
 garbage-first heap   total 258048K, used 14063K [0x0000000700000000, 0x0000000800000000)
  region size 1024K, 12 young (12288K), 2 survivors (2048K)
 Metaspace       used 5589K, capacity 7254K, committed 7552K, reserved 1056768K
  class space    used 602K, capacity 781K, committed 896K, reserved 1048576K
}
Event: 2.918 GC heap after
{Heap after GC invocations=2 (full 0):
 garbage-first heap   total 258048K, used 9770K [0x0000000700000000, 0x0000000800000000)
  region size 1024K, 2 young (2048K), 2 survivors (2048K)
 Metaspace       used 5589K, capacity 7254K, committed 7552K, reserved 1056768K
  class space    used 602K, capacity 781K, committed 896K, reserved 1048576K
}
Event: 3.055 GC heap before
{Heap before GC invocations=2 (full 0):
 garbage-first heap   total 258048K, used 18986K [0x0000000700000000, 0x0000000800000000)
  region size 1024K, 12 young (12288K), 2 survivors (2048K)
 Metaspace       used 5593K, capacity 7254K, committed 7552K, reserved 1056768K
  class space    used 602K, capacity 781K, committed 896K, reserved 1048576K
}
Event: 3.412 GC heap after
{Heap after GC invocations=3 (full 0):
 garbage-first heap   total 258048K, used 16957K [0x0000000700000000, 0x0000000800000000)
  region size 1024K, 2 young (2048K), 2 survivors (2048K)
 Metaspace       used 5593K, capacity 7254K, committed 7552K, reserved 1056768K
  class space    used 602K, capacity 781K, committed 896K, reserved 1048576K
}
Event: 3.503 GC heap before
{Heap before GC invocations=3 (full 0):
 garbage-first heap   total 258048K, used 28221K [0x0000000700000000, 0x0000000800000000)
  region size 1024K, 12 young (12288K), 2 survivors (2048K)
 Metaspace       used 5593K, capacity 7254K, committed 7552K, reserved 1056768K
  class space    used 602K, capacity 781K, committed 896K, reserved 1048576K
}
Event: 3.691 GC heap after
{Heap after GC invocations=4 (full 0):
 garbage-first heap   total 258048K, used 25078K [0x0000000700000000, 0x0000000800000000)
  region size 1024K, 2 young (2048K), 2 survivors (2048K)
 Metaspace       used 5593K, capacity 7254K, committed 7552K, reserved 1056768K
  class space    used 602K, capacity 781K, committed 896K, reserved 1048576K
}
Event: 4.032 GC heap before
{Heap before GC invocations=4 (full 0):
 garbage-first heap   total 258048K, used 39414K [0x0000000700000000, 0x0000000800000000)
  region size 1024K, 12 young (12288K), 2 survivors (2048K)
 Metaspace       used 5821K, capacity 7450K, committed 7552K, reserved 1056768K
  class space    used 628K, capacity 803K, committed 896K, reserved 1048576K
}

Deoptimization events (9 events):
Event: 0.060 Thread 0x00007ff748012000 Uncommon trap: reason=unstable_if action=reinterpret pc=0x00007ff73844a808 method=java.lang.String.hashCode()I @ 14 c2
Event: 1.224 Thread 0x00007ff6d8007800 Uncommon trap: reason=unstable_if action=reinterpret pc=0x00007ff73844b224 method=java.lang.String.isLatin1()Z @ 10 c2
Event: 1.224 Thread 0x00007ff6d8007800 Uncommon trap: reason=unstable_if action=reinterpret pc=0x00007ff73844bf88 method=java.lang.String.isLatin1()Z @ 10 c2
Event: 1.225 Thread 0x00007ff6d8007800 Uncommon trap: reason=unstable_if action=reinterpret pc=0x00007ff73845e0d4 method=java.lang.StringLatin1.canEncode(I)Z @ 4 c2
Event: 2.108 Thread 0x00007ff6d8007800 Uncommon trap: reason=unstable_if action=reinterpret pc=0x00007ff73846d294 method=java.lang.StringUTF16.compress([CI[BII)I @ 20 c2
Event: 2.108 Thread 0x00007ff6d8007800 Uncommon trap: reason=unstable_if action=reinterpret pc=0x00007ff73846350c method=java.lang.String.isLatin1()Z @ 10 c2
Event: 3.003 Thread 0x00007ff6d8007800 Uncommon trap: reason=unstable_if action=reinterpret pc=0x00007ff73847e114 method=java.io.DataInputStream.readUTF(Ljava/io/DataInput;)Ljava/lang/String; @ 31 c2
Event: 3.012 Thread 0x00007ff7483ea800 Uncommon trap: reason=unstable_if action=reinterpret pc=0x00007ff7384845bc method=java.util.HashMap$HashIterator.<init>(Ljava/util/HashMap;)V @ 45 c2
Event: 3.923 Thread 0x00007ff6d8007800 Uncommon trap: reason=bimorphic_or_optimized_type_check action=maybe_recompile pc=0x00007ff73847be9c method=java.util.concurrent.ConcurrentHashMap.get(Ljava/lang/Object;)Ljava/lang/Object; @ 149 c2

Classes redefined (0 events):
No events

Internal exceptions (10 events):
Event: 0.371 Thread 0x00007ff748012000 Exception <a 'java/security/PrivilegedActionException'{0x000000070f69b750}> (0x000000070f69b750) thrown at [/build/openjdk-lts-TkRlmw/openjdk-lts-11.0.3+7/src/hotspot/share/prims/jvm.cpp, line 1300]
Event: 0.371 Thread 0x00007ff748012000 Exception <a 'java/security/PrivilegedActionException'{0x000000070f69ba20}> (0x000000070f69ba20) thrown at [/build/openjdk-lts-TkRlmw/openjdk-lts-11.0.3+7/src/hotspot/share/prims/jvm.cpp, line 1300]
Event: 0.376 Thread 0x00007ff748012000 Exception <a 'java/security/PrivilegedActionException'{0x000000070f503e60}> (0x000000070f503e60) thrown at [/build/openjdk-lts-TkRlmw/openjdk-lts-11.0.3+7/src/hotspot/share/prims/jvm.cpp, line 1300]
Event: 0.376 Thread 0x00007ff748012000 Exception <a 'java/security/PrivilegedActionException'{0x000000070f504130}> (0x000000070f504130) thrown at [/build/openjdk-lts-TkRlmw/openjdk-lts-11.0.3+7/src/hotspot/share/prims/jvm.cpp, line 1300]
Event: 0.969 Thread 0x00007ff748012000 Exception <a 'java/lang/NoSuchMethodError'{0x000000070f33ab10}: java.lang.invoke.DirectMethodHandle$Holder.invokeStatic(Ljava/lang/Object;Ljava/lang/Object;Ljava/lang/Object;Ljava/lang/Object;Ljava/lang/Object;Ljava/lang/Object;Ljava/lang/Object;Ljava/lan
Event: 0.971 Thread 0x00007ff748012000 Exception <a 'java/lang/NoSuchMethodError'{0x000000070f348bc0}: java.lang.invoke.DirectMethodHandle$Holder.invokeStatic(Ljava/lang/Object;Ljava/lang/Object;Ljava/lang/Object;Ljava/lang/Object;Ljava/lang/Object;Ljava/lang/Object;Ljava/lang/Object;Ljava/lan
Event: 1.060 Thread 0x00007ff6d8007800 Exception <a 'java/lang/NoSuchMethodError'{0x000000070f1b9b78}: java.lang.invoke.DirectMethodHandle$Holder.invokeVirtual(Ljava/lang/Object;Ljava/lang/Object;Ljava/lang/Object;Ljava/lang/Object;)Ljava/lang/Object;> (0x000000070f1b9b78) thrown at [/build/op
Event: 1.119 Thread 0x00007ff6d8007800 Exception <a 'java/lang/NoSuchMethodError'{0x000000070ee8c228}: java.lang.invoke.DirectMethodHandle$Holder.invokeStaticInit(Ljava/lang/Object;Ljava/lang/Object;)I> (0x000000070ee8c228) thrown at [/build/openjdk-lts-TkRlmw/openjdk-lts-11.0.3+7/src/hotspot/
Event: 1.338 Thread 0x00007ff6d8007800 Exception <a 'java/lang/NoSuchMethodError'{0x000000070ec7e238}: java.lang.invoke.DirectMethodHandle$Holder.invokeInterface(Ljava/lang/Object;Ljava/lang/Object;)V> (0x000000070ec7e238) thrown at [/build/openjdk-lts-TkRlmw/openjdk-lts-11.0.3+7/src/hotspot/s
Event: 1.342 Thread 0x00007ff6d8007800 Exception <a 'java/lang/IncompatibleClassChangeError'{0x000000070ec811e0}: Found class java.lang.Object, but interface was expected> (0x000000070ec811e0) thrown at [/build/openjdk-lts-TkRlmw/openjdk-lts-11.0.3+7/src/hotspot/share/interpreter/linkResolver.

Events (10 events):
Event: 3.930 loading class edu/stanford/nlp/tagger/maxent/ExtractorWordSuff done
Event: 3.932 loading class edu/stanford/nlp/tagger/maxent/ExtractorWordPref
Event: 3.932 loading class edu/stanford/nlp/tagger/maxent/ExtractorWordPref done
Event: 3.934 loading class edu/stanford/nlp/tagger/maxent/ExtractorWordShapeClassifier
Event: 3.934 loading class edu/stanford/nlp/tagger/maxent/ExtractorWordShapeClassifier done
Event: 3.938 loading class edu/stanford/nlp/tagger/maxent/ExtractorDistsim
Event: 3.938 loading class edu/stanford/nlp/tagger/maxent/ExtractorDistsim done
Event: 3.938 loading class edu/stanford/nlp/tagger/maxent/Distsim
Event: 3.938 loading class edu/stanford/nlp/tagger/maxent/Distsim done
Event: 4.032 Executing VM operation: G1CollectForAllocation


Dynamic libraries:
700000000-70fa00000 rw-p 00000000 00:00 0 
72f200000-7bfe00000 ---p 00000000 00:00 0 
7bfe00000-7bfe35000 rw-p 0111e000 08:08 1313879                          /usr/lib/jvm/java-11-openjdk-amd64/lib/server/classes.jsa
7bfe35000-7bff00000 rw-p 00000000 00:00 0 
7bff00000-7bff6a000 rw-p 010b4000 08:08 1313879                          /usr/lib/jvm/java-11-openjdk-amd64/lib/server/classes.jsa
7bff6a000-7c0000000 rw-p 00000000 00:00 0 
7c0000000-800000000 ---p 00000000 00:00 0 
800000000-800002000 rwxp 00001000 08:08 1313879                          /usr/lib/jvm/java-11-openjdk-amd64/lib/server/classes.jsa
800002000-8003bf000 rw-p 00003000 08:08 1313879                          /usr/lib/jvm/java-11-openjdk-amd64/lib/server/classes.jsa
8003bf000-800a9c000 r--p 003c0000 08:08 1313879                          /usr/lib/jvm/java-11-openjdk-amd64/lib/server/classes.jsa
800a9c000-800a9d000 rw-p 00a9d000 08:08 1313879                          /usr/lib/jvm/java-11-openjdk-amd64/lib/server/classes.jsa
800a9d000-8010b3000 r--p 00a9e000 08:08 1313879                          /usr/lib/jvm/java-11-openjdk-amd64/lib/server/classes.jsa
840000000-8400e0000 rw-p 00000000 00:00 0 
8400e0000-880000000 ---p 00000000 00:00 0 
55ecc593a000-55ecc593b000 r-xp 00000000 08:08 1314188                    /usr/lib/jvm/java-11-openjdk-amd64/bin/java
55ecc5b3b000-55ecc5b3c000 r--p 00001000 08:08 1314188                    /usr/lib/jvm/java-11-openjdk-amd64/bin/java
55ecc5b3c000-55ecc5b3d000 rw-p 00002000 08:08 1314188                    /usr/lib/jvm/java-11-openjdk-amd64/bin/java
55ecc6972000-55ecc69b4000 rw-p 00000000 00:00 0                          [heap]
7ff6c8000000-7ff6c8021000 rw-p 00000000 00:00 0 
7ff6c8021000-7ff6cc000000 ---p 00000000 00:00 0 
7ff6cc000000-7ff6cc021000 rw-p 00000000 00:00 0 
7ff6cc021000-7ff6d0000000 ---p 00000000 00:00 0 
7ff6d0000000-7ff6d0154000 rw-p 00000000 00:00 0 
7ff6d0154000-7ff6d4000000 ---p 00000000 00:00 0 
7ff6d4000000-7ff6d4021000 rw-p 00000000 00:00 0 
7ff6d4021000-7ff6d8000000 ---p 00000000 00:00 0 
7ff6d8000000-7ff6d8021000 rw-p 00000000 00:00 0 
7ff6d8021000-7ff6dc000000 ---p 00000000 00:00 0 
7ff6dc000000-7ff6dc021000 rw-p 00000000 00:00 0 
7ff6dc021000-7ff6e0000000 ---p 00000000 00:00 0 
7ff6e0000000-7ff6e0021000 rw-p 00000000 00:00 0 
7ff6e0021000-7ff6e4000000 ---p 00000000 00:00 0 
7ff6e4000000-7ff6e4021000 rw-p 00000000 00:00 0 
7ff6e4021000-7ff6e8000000 ---p 00000000 00:00 0 
7ff6e8000000-7ff6e8021000 rw-p 00000000 00:00 0 
7ff6e8021000-7ff6ec000000 ---p 00000000 00:00 0 
7ff6ec000000-7ff6ec021000 rw-p 00000000 00:00 0 
7ff6ec021000-7ff6f0000000 ---p 00000000 00:00 0 
7ff6f0000000-7ff6f02a6000 rw-p 00000000 00:00 0 
7ff6f02a6000-7ff6f4000000 ---p 00000000 00:00 0 
7ff6f4000000-7ff6f4021000 rw-p 00000000 00:00 0 
7ff6f4021000-7ff6f8000000 ---p 00000000 00:00 0 
7ff6f8000000-7ff6f8021000 rw-p 00000000 00:00 0 
7ff6f8021000-7ff6fc000000 ---p 00000000 00:00 0 
7ff6fc000000-7ff6fcac5000 rw-p 00000000 00:00 0 
7ff6fcac5000-7ff700000000 ---p 00000000 00:00 0 
7ff700000000-7ff700021000 rw-p 00000000 00:00 0 
7ff700021000-7ff704000000 ---p 00000000 00:00 0 
7ff704000000-7ff704021000 rw-p 00000000 00:00 0 
7ff704021000-7ff708000000 ---p 00000000 00:00 0 
7ff708000000-7ff708021000 rw-p 00000000 00:00 0 
7ff708021000-7ff70c000000 ---p 00000000 00:00 0 
7ff70c000000-7ff70c021000 rw-p 00000000 00:00 0 
7ff70c021000-7ff710000000 ---p 00000000 00:00 0 
7ff711df8000-7ff711df9000 ---p 00000000 00:00 0 
7ff711df9000-7ff711efa000 rw-p 00000000 00:00 0 
7ff711efa000-7ff711efb000 ---p 00000000 00:00 0 
7ff711efb000-7ff711ffc000 rw-p 00000000 00:00 0 
7ff711ffc000-7ff711ffd000 ---p 00000000 00:00 0 
7ff711ffd000-7ff7120fe000 rw-p 00000000 00:00 0 
7ff7120fe000-7ff712102000 ---p 00000000 00:00 0 
7ff712102000-7ff7121ff000 rw-p 00000000 00:00 0 
7ff7121ff000-7ff712203000 ---p 00000000 00:00 0 
7ff712203000-7ff712300000 rw-p 00000000 00:00 0 
7ff712300000-7ff712304000 ---p 00000000 00:00 0 
7ff712304000-7ff712401000 rw-p 00000000 00:00 0 
7ff712401000-7ff712405000 ---p 00000000 00:00 0 
7ff712405000-7ff712502000 rw-p 00000000 00:00 0 
7ff712502000-7ff712504000 r-xp 00000000 08:08 1314269                    /usr/lib/jvm/java-11-openjdk-amd64/lib/libextnet.so
7ff712504000-7ff712703000 ---p 00002000 08:08 1314269                    /usr/lib/jvm/java-11-openjdk-amd64/lib/libextnet.so
7ff712703000-7ff712704000 r--p 00001000 08:08 1314269                    /usr/lib/jvm/java-11-openjdk-amd64/lib/libextnet.so
7ff712704000-7ff712705000 rw-p 00002000 08:08 1314269                    /usr/lib/jvm/java-11-openjdk-amd64/lib/libextnet.so
7ff712705000-7ff71271b000 r-xp 00000000 08:08 1314432                    /usr/lib/jvm/java-11-openjdk-amd64/lib/libnet.so
7ff71271b000-7ff71291a000 ---p 00016000 08:08 1314432                    /usr/lib/jvm/java-11-openjdk-amd64/lib/libnet.so
7ff71291a000-7ff71291b000 r--p 00015000 08:08 1314432                    /usr/lib/jvm/java-11-openjdk-amd64/lib/libnet.so
7ff71291b000-7ff71291c000 rw-p 00016000 08:08 1314432                    /usr/lib/jvm/java-11-openjdk-amd64/lib/libnet.so
7ff71291c000-7ff71292c000 r-xp 00000000 08:08 1314433                    /usr/lib/jvm/java-11-openjdk-amd64/lib/libnio.so
7ff71292c000-7ff712b2b000 ---p 00010000 08:08 1314433                    /usr/lib/jvm/java-11-openjdk-amd64/lib/libnio.so
7ff712b2b000-7ff712b2c000 r--p 0000f000 08:08 1314433                    /usr/lib/jvm/java-11-openjdk-amd64/lib/libnio.so
7ff712b2c000-7ff712b2d000 rw-p 00010000 08:08 1314433                    /usr/lib/jvm/java-11-openjdk-amd64/lib/libnio.so
7ff712b2d000-7ff712b31000 ---p 00000000 00:00 0 
7ff712b31000-7ff712c2e000 rw-p 00000000 00:00 0 
7ff712c2e000-7ff712c2f000 ---p 00000000 00:00 0 
7ff712c2f000-7ff712d30000 rw-p 00000000 00:00 0 
7ff712d30000-7ff712d34000 ---p 00000000 00:00 0 
7ff712d34000-7ff712e31000 rw-p 00000000 00:00 0 
7ff712e31000-7ff713800000 r--p 00000000 08:08 9706146                    /usr/lib/locale/locale-archive
7ff713800000-7ff713e80000 rw-p 00000000 00:00 0 
7ff713e80000-7ff714000000 ---p 00000000 00:00 0 
7ff714000000-7ff714021000 rw-p 00000000 00:00 0 
7ff714021000-7ff718000000 ---p 00000000 00:00 0 
7ff718000000-7ff718021000 rw-p 00000000 00:00 0 
7ff718021000-7ff71c000000 ---p 00000000 00:00 0 
7ff71c000000-7ff71c021000 rw-p 00000000 00:00 0 
7ff71c021000-7ff720000000 ---p 00000000 00:00 0 
7ff72003a000-7ff72006b000 rw-p 00000000 00:00 0 
7ff72006b000-7ff72006f000 ---p 00000000 00:00 0 
7ff72006f000-7ff72016c000 rw-p 00000000 00:00 0 
7ff72016c000-7ff720170000 ---p 00000000 00:00 0 
7ff720170000-7ff72026d000 rw-p 00000000 00:00 0 
7ff72026d000-7ff720271000 ---p 00000000 00:00 0 
7ff720271000-7ff72036e000 rw-p 00000000 00:00 0 
7ff72036e000-7ff720372000 ---p 00000000 00:00 0 
7ff720372000-7ff72046f000 rw-p 00000000 00:00 0 
7ff72046f000-7ff720473000 ---p 00000000 00:00 0 
7ff720473000-7ff720570000 rw-p 00000000 00:00 0 
7ff720570000-7ff720574000 ---p 00000000 00:00 0 
7ff720574000-7ff720671000 rw-p 00000000 00:00 0 
7ff720671000-7ff720672000 ---p 00000000 00:00 0 
7ff720672000-7ff7207f4000 rw-p 00000000 00:00 0 
7ff7207f4000-7ff7207f5000 ---p 00000000 00:00 0 
7ff7207f5000-7ff7208f6000 rw-p 00000000 00:00 0 
7ff7208f6000-7ff7208f7000 ---p 00000000 00:00 0 
7ff7208f7000-7ff722dfc000 rw-p 00000000 00:00 0 
7ff722dfc000-7ff722dfd000 ---p 00000000 00:00 0 
7ff722dfd000-7ff722efe000 rw-p 00000000 00:00 0 
7ff722efe000-7ff722eff000 ---p 00000000 00:00 0 
7ff722eff000-7ff7233e8000 rw-p 00000000 00:00 0 
7ff7233e8000-7ff725ff8000 ---p 00000000 00:00 0 
7ff725ff8000-7ff726000000 rw-p 00000000 00:00 0 
7ff726000000-7ff727000000 ---p 00000000 00:00 0 
7ff727000000-7ff7273e8000 rw-p 00000000 00:00 0 
7ff7273e8000-7ff729ff8000 ---p 00000000 00:00 0 
7ff729ff8000-7ff72a000000 rw-p 00000000 00:00 0 
7ff72a000000-7ff72b000000 ---p 00000000 00:00 0 
7ff72b000000-7ff72b07d000 rw-p 00000000 00:00 0 
7ff72b07d000-7ff72b5ff000 ---p 00000000 00:00 0 
7ff72b5ff000-7ff72b600000 rw-p 00000000 00:00 0 
7ff72b600000-7ff72b800000 ---p 00000000 00:00 0 
7ff72b800000-7ff72b87d000 rw-p 00000000 00:00 0 
7ff72b87d000-7ff72bdff000 ---p 00000000 00:00 0 
7ff72bdff000-7ff72be00000 rw-p 00000000 00:00 0 
7ff72be00000-7ff72c000000 ---p 00000000 00:00 0 
7ff72c000000-7ff72c021000 rw-p 00000000 00:00 0 
7ff72c021000-7ff730000000 ---p 00000000 00:00 0 
7ff730022000-7ff7300fa000 rw-p 00000000 00:00 0 
7ff7300fa000-7ff73067c000 ---p 00000000 00:00 0 
7ff73067c000-7ff73067d000 rw-p 00000000 00:00 0 
7ff73067d000-7ff73087d000 ---p 00000000 00:00 0 
7ff73087d000-7ff73097e000 rw-p 00000000 00:00 0 
7ff73097e000-7ff730bee000 rwxp 00000000 00:00 0 
7ff730bee000-7ff730f0e000 ---p 00000000 00:00 0 
7ff730f0e000-7ff73117e000 rwxp 00000000 00:00 0 
7ff73117e000-7ff738446000 ---p 00000000 00:00 0 
7ff738446000-7ff7386b6000 rwxp 00000000 00:00 0 
7ff7386b6000-7ff73f97e000 ---p 00000000 00:00 0 
7ff73f97e000-7ff748000000 r--s 00000000 08:08 1314442                    /usr/lib/jvm/java-11-openjdk-amd64/lib/modules
7ff748000000-7ff7483f1000 rw-p 00000000 00:00 0 
7ff7483f1000-7ff74c000000 ---p 00000000 00:00 0 
7ff74c028000-7ff74c374000 rw-p 00000000 00:00 0 
7ff74c374000-7ff74c375000 ---p 00000000 00:00 0 
7ff74c375000-7ff74c47b000 rw-p 00000000 00:00 0 
7ff74c47b000-7ff74c561000 ---p 00000000 00:00 0 
7ff74c561000-7ff74c566000 rw-p 00000000 00:00 0 
7ff74c566000-7ff74c64c000 ---p 00000000 00:00 0 
7ff74c64c000-7ff74c651000 r-xp 00000000 08:08 1314424                    /usr/lib/jvm/java-11-openjdk-amd64/lib/libjimage.so
7ff74c651000-7ff74c850000 ---p 00005000 08:08 1314424                    /usr/lib/jvm/java-11-openjdk-amd64/lib/libjimage.so
7ff74c850000-7ff74c851000 r--p 00004000 08:08 1314424                    /usr/lib/jvm/java-11-openjdk-amd64/lib/libjimage.so
7ff74c851000-7ff74c852000 rw-p 00005000 08:08 1314424                    /usr/lib/jvm/java-11-openjdk-amd64/lib/libjimage.so
7ff74c852000-7ff74c859000 r-xp 00000000 08:08 1314441                    /usr/lib/jvm/java-11-openjdk-amd64/lib/libzip.so
7ff74c859000-7ff74ca58000 ---p 00007000 08:08 1314441                    /usr/lib/jvm/java-11-openjdk-amd64/lib/libzip.so
7ff74ca58000-7ff74ca59000 r--p 00006000 08:08 1314441                    /usr/lib/jvm/java-11-openjdk-amd64/lib/libzip.so
7ff74ca59000-7ff74ca5a000 rw-p 00007000 08:08 1314441                    /usr/lib/jvm/java-11-openjdk-amd64/lib/libzip.so
7ff74ca5a000-7ff74ca65000 r-xp 00000000 08:08 4592462                    /lib/x86_64-linux-gnu/libnss_files-2.27.so
7ff74ca65000-7ff74cc64000 ---p 0000b000 08:08 4592462                    /lib/x86_64-linux-gnu/libnss_files-2.27.so
7ff74cc64000-7ff74cc65000 r--p 0000a000 08:08 4592462                    /lib/x86_64-linux-gnu/libnss_files-2.27.so
7ff74cc65000-7ff74cc66000 rw-p 0000b000 08:08 4592462                    /lib/x86_64-linux-gnu/libnss_files-2.27.so
7ff74cc66000-7ff74cc6c000 rw-p 00000000 00:00 0 
7ff74cc6c000-7ff74cc83000 r-xp 00000000 08:08 4592456                    /lib/x86_64-linux-gnu/libnsl-2.27.so
7ff74cc83000-7ff74ce82000 ---p 00017000 08:08 4592456                    /lib/x86_64-linux-gnu/libnsl-2.27.so
7ff74ce82000-7ff74ce83000 r--p 00016000 08:08 4592456                    /lib/x86_64-linux-gnu/libnsl-2.27.so
7ff74ce83000-7ff74ce84000 rw-p 00017000 08:08 4592456                    /lib/x86_64-linux-gnu/libnsl-2.27.so
7ff74ce84000-7ff74ce86000 rw-p 00000000 00:00 0 
7ff74ce86000-7ff74ce91000 r-xp 00000000 08:08 4592473                    /lib/x86_64-linux-gnu/libnss_nis-2.27.so
7ff74ce91000-7ff74d090000 ---p 0000b000 08:08 4592473                    /lib/x86_64-linux-gnu/libnss_nis-2.27.so
7ff74d090000-7ff74d091000 r--p 0000a000 08:08 4592473                    /lib/x86_64-linux-gnu/libnss_nis-2.27.so
7ff74d091000-7ff74d092000 rw-p 0000b000 08:08 4592473                    /lib/x86_64-linux-gnu/libnss_nis-2.27.so
7ff74d092000-7ff74d09a000 r-xp 00000000 08:08 4592458                    /lib/x86_64-linux-gnu/libnss_compat-2.27.so
7ff74d09a000-7ff74d29a000 ---p 00008000 08:08 4592458                    /lib/x86_64-linux-gnu/libnss_compat-2.27.so
7ff74d29a000-7ff74d29b000 r--p 00008000 08:08 4592458                    /lib/x86_64-linux-gnu/libnss_compat-2.27.so
7ff74d29b000-7ff74d29c000 rw-p 00009000 08:08 4592458                    /lib/x86_64-linux-gnu/libnss_compat-2.27.so
7ff74d29c000-7ff74d2c5000 r-xp 00000000 08:08 1314420                    /usr/lib/jvm/java-11-openjdk-amd64/lib/libjava.so
7ff74d2c5000-7ff74d4c4000 ---p 00029000 08:08 1314420                    /usr/lib/jvm/java-11-openjdk-amd64/lib/libjava.so
7ff74d4c4000-7ff74d4c5000 r--p 00028000 08:08 1314420                    /usr/lib/jvm/java-11-openjdk-amd64/lib/libjava.so
7ff74d4c5000-7ff74d4c7000 rw-p 00029000 08:08 1314420                    /usr/lib/jvm/java-11-openjdk-amd64/lib/libjava.so
7ff74d4c7000-7ff74d4d4000 r-xp 00000000 08:08 1314440                    /usr/lib/jvm/java-11-openjdk-amd64/lib/libverify.so
7ff74d4d4000-7ff74d6d3000 ---p 0000d000 08:08 1314440                    /usr/lib/jvm/java-11-openjdk-amd64/lib/libverify.so
7ff74d6d3000-7ff74d6d5000 r--p 0000c000 08:08 1314440                    /usr/lib/jvm/java-11-openjdk-amd64/lib/libverify.so
7ff74d6d5000-7ff74d6d6000 rw-p 0000e000 08:08 1314440                    /usr/lib/jvm/java-11-openjdk-amd64/lib/libverify.so
7ff74d6d6000-7ff74d6dd000 r-xp 00000000 08:08 4592513                    /lib/x86_64-linux-gnu/librt-2.27.so
7ff74d6dd000-7ff74d8dc000 ---p 00007000 08:08 4592513                    /lib/x86_64-linux-gnu/librt-2.27.so
7ff74d8dc000-7ff74d8dd000 r--p 00006000 08:08 4592513                    /lib/x86_64-linux-gnu/librt-2.27.so
7ff74d8dd000-7ff74d8de000 rw-p 00007000 08:08 4592513                    /lib/x86_64-linux-gnu/librt-2.27.so
7ff74d8de000-7ff74d8f5000 r-xp 00000000 08:08 4587818                    /lib/x86_64-linux-gnu/libgcc_s.so.1
7ff74d8f5000-7ff74daf4000 ---p 00017000 08:08 4587818                    /lib/x86_64-linux-gnu/libgcc_s.so.1
7ff74daf4000-7ff74daf5000 r--p 00016000 08:08 4587818                    /lib/x86_64-linux-gnu/libgcc_s.so.1
7ff74daf5000-7ff74daf6000 rw-p 00017000 08:08 4587818                    /lib/x86_64-linux-gnu/libgcc_s.so.1
7ff74daf6000-7ff74dc93000 r-xp 00000000 08:08 4592435                    /lib/x86_64-linux-gnu/libm-2.27.so
7ff74dc93000-7ff74de92000 ---p 0019d000 08:08 4592435                    /lib/x86_64-linux-gnu/libm-2.27.so
7ff74de92000-7ff74de93000 r--p 0019c000 08:08 4592435                    /lib/x86_64-linux-gnu/libm-2.27.so
7ff74de93000-7ff74de94000 rw-p 0019d000 08:08 4592435                    /lib/x86_64-linux-gnu/libm-2.27.so
7ff74de94000-7ff74e00d000 r-xp 00000000 08:08 9700561                    /usr/lib/x86_64-linux-gnu/libstdc++.so.6.0.25
7ff74e00d000-7ff74e20d000 ---p 00179000 08:08 9700561                    /usr/lib/x86_64-linux-gnu/libstdc++.so.6.0.25
7ff74e20d000-7ff74e217000 r--p 00179000 08:08 9700561                    /usr/lib/x86_64-linux-gnu/libstdc++.so.6.0.25
7ff74e217000-7ff74e219000 rw-p 00183000 08:08 9700561                    /usr/lib/x86_64-linux-gnu/libstdc++.so.6.0.25
7ff74e219000-7ff74e21d000 rw-p 00000000 00:00 0 
7ff74e21d000-7ff74f2e5000 r-xp 00000000 08:08 1314445                    /usr/lib/jvm/java-11-openjdk-amd64/lib/server/libjvm.so
7ff74f2e5000-7ff74f4e5000 ---p 010c8000 08:08 1314445                    /usr/lib/jvm/java-11-openjdk-amd64/lib/server/libjvm.so
7ff74f4e5000-7ff74f5a2000 r--p 010c8000 08:08 1314445                    /usr/lib/jvm/java-11-openjdk-amd64/lib/server/libjvm.so
7ff74f5a2000-7ff74f5db000 rw-p 01185000 08:08 1314445                    /usr/lib/jvm/java-11-openjdk-amd64/lib/server/libjvm.so
7ff74f5db000-7ff74f631000 rw-p 00000000 00:00 0 
7ff74f631000-7ff74f64b000 r-xp 00000000 08:08 4592505                    /lib/x86_64-linux-gnu/libpthread-2.27.so
7ff74f64b000-7ff74f84a000 ---p 0001a000 08:08 4592505                    /lib/x86_64-linux-gnu/libpthread-2.27.so
7ff74f84a000-7ff74f84b000 r--p 00019000 08:08 4592505                    /lib/x86_64-linux-gnu/libpthread-2.27.so
7ff74f84b000-7ff74f84c000 rw-p 0001a000 08:08 4592505                    /lib/x86_64-linux-gnu/libpthread-2.27.so
7ff74f84c000-7ff74f850000 rw-p 00000000 00:00 0 
7ff74f850000-7ff74f853000 r-xp 00000000 08:08 4592395                    /lib/x86_64-linux-gnu/libdl-2.27.so
7ff74f853000-7ff74fa52000 ---p 00003000 08:08 4592395                    /lib/x86_64-linux-gnu/libdl-2.27.so
7ff74fa52000-7ff74fa53000 r--p 00002000 08:08 4592395                    /lib/x86_64-linux-gnu/libdl-2.27.so
7ff74fa53000-7ff74fa54000 rw-p 00003000 08:08 4592395                    /lib/x86_64-linux-gnu/libdl-2.27.so
7ff74fa54000-7ff74fa70000 r-xp 00000000 08:08 4592544                    /lib/x86_64-linux-gnu/libz.so.1.2.11
7ff74fa70000-7ff74fc6f000 ---p 0001c000 08:08 4592544                    /lib/x86_64-linux-gnu/libz.so.1.2.11
7ff74fc6f000-7ff74fc70000 r--p 0001b000 08:08 4592544                    /lib/x86_64-linux-gnu/libz.so.1.2.11
7ff74fc70000-7ff74fc71000 rw-p 0001c000 08:08 4592544                    /lib/x86_64-linux-gnu/libz.so.1.2.11
7ff74fc71000-7ff74fe58000 r-xp 00000000 08:08 4592372                    /lib/x86_64-linux-gnu/libc-2.27.so
7ff74fe58000-7ff750058000 ---p 001e7000 08:08 4592372                    /lib/x86_64-linux-gnu/libc-2.27.so
7ff750058000-7ff75005c000 r--p 001e7000 08:08 4592372                    /lib/x86_64-linux-gnu/libc-2.27.so
7ff75005c000-7ff75005e000 rw-p 001eb000 08:08 4592372                    /lib/x86_64-linux-gnu/libc-2.27.so
7ff75005e000-7ff750062000 rw-p 00000000 00:00 0 
7ff750062000-7ff750071000 r-xp 00000000 08:08 1314261                    /usr/lib/jvm/java-11-openjdk-amd64/lib/jli/libjli.so
7ff750071000-7ff750271000 ---p 0000f000 08:08 1314261                    /usr/lib/jvm/java-11-openjdk-amd64/lib/jli/libjli.so
7ff750271000-7ff750272000 r--p 0000f000 08:08 1314261                    /usr/lib/jvm/java-11-openjdk-amd64/lib/jli/libjli.so
7ff750272000-7ff750273000 rw-p 00010000 08:08 1314261                    /usr/lib/jvm/java-11-openjdk-amd64/lib/jli/libjli.so
7ff750273000-7ff75029a000 r-xp 00000000 08:08 4592344                    /lib/x86_64-linux-gnu/ld-2.27.so
7ff7502b0000-7ff75037b000 rw-p 00000000 00:00 0 
7ff75037b000-7ff75037f000 ---p 00000000 00:00 0 
7ff75037f000-7ff75047e000 rw-p 00000000 00:00 0 
7ff750480000-7ff750485000 rw-p 00000000 00:00 0 
7ff750485000-7ff75048c000 ---p 00000000 00:00 0 
7ff75048c000-7ff75048e000 r--s 00007000 08:08 10095199                   /usr/share/java/java-atk-wrapper.jar
7ff75048e000-7ff750496000 rw-s 00000000 08:08 9703924                    /tmp/hsperfdata_prasahnt/25934
7ff750496000-7ff750497000 ---p 00000000 00:00 0 
7ff750497000-7ff750498000 r--p 00000000 00:00 0 
7ff750498000-7ff75049a000 rw-p 00000000 00:00 0 
7ff75049a000-7ff75049b000 r--p 00027000 08:08 4592344                    /lib/x86_64-linux-gnu/ld-2.27.so
7ff75049b000-7ff75049c000 rw-p 00028000 08:08 4592344                    /lib/x86_64-linux-gnu/ld-2.27.so
7ff75049c000-7ff75049d000 rw-p 00000000 00:00 0 
7ffe551ae000-7ffe551cf000 rw-p 00000000 00:00 0                          [stack]
7ffe551db000-7ffe551de000 r--p 00000000 00:00 0                          [vvar]
7ffe551de000-7ffe551e0000 r-xp 00000000 00:00 0                          [vdso]
ffffffffff600000-ffffffffff601000 r-xp 00000000 00:00 0                  [vsyscall]


VM Arguments:
jvm_args: -Xmx4g 
java_command: edu.stanford.nlp.pipeline.StanfordCoreNLPServer -port 9047
java_class_path (initial): /home/prasahnt/Desktop/resources/stanford-corenlp-full-2018-10-05/jaxb-api-2.4.0-b180830.0359.jar:/home/prasahnt/Desktop/resources/stanford-corenlp-full-2018-10-05/stanford-corenlp-3.9.2.jar:/home/prasahnt/Desktop/resources/stanford-corenlp-full-2018-10-05/jaxb-impl-2.4.0-b180830.0438-sources.jar:/home/prasahnt/Desktop/resources/stanford-corenlp-full-2018-10-05/xom.jar:/home/prasahnt/Desktop/resources/stanford-corenlp-full-2018-10-05/stanford-corenlp-3.9.2-javadoc.jar:/home/prasahnt/Desktop/resources/stanford-corenlp-full-2018-10-05/javax.json-api-1.0-sources.jar:/home/prasahnt/Desktop/resources/stanford-corenlp-full-2018-10-05/protobuf.jar:/home/prasahnt/Desktop/resources/stanford-corenlp-full-2018-10-05/stanford-corenlp-3.9.2-models.jar:/home/prasahnt/Desktop/resources/stanford-corenlp-full-2018-10-05/joda-time.jar:/home/prasahnt/Desktop/resources/stanford-corenlp-full-2018-10-05/jaxb-core-2.3.0.1-sources.jar:/home/prasahnt/Desktop/resources/stanford-corenlp-full-2018-10-05/jaxb-impl-2.4.0-b180830.0438.jar:/home/prasahnt/Desktop/resources/stanford-corenlp-full-2018-10-05/joda-time-2.9-sources.jar:/home/prasahnt/Desktop/resources/stanford-corenlp-full-2018-10-05/xom-1.2.10-src.jar:/home/prasahnt/Desktop/resources/stanford-corenlp-full-2018-10-05/ejml-0.23.jar:/home/prasahnt/Desktop/resources/stanford-corenlp-full-2018-10-05/slf4j-simple.jar:/home/prasahnt/Desktop/resources/stanford-corenlp-full-2018-10-05/javax.activation-api-1.2.0-sources.jar:/home/prasahnt/Desktop/resources/stanford-corenlp-full-2018-10-05/stanford-corenlp-3.9.2-sources.jar:/home/prasahnt/Desktop/resources/stanford-corenlp-full-2018-10-05/javax.activation-api-1.2.0.jar:/home/prasahnt/Desktop/resources/stanford-corenlp-full-2018-10-05/jollyday-0.4.9-sources.jar:/home/prasahnt/Desktop/resources/stanford-corenlp-full-2018-10-05/jaxb-core-2.3.0.1.jar:/home/prasahnt/Desktop/resources/stanford-corenlp-full-2018-10-05/jaxb-api-2.4.0-b180830.0359-sources.jar:/home/prasahnt/De
Launcher Type: SUN_STANDARD

[Global flags]
     intx CICompilerCount                          = 3                                         {product} {ergonomic}
     uint ConcGCThreads                            = 1                                         {product} {ergonomic}
     uint G1ConcRefinementThreads                  = 4                                         {product} {ergonomic}
   size_t G1HeapRegionSize                         = 1048576                                   {product} {ergonomic}
    uintx GCDrainStackTargetSize                   = 64                                        {product} {ergonomic}
   size_t InitialHeapSize                          = 262144000                                 {product} {ergonomic}
   size_t MarkStackSize                            = 4194304                                   {product} {ergonomic}
   size_t MaxHeapSize                              = 4294967296                                {product} {command line}
   size_t MaxNewSize                               = 2576351232                                {product} {ergonomic}
   size_t MinHeapDeltaBytes                        = 1048576                                   {product} {ergonomic}
    uintx NonNMethodCodeHeapSize                   = 5830092                                {pd product} {ergonomic}
    uintx NonProfiledCodeHeapSize                  = 122914074                              {pd product} {ergonomic}
    uintx ProfiledCodeHeapSize                     = 122914074                              {pd product} {ergonomic}
    uintx ReservedCodeCacheSize                    = 251658240                              {pd product} {ergonomic}
     bool SegmentedCodeCache                       = true                                      {product} {ergonomic}
     bool UseCompressedClassPointers               = true                                 {lp64_product} {ergonomic}
     bool UseCompressedOops                        = true                                 {lp64_product} {ergonomic}
     bool UseG1GC                                  = true                                      {product} {ergonomic}

Logging:
Log output configuration:
 #0: stdout all=warning uptime,level,tags
 #1: stderr all=off uptime,level,tags

Environment Variables:
PATH=/home/prasahnt/anaconda3/envs/handwriting/bin:/home/prasahnt/anaconda3/condabin:/home/prasahnt/anaconda3/bin:/home/prasahnt/.local/bin:/usr/local/sbin:/usr/local/bin:/usr/sbin:/usr/bin:/sbin:/bin:/usr/games:/usr/local/games:/snap/bin
USERNAME=prasahnt
SHELL=/bin/bash
DISPLAY=:0

Signal Handlers:
SIGSEGV: [libjvm.so+0xde2f90], sa_mask[0]=11111111011111111101111111111110, sa_flags=SA_RESTART|SA_SIGINFO
SIGBUS: [libjvm.so+0xde2f90], sa_mask[0]=11111111011111111101111111111110, sa_flags=SA_RESTART|SA_SIGINFO
SIGFPE: [libjvm.so+0xde2f90], sa_mask[0]=11111111011111111101111111111110, sa_flags=SA_RESTART|SA_SIGINFO
SIGPIPE: [libjvm.so+0xbb85d0], sa_mask[0]=11111111011111111101111111111110, sa_flags=SA_RESTART|SA_SIGINFO
SIGXFSZ: [libjvm.so+0xbb85d0], sa_mask[0]=11111111011111111101111111111110, sa_flags=SA_RESTART|SA_SIGINFO
SIGILL: [libjvm.so+0xde2f90], sa_mask[0]=11111111011111111101111111111110, sa_flags=SA_RESTART|SA_SIGINFO
SIGUSR2: [libjvm.so+0xbb8470], sa_mask[0]=00000000000000000000000000000000, sa_flags=SA_RESTART|SA_SIGINFO
SIGHUP: [libjvm.so+0xbb87d0], sa_mask[0]=11111111011111111101111111111110, sa_flags=SA_RESTART|SA_SIGINFO
SIGINT: [libjvm.so+0xbb87d0], sa_mask[0]=11111111011111111101111111111110, sa_flags=SA_RESTART|SA_SIGINFO
SIGTERM: [libjvm.so+0xbb87d0], sa_mask[0]=11111111011111111101111111111110, sa_flags=SA_RESTART|SA_SIGINFO
SIGQUIT: [libjvm.so+0xbb87d0], sa_mask[0]=11111111011111111101111111111110, sa_flags=SA_RESTART|SA_SIGINFO


---------------  S Y S T E M  ---------------

OS:DISTRIB_ID=Ubuntu
DISTRIB_RELEASE=18.04
DISTRIB_CODENAME=bionic
DISTRIB_DESCRIPTION="Ubuntu 18.04.2 LTS"
uname:Linux 4.18.0-20-generic #21~18.04.1-Ubuntu SMP Wed May 8 08:43:37 UTC 2019 x86_64
libc:glibc 2.27 NPTL 2.27 
rlimit: STACK 8192k, CORE 0k, NPROC 62668, NOFILE 4096, AS infinity, DATA infinity, FSIZE infinity
load average:1.28 1.10 1.09

/proc/meminfo:
MemTotal:       16315008 kB
MemFree:          140600 kB
MemAvailable:     263800 kB
Buffers:           22972 kB
Cached:           509988 kB
SwapCached:        24924 kB
Active:         14298912 kB
Inactive:        1399648 kB
Active(anon):   14068476 kB
Inactive(anon):  1278868 kB
Active(file):     230436 kB
Inactive(file):   120780 kB
Unevictable:          48 kB
Mlocked:              48 kB
SwapTotal:       2097148 kB
SwapFree:          37048 kB
Dirty:               784 kB
Writeback:         14344 kB
AnonPages:      15141012 kB
Mapped:           345032 kB
Shmem:            205420 kB
Slab:             155264 kB
SReclaimable:      59928 kB
SUnreclaim:        95336 kB
KernelStack:       41136 kB
PageTables:       139136 kB
NFS_Unstable:          0 kB
Bounce:                0 kB
WritebackTmp:          0 kB
CommitLimit:    10254652 kB
Committed_AS:   37166660 kB
VmallocTotal:   34359738367 kB
VmallocUsed:           0 kB
VmallocChunk:          0 kB
HardwareCorrupted:     0 kB
AnonHugePages:         0 kB
ShmemHugePages:        0 kB
ShmemPmdMapped:        0 kB
CmaTotal:              0 kB
CmaFree:               0 kB
HugePages_Total:       0
HugePages_Free:        0
HugePages_Rsvd:        0
HugePages_Surp:        0
Hugepagesize:       2048 kB
Hugetlb:               0 kB
DirectMap4k:      415964 kB
DirectMap2M:    16250880 kB
DirectMap1G:     1048576 kB


/proc/sys/kernel/threads-max (system-wide limit on the number of threads):
125336


/proc/sys/vm/max_map_count (maximum number of memory map areas a process may have):
65530


/proc/sys/kernel/pid_max (system-wide limit on number of process identifiers):
32768



container (cgroup) information:
container_type: cgroupv1
cpu_cpuset_cpus: 0-3
cpu_memory_nodes: 0
active_processor_count: 4
cpu_quota: -1
cpu_period: 100000
cpu_shares: -1
memory_limit_in_bytes: -1
memory_and_swap_limit_in_bytes: -2
memory_soft_limit_in_bytes: -1
memory_usage_in_bytes: 16066359296
memory_max_usage_in_bytes: 0


CPU:total 4 (initial active 4) (2 cores per cpu, 2 threads per core) family 6 model 78 stepping 3, cmov, cx8, fxsr, mmx, sse, sse2, sse3, ssse3, sse4.1, sse4.2, popcnt, avx, avx2, aes, clmul, erms, 3dnowpref, lzcnt, ht, tsc, tscinvbit, bmi1, bmi2, adx, fma
CPU Model and flags from /proc/cpuinfo:
model name	: Intel(R) Core(TM) i5-6200U CPU @ 2.30GHz
flags		: fpu vme de pse tsc msr pae mce cx8 apic sep mtrr pge mca cmov pat pse36 clflush dts acpi mmx fxsr sse sse2 ss ht tm pbe syscall nx pdpe1gb rdtscp lm constant_tsc art arch_perfmon pebs bts rep_good nopl xtopology nonstop_tsc cpuid aperfmperf tsc_known_freq pni pclmulqdq dtes64 monitor ds_cpl vmx est tm2 ssse3 sdbg fma cx16 xtpr pdcm pcid sse4_1 sse4_2 x2apic movbe popcnt tsc_deadline_timer aes xsave avx f16c rdrand lahf_lm abm 3dnowprefetch cpuid_fault epb invpcid_single pti ssbd ibrs ibpb stibp tpr_shadow vnmi flexpriority ept vpid fsgsbase tsc_adjust bmi1 avx2 smep bmi2 erms invpcid mpx rdseed adx smap clflushopt intel_pt xsaveopt xsavec xgetbv1 xsaves dtherm ida arat pln pts hwp hwp_notify hwp_act_window hwp_epp md_clear flush_l1d

Memory: 4k page, physical 16315008k(140600k free), swap 2097148k(37048k free)

vm_info: OpenJDK 64-Bit Server VM (11.0.3+7-Ubuntu-1ubuntu218.04.1) for linux-amd64 JRE (11.0.3+7-Ubuntu-1ubuntu218.04.1), built on Apr 23 2019 18:34:35 by "buildd" with gcc 7.3.0

END.
